{"uid":"4b4757e66a1912dae1a509f688f20b0f","children":[{"name":"Test defects","children":[{"name":"selenium.common.exceptions.NoSuchElementException: Message: no such element: Unable to locate element: {\"method\":\"xpath\",\"selector\":\"//H1[text()='Morocco']\"}\n  (Session info: chrome=131.0.6778.70); For documentation on this error, please visit: https://www.selenium.dev/documentation/webdriver/troubleshooting/errors#no-such-element-exception\nStacktrace:\n0   chromedriver                        0x000000010514d548 cxxbridge1$str$ptr + 3618920\n1   chromedriver                        0x0000000105145d98 cxxbridge1$str$ptr + 3588280\n2   chromedriver                        0x0000000104bb49c4 cxxbridge1$string$len + 89228\n3   chromedriver                        0x0000000104bf8da8 cxxbridge1$string$len + 368752\n4   chromedriver                        0x0000000104c3254c cxxbridge1$string$len + 604180\n5   chromedriver                        0x0000000104bed5c0 cxxbridge1$string$len + 321672\n6   chromedriver                        0x0000000104bee210 cxxbridge1$string$len + 324824\n7   chromedriver                        0x00000001051194bc cxxbridge1$str$ptr + 3405788\n8   chromedriver                        0x000000010511c7dc cxxbridge1$str$ptr + 3418876\n9   chromedriver                        0x0000000105100130 cxxbridge1$str$ptr + 3302480\n10  chromedriver                        0x000000010511d09c cxxbridge1$str$ptr + 3421116\n11  chromedriver                        0x00000001050f1888 cxxbridge1$str$ptr + 3242920\n12  chromedriver                        0x00000001051369c8 cxxbridge1$str$ptr + 3525864\n13  chromedriver                        0x0000000105136b44 cxxbridge1$str$ptr + 3526244\n14  chromedriver                        0x0000000105145a0c cxxbridge1$str$ptr + 3587372\n15  libsystem_pthread.dylib             0x000000019c9232e4 _pthread_start + 136\n16  libsystem_pthread.dylib             0x000000019c91e0fc thread_start + 8\n\n","children":[{"name":"Create a new project","uid":"fca5e3700d5a3821","parentUid":"95cd8778c9929fa7111272af2624f0e4","status":"broken","time":{"start":1732867383174,"stop":1732867394619,"duration":11445},"flaky":false,"newFailed":false,"newPassed":false,"newBroken":false,"retriesCount":0,"retriesStatusChange":false,"parameters":[],"tags":["project"]}],"uid":"95cd8778c9929fa7111272af2624f0e4"},{"name":"selenium.common.exceptions.ElementClickInterceptedException: Message: element click intercepted: Element <button type=\"button\" aria-hidden=\"false\" data-supports-active-task=\"true\" class=\"plus_add_button\">...</button> is not clickable at point (722, 476). Other element would receive the click: <div class=\"view_content\" data-empty-view=\"false\">...</div>\n  (Session info: chrome=131.0.6778.70)\nStacktrace:\n0   chromedriver                        0x000000010514d548 cxxbridge1$str$ptr + 3618920\n1   chromedriver                        0x0000000105145d98 cxxbridge1$str$ptr + 3588280\n2   chromedriver                        0x0000000104bb49c4 cxxbridge1$string$len + 89228\n3   chromedriver                        0x0000000104bfe63c cxxbridge1$string$len + 391428\n4   chromedriver                        0x0000000104bfcc8c cxxbridge1$string$len + 384852\n5   chromedriver                        0x0000000104bfabd0 cxxbridge1$string$len + 376472\n6   chromedriver                        0x0000000104bfa008 cxxbridge1$string$len + 373456\n7   chromedriver                        0x0000000104bef4cc cxxbridge1$string$len + 329620\n8   chromedriver                        0x0000000104beef20 cxxbridge1$string$len + 328168\n9   chromedriver                        0x0000000104c3254c cxxbridge1$string$len + 604180\n10  chromedriver                        0x0000000104bed5c0 cxxbridge1$string$len + 321672\n11  chromedriver                        0x0000000104bee210 cxxbridge1$string$len + 324824\n12  chromedriver                        0x00000001051194bc cxxbridge1$str$ptr + 3405788\n13  chromedriver                        0x000000010511c7dc cxxbridge1$str$ptr + 3418876\n14  chromedriver                        0x0000000105100130 cxxbridge1$str$ptr + 3302480\n15  chromedriver                        0x000000010511d09c cxxbridge1$str$ptr + 3421116\n16  chromedriver                        0x00000001050f1888 cxxbridge1$str$ptr + 3242920\n17  chromedriver                        0x00000001051369c8 cxxbridge1$str$ptr + 3525864\n18  chromedriver                        0x0000000105136b44 cxxbridge1$str$ptr + 3526244\n19  chromedriver                        0x0000000105145a0c cxxbridge1$str$ptr + 3587372\n20  libsystem_pthread.dylib             0x000000019c9232e4 _pthread_start + 136\n21  libsystem_pthread.dylib             0x000000019c91e0fc thread_start + 8\n\n","children":[{"name":"Create a new task -- @1.1 ","uid":"27dc45863fc48320","parentUid":"bb5516474523b54ea933dd2296521f0b","status":"broken","time":{"start":1732867394620,"stop":1732867398073,"duration":3453},"flaky":false,"newFailed":false,"newPassed":false,"newBroken":false,"retriesCount":0,"retriesStatusChange":false,"parameters":["2"],"tags":["task"]}],"uid":"bb5516474523b54ea933dd2296521f0b"}],"uid":"bdbf199525818fae7a8651db9eafe741"}],"name":"categories"}