{"uid":"4b4757e66a1912dae1a509f688f20b0f","children":[{"name":"Test defects","children":[{"name":"selenium.common.exceptions.NoSuchElementException: Message: no such element: Unable to locate element: {\"method\":\"xpath\",\"selector\":\"//H1[text()='Slovenia']\"}\n  (Session info: chrome=131.0.6778.70); For documentation on this error, please visit: https://www.selenium.dev/documentation/webdriver/troubleshooting/errors#no-such-element-exception\nStacktrace:\n0   chromedriver                        0x0000000100bc1548 cxxbridge1$str$ptr + 3618920\n1   chromedriver                        0x0000000100bb9d98 cxxbridge1$str$ptr + 3588280\n2   chromedriver                        0x00000001006289c4 cxxbridge1$string$len + 89228\n3   chromedriver                        0x000000010066cda8 cxxbridge1$string$len + 368752\n4   chromedriver                        0x00000001006a654c cxxbridge1$string$len + 604180\n5   chromedriver                        0x00000001006615c0 cxxbridge1$string$len + 321672\n6   chromedriver                        0x0000000100662210 cxxbridge1$string$len + 324824\n7   chromedriver                        0x0000000100b8d4bc cxxbridge1$str$ptr + 3405788\n8   chromedriver                        0x0000000100b907dc cxxbridge1$str$ptr + 3418876\n9   chromedriver                        0x0000000100b74130 cxxbridge1$str$ptr + 3302480\n10  chromedriver                        0x0000000100b9109c cxxbridge1$str$ptr + 3421116\n11  chromedriver                        0x0000000100b65888 cxxbridge1$str$ptr + 3242920\n12  chromedriver                        0x0000000100baa9c8 cxxbridge1$str$ptr + 3525864\n13  chromedriver                        0x0000000100baab44 cxxbridge1$str$ptr + 3526244\n14  chromedriver                        0x0000000100bb9a0c cxxbridge1$str$ptr + 3587372\n15  libsystem_pthread.dylib             0x000000019b4472e4 _pthread_start + 136\n16  libsystem_pthread.dylib             0x000000019b4420fc thread_start + 8\n\n","children":[{"name":"Create a new project","uid":"fddd7a7c9a4494c4","parentUid":"2b26830cb63b459801b82823536961e5","status":"broken","time":{"start":1732867229619,"stop":1732867239640,"duration":10021},"flaky":false,"newFailed":false,"newPassed":false,"newBroken":false,"retriesCount":0,"retriesStatusChange":false,"parameters":[],"tags":["project"]}],"uid":"2b26830cb63b459801b82823536961e5"},{"name":"selenium.common.exceptions.ElementClickInterceptedException: Message: element click intercepted: Element <button type=\"button\" aria-hidden=\"false\" data-supports-active-task=\"true\" class=\"plus_add_button\">...</button> is not clickable at point (722, 515). Other element would receive the click: <div class=\"view_content\" data-empty-view=\"false\">...</div>\n  (Session info: chrome=131.0.6778.70)\nStacktrace:\n0   chromedriver                        0x0000000100bc1548 cxxbridge1$str$ptr + 3618920\n1   chromedriver                        0x0000000100bb9d98 cxxbridge1$str$ptr + 3588280\n2   chromedriver                        0x00000001006289c4 cxxbridge1$string$len + 89228\n3   chromedriver                        0x000000010067263c cxxbridge1$string$len + 391428\n4   chromedriver                        0x0000000100670c8c cxxbridge1$string$len + 384852\n5   chromedriver                        0x000000010066ebd0 cxxbridge1$string$len + 376472\n6   chromedriver                        0x000000010066e008 cxxbridge1$string$len + 373456\n7   chromedriver                        0x00000001006634cc cxxbridge1$string$len + 329620\n8   chromedriver                        0x0000000100662f20 cxxbridge1$string$len + 328168\n9   chromedriver                        0x00000001006a654c cxxbridge1$string$len + 604180\n10  chromedriver                        0x00000001006615c0 cxxbridge1$string$len + 321672\n11  chromedriver                        0x0000000100662210 cxxbridge1$string$len + 324824\n12  chromedriver                        0x0000000100b8d4bc cxxbridge1$str$ptr + 3405788\n13  chromedriver                        0x0000000100b907dc cxxbridge1$str$ptr + 3418876\n14  chromedriver                        0x0000000100b74130 cxxbridge1$str$ptr + 3302480\n15  chromedriver                        0x0000000100b9109c cxxbridge1$str$ptr + 3421116\n16  chromedriver                        0x0000000100b65888 cxxbridge1$str$ptr + 3242920\n17  chromedriver                        0x0000000100baa9c8 cxxbridge1$str$ptr + 3525864\n18  chromedriver                        0x0000000100baab44 cxxbridge1$str$ptr + 3526244\n19  chromedriver                        0x0000000100bb9a0c cxxbridge1$str$ptr + 3587372\n20  libsystem_pthread.dylib             0x000000019b4472e4 _pthread_start + 136\n21  libsystem_pthread.dylib             0x000000019b4420fc thread_start + 8\n\n","children":[{"name":"Create a new task -- @1.1 ","uid":"e853d7d6dab0058f","parentUid":"fab28288603863038758413301406bd3","status":"broken","time":{"start":1732867239641,"stop":1732867242811,"duration":3170},"flaky":false,"newFailed":false,"newPassed":false,"newBroken":false,"retriesCount":0,"retriesStatusChange":false,"parameters":["2"],"tags":["task"]}],"uid":"fab28288603863038758413301406bd3"}],"uid":"bdbf199525818fae7a8651db9eafe741"}],"name":"categories"}