{"uid":"bf16bbf368e61c55","name":"Create a new project","fullName":"Create a new project functionallity: Create a new project","historyId":"4f58df25b086a153a002d94d045fa8b0","time":{"start":1732868799732,"stop":1732868809151,"duration":9419},"status":"broken","statusMessage":"selenium.common.exceptions.NoSuchElementException: Message: no such element: Unable to locate element: {\"method\":\"xpath\",\"selector\":\"//H1[text()='Afghanistan']\"}\n  (Session info: chrome=131.0.6778.70); For documentation on this error, please visit: https://www.selenium.dev/documentation/webdriver/troubleshooting/errors#no-such-element-exception\nStacktrace:\n0   chromedriver                        0x0000000101375548 cxxbridge1$str$ptr + 3618920\n1   chromedriver                        0x000000010136dd98 cxxbridge1$str$ptr + 3588280\n2   chromedriver                        0x0000000100ddc9c4 cxxbridge1$string$len + 89228\n3   chromedriver                        0x0000000100e20da8 cxxbridge1$string$len + 368752\n4   chromedriver                        0x0000000100e5a54c cxxbridge1$string$len + 604180\n5   chromedriver                        0x0000000100e155c0 cxxbridge1$string$len + 321672\n6   chromedriver                        0x0000000100e16210 cxxbridge1$string$len + 324824\n7   chromedriver                        0x00000001013414bc cxxbridge1$str$ptr + 3405788\n8   chromedriver                        0x00000001013447dc cxxbridge1$str$ptr + 3418876\n9   chromedriver                        0x0000000101328130 cxxbridge1$str$ptr + 3302480\n10  chromedriver                        0x000000010134509c cxxbridge1$str$ptr + 3421116\n11  chromedriver                        0x0000000101319888 cxxbridge1$str$ptr + 3242920\n12  chromedriver                        0x000000010135e9c8 cxxbridge1$str$ptr + 3525864\n13  chromedriver                        0x000000010135eb44 cxxbridge1$str$ptr + 3526244\n14  chromedriver                        0x000000010136da0c cxxbridge1$str$ptr + 3587372\n15  libsystem_pthread.dylib             0x000000019f4b32e4 _pthread_start + 136\n16  libsystem_pthread.dylib             0x000000019f4ae0fc thread_start + 8\n\n","statusTrace":"  File \"/home/runner/.cache/pypoetry/virtualenvs/todoist-test-Iz2mgPfl-py3.11/lib/python3.11/site-packages/behave/model.py\", line 1329, in run\n    match.run(runner.context)\n  File \"/home/runner/.cache/pypoetry/virtualenvs/todoist-test-Iz2mgPfl-py3.11/lib/python3.11/site-packages/behave/matchers.py\", line 98, in run\n    self.func(context, *args, **kwargs)\n  File \"tests/ui/steps/project_steps.py\", line 25, in step_validate_the_project\n    assert context.project_page.driver.find_element(*txt_project_name).is_displayed()\n           ^^^^^^^^^^^^^^^^^^^^^^^^^^^^^^^^^^^^^^^^^^^^^^^^^^^^^^^^^^^\n  File \"/home/runner/.cache/pypoetry/virtualenvs/todoist-test-Iz2mgPfl-py3.11/lib/python3.11/site-packages/selenium/webdriver/remote/webdriver.py\", line 770, in find_element\n    return self.execute(Command.FIND_ELEMENT, {\"using\": by, \"value\": value})[\"value\"]\n           ^^^^^^^^^^^^^^^^^^^^^^^^^^^^^^^^^^^^^^^^^^^^^^^^^^^^^^^^^^^^^^^^^\n  File \"/home/runner/.cache/pypoetry/virtualenvs/todoist-test-Iz2mgPfl-py3.11/lib/python3.11/site-packages/selenium/webdriver/remote/webdriver.py\", line 384, in execute\n    self.error_handler.check_response(response)\n  File \"/home/runner/.cache/pypoetry/virtualenvs/todoist-test-Iz2mgPfl-py3.11/lib/python3.11/site-packages/selenium/webdriver/remote/errorhandler.py\", line 232, in check_response\n    raise exception_class(message, screen, stacktrace)\n","flaky":false,"newFailed":false,"newBroken":false,"newPassed":false,"retriesCount":0,"retriesStatusChange":false,"beforeStages":[],"testStage":{"status":"broken","statusMessage":"selenium.common.exceptions.NoSuchElementException: Message: no such element: Unable to locate element: {\"method\":\"xpath\",\"selector\":\"//H1[text()='Afghanistan']\"}\n  (Session info: chrome=131.0.6778.70); For documentation on this error, please visit: https://www.selenium.dev/documentation/webdriver/troubleshooting/errors#no-such-element-exception\nStacktrace:\n0   chromedriver                        0x0000000101375548 cxxbridge1$str$ptr + 3618920\n1   chromedriver                        0x000000010136dd98 cxxbridge1$str$ptr + 3588280\n2   chromedriver                        0x0000000100ddc9c4 cxxbridge1$string$len + 89228\n3   chromedriver                        0x0000000100e20da8 cxxbridge1$string$len + 368752\n4   chromedriver                        0x0000000100e5a54c cxxbridge1$string$len + 604180\n5   chromedriver                        0x0000000100e155c0 cxxbridge1$string$len + 321672\n6   chromedriver                        0x0000000100e16210 cxxbridge1$string$len + 324824\n7   chromedriver                        0x00000001013414bc cxxbridge1$str$ptr + 3405788\n8   chromedriver                        0x00000001013447dc cxxbridge1$str$ptr + 3418876\n9   chromedriver                        0x0000000101328130 cxxbridge1$str$ptr + 3302480\n10  chromedriver                        0x000000010134509c cxxbridge1$str$ptr + 3421116\n11  chromedriver                        0x0000000101319888 cxxbridge1$str$ptr + 3242920\n12  chromedriver                        0x000000010135e9c8 cxxbridge1$str$ptr + 3525864\n13  chromedriver                        0x000000010135eb44 cxxbridge1$str$ptr + 3526244\n14  chromedriver                        0x000000010136da0c cxxbridge1$str$ptr + 3587372\n15  libsystem_pthread.dylib             0x000000019f4b32e4 _pthread_start + 136\n16  libsystem_pthread.dylib             0x000000019f4ae0fc thread_start + 8\n\n","statusTrace":"  File \"/home/runner/.cache/pypoetry/virtualenvs/todoist-test-Iz2mgPfl-py3.11/lib/python3.11/site-packages/behave/model.py\", line 1329, in run\n    match.run(runner.context)\n  File \"/home/runner/.cache/pypoetry/virtualenvs/todoist-test-Iz2mgPfl-py3.11/lib/python3.11/site-packages/behave/matchers.py\", line 98, in run\n    self.func(context, *args, **kwargs)\n  File \"tests/ui/steps/project_steps.py\", line 25, in step_validate_the_project\n    assert context.project_page.driver.find_element(*txt_project_name).is_displayed()\n           ^^^^^^^^^^^^^^^^^^^^^^^^^^^^^^^^^^^^^^^^^^^^^^^^^^^^^^^^^^^\n  File \"/home/runner/.cache/pypoetry/virtualenvs/todoist-test-Iz2mgPfl-py3.11/lib/python3.11/site-packages/selenium/webdriver/remote/webdriver.py\", line 770, in find_element\n    return self.execute(Command.FIND_ELEMENT, {\"using\": by, \"value\": value})[\"value\"]\n           ^^^^^^^^^^^^^^^^^^^^^^^^^^^^^^^^^^^^^^^^^^^^^^^^^^^^^^^^^^^^^^^^^\n  File \"/home/runner/.cache/pypoetry/virtualenvs/todoist-test-Iz2mgPfl-py3.11/lib/python3.11/site-packages/selenium/webdriver/remote/webdriver.py\", line 384, in execute\n    self.error_handler.check_response(response)\n  File \"/home/runner/.cache/pypoetry/virtualenvs/todoist-test-Iz2mgPfl-py3.11/lib/python3.11/site-packages/selenium/webdriver/remote/errorhandler.py\", line 232, in check_response\n    raise exception_class(message, screen, stacktrace)\n","steps":[{"name":"Given the user navigates to the login page","time":{"start":1732868799733,"stop":1732868799930,"duration":197},"status":"passed","steps":[],"attachments":[],"parameters":[],"shouldDisplayMessage":false,"stepsCount":0,"attachmentsCount":0,"hasContent":false,"attachmentStep":false},{"name":"When the user logs in with valid credentials","time":{"start":1732868799930,"stop":1732868800306,"duration":376},"status":"passed","steps":[],"attachments":[],"parameters":[],"shouldDisplayMessage":false,"stepsCount":0,"attachmentsCount":0,"hasContent":false,"attachmentStep":false},{"name":"When the user click the new project button","time":{"start":1732868800306,"stop":1732868802981,"duration":2675},"status":"passed","steps":[],"attachments":[],"parameters":[],"shouldDisplayMessage":false,"stepsCount":0,"attachmentsCount":0,"hasContent":false,"attachmentStep":false},{"name":"When the user create a project","time":{"start":1732868802981,"stop":1732868804086,"duration":1105},"status":"passed","steps":[],"attachments":[],"parameters":[],"shouldDisplayMessage":false,"stepsCount":0,"attachmentsCount":0,"hasContent":false,"attachmentStep":false},{"name":"Then the user validates the project data","time":{"start":1732868804086,"stop":1732868809151,"duration":5065},"status":"broken","statusMessage":"selenium.common.exceptions.NoSuchElementException: Message: no such element: Unable to locate element: {\"method\":\"xpath\",\"selector\":\"//H1[text()='Afghanistan']\"}\n  (Session info: chrome=131.0.6778.70); For documentation on this error, please visit: https://www.selenium.dev/documentation/webdriver/troubleshooting/errors#no-such-element-exception\nStacktrace:\n0   chromedriver                        0x0000000101375548 cxxbridge1$str$ptr + 3618920\n1   chromedriver                        0x000000010136dd98 cxxbridge1$str$ptr + 3588280\n2   chromedriver                        0x0000000100ddc9c4 cxxbridge1$string$len + 89228\n3   chromedriver                        0x0000000100e20da8 cxxbridge1$string$len + 368752\n4   chromedriver                        0x0000000100e5a54c cxxbridge1$string$len + 604180\n5   chromedriver                        0x0000000100e155c0 cxxbridge1$string$len + 321672\n6   chromedriver                        0x0000000100e16210 cxxbridge1$string$len + 324824\n7   chromedriver                        0x00000001013414bc cxxbridge1$str$ptr + 3405788\n8   chromedriver                        0x00000001013447dc cxxbridge1$str$ptr + 3418876\n9   chromedriver                        0x0000000101328130 cxxbridge1$str$ptr + 3302480\n10  chromedriver                        0x000000010134509c cxxbridge1$str$ptr + 3421116\n11  chromedriver                        0x0000000101319888 cxxbridge1$str$ptr + 3242920\n12  chromedriver                        0x000000010135e9c8 cxxbridge1$str$ptr + 3525864\n13  chromedriver                        0x000000010135eb44 cxxbridge1$str$ptr + 3526244\n14  chromedriver                        0x000000010136da0c cxxbridge1$str$ptr + 3587372\n15  libsystem_pthread.dylib             0x000000019f4b32e4 _pthread_start + 136\n16  libsystem_pthread.dylib             0x000000019f4ae0fc thread_start + 8\n\n","statusTrace":"  File \"/home/runner/.cache/pypoetry/virtualenvs/todoist-test-Iz2mgPfl-py3.11/lib/python3.11/site-packages/behave/model.py\", line 1329, in run\n    match.run(runner.context)\n  File \"/home/runner/.cache/pypoetry/virtualenvs/todoist-test-Iz2mgPfl-py3.11/lib/python3.11/site-packages/behave/matchers.py\", line 98, in run\n    self.func(context, *args, **kwargs)\n  File \"tests/ui/steps/project_steps.py\", line 25, in step_validate_the_project\n    assert context.project_page.driver.find_element(*txt_project_name).is_displayed()\n           ^^^^^^^^^^^^^^^^^^^^^^^^^^^^^^^^^^^^^^^^^^^^^^^^^^^^^^^^^^^\n  File \"/home/runner/.cache/pypoetry/virtualenvs/todoist-test-Iz2mgPfl-py3.11/lib/python3.11/site-packages/selenium/webdriver/remote/webdriver.py\", line 770, in find_element\n    return self.execute(Command.FIND_ELEMENT, {\"using\": by, \"value\": value})[\"value\"]\n           ^^^^^^^^^^^^^^^^^^^^^^^^^^^^^^^^^^^^^^^^^^^^^^^^^^^^^^^^^^^^^^^^^\n  File \"/home/runner/.cache/pypoetry/virtualenvs/todoist-test-Iz2mgPfl-py3.11/lib/python3.11/site-packages/selenium/webdriver/remote/webdriver.py\", line 384, in execute\n    self.error_handler.check_response(response)\n  File \"/home/runner/.cache/pypoetry/virtualenvs/todoist-test-Iz2mgPfl-py3.11/lib/python3.11/site-packages/selenium/webdriver/remote/errorhandler.py\", line 232, in check_response\n    raise exception_class(message, screen, stacktrace)\n","steps":[],"attachments":[],"parameters":[],"shouldDisplayMessage":true,"stepsCount":0,"attachmentsCount":0,"hasContent":true,"attachmentStep":false}],"attachments":[],"parameters":[],"shouldDisplayMessage":false,"stepsCount":5,"attachmentsCount":0,"hasContent":true,"attachmentStep":false},"afterStages":[],"labels":[{"name":"severity","value":"normal"},{"name":"tag","value":"project"},{"name":"feature","value":"Create a new project functionallity"},{"name":"framework","value":"behave"},{"name":"language","value":"cpython3"},{"name":"resultFormat","value":"allure2"}],"parameters":[],"links":[],"hidden":false,"retry":false,"extra":{"severity":"normal","retries":[],"categories":[{"name":"Test defects","matchedStatuses":[],"flaky":false}],"tags":["project"]},"source":"bf16bbf368e61c55.json","parameterValues":[]}