{"uid":"4b4757e66a1912dae1a509f688f20b0f","children":[{"name":"Test defects","children":[{"name":"selenium.common.exceptions.NoSuchElementException: Message: no such element: Unable to locate element: {\"method\":\"xpath\",\"selector\":\"//H1[text()='Today']\"}\n  (Session info: chrome=131.0.6778.70); For documentation on this error, please visit: https://www.selenium.dev/documentation/webdriver/troubleshooting/errors#no-such-element-exception\nStacktrace:\n\tGetHandleVerifier [0x00007FF725C92775+28773]\n\t(No symbol) [0x00007FF725BFAFB0]\n\t(No symbol) [0x00007FF725A9552A]\n\t(No symbol) [0x00007FF725AE8EAE]\n\t(No symbol) [0x00007FF725AE919C]\n\t(No symbol) [0x00007FF725B323F7]\n\t(No symbol) [0x00007FF725B0EFDF]\n\t(No symbol) [0x00007FF725B2F1A4]\n\t(No symbol) [0x00007FF725B0ED43]\n\t(No symbol) [0x00007FF725ADA548]\n\t(No symbol) [0x00007FF725ADB6B1]\n\tGetHandleVerifier [0x00007FF725FBF45D+3358029]\n\tGetHandleVerifier [0x00007FF725FD430D+3443709]\n\tGetHandleVerifier [0x00007FF725FC83FD+3394797]\n\tGetHandleVerifier [0x00007FF725D5929B+842635]\n\t(No symbol) [0x00007FF725C0654F]\n\t(No symbol) [0x00007FF725C01FA4]\n\t(No symbol) [0x00007FF725C0213D]\n\t(No symbol) [0x00007FF725BF1629]\n\tBaseThreadInitThunk [0x00007FF92E897034+20]\n\tRtlUserThreadStart [0x00007FF930062651+33]\n\n","children":[{"name":"Successful Login","uid":"b72186cbb575bf6","parentUid":"ad9f58f1eb13c7f5b5cfb210a6b9e319","status":"broken","time":{"start":1732868838232,"stop":1732868846772,"duration":8540},"flaky":false,"newFailed":false,"newPassed":false,"newBroken":false,"retriesCount":0,"retriesStatusChange":false,"parameters":[],"tags":["successful_login","login"]}],"uid":"ad9f58f1eb13c7f5b5cfb210a6b9e319"},{"name":"selenium.common.exceptions.NoSuchElementException: Message: no such element: Unable to locate element: {\"method\":\"xpath\",\"selector\":\"//H1[text()='Timor-Leste']\"}\n  (Session info: chrome=131.0.6778.70); For documentation on this error, please visit: https://www.selenium.dev/documentation/webdriver/troubleshooting/errors#no-such-element-exception\nStacktrace:\n\tGetHandleVerifier [0x00007FF725C92775+28773]\n\t(No symbol) [0x00007FF725BFAFB0]\n\t(No symbol) [0x00007FF725A9552A]\n\t(No symbol) [0x00007FF725AE8EAE]\n\t(No symbol) [0x00007FF725AE919C]\n\t(No symbol) [0x00007FF725B323F7]\n\t(No symbol) [0x00007FF725B0EFDF]\n\t(No symbol) [0x00007FF725B2F1A4]\n\t(No symbol) [0x00007FF725B0ED43]\n\t(No symbol) [0x00007FF725ADA548]\n\t(No symbol) [0x00007FF725ADB6B1]\n\tGetHandleVerifier [0x00007FF725FBF45D+3358029]\n\tGetHandleVerifier [0x00007FF725FD430D+3443709]\n\tGetHandleVerifier [0x00007FF725FC83FD+3394797]\n\tGetHandleVerifier [0x00007FF725D5929B+842635]\n\t(No symbol) [0x00007FF725C0654F]\n\t(No symbol) [0x00007FF725C01FA4]\n\t(No symbol) [0x00007FF725C0213D]\n\t(No symbol) [0x00007FF725BF1629]\n\tBaseThreadInitThunk [0x00007FF92E897034+20]\n\tRtlUserThreadStart [0x00007FF930062651+33]\n\n","children":[{"name":"Create a new project","uid":"2e2dbfff05063606","parentUid":"4563dd9fce5db667242465c7fe6024fe","status":"broken","time":{"start":1732868854722,"stop":1732868874163,"duration":19441},"flaky":false,"newFailed":false,"newPassed":false,"newBroken":false,"retriesCount":0,"retriesStatusChange":false,"parameters":[],"tags":["project"]}],"uid":"4563dd9fce5db667242465c7fe6024fe"}],"uid":"bdbf199525818fae7a8651db9eafe741"}],"name":"categories"}