{"uid":"4b4757e66a1912dae1a509f688f20b0f","children":[{"name":"Test defects","children":[{"name":"selenium.common.exceptions.StaleElementReferenceException: Message: stale element reference: stale element not found in the current frame\n  (Session info: chrome=131.0.6778.70); For documentation on this error, please visit: https://www.selenium.dev/documentation/webdriver/troubleshooting/errors#stale-element-reference-exception\nStacktrace:\n\tGetHandleVerifier [0x00007FF609022775+28773]\n\t(No symbol) [0x00007FF608F8AFB0]\n\t(No symbol) [0x00007FF608E2552A]\n\t(No symbol) [0x00007FF608E2C09F]\n\t(No symbol) [0x00007FF608E2ED4C]\n\t(No symbol) [0x00007FF608E2EE1F]\n\t(No symbol) [0x00007FF608E7B03B]\n\t(No symbol) [0x00007FF608E6C866]\n\t(No symbol) [0x00007FF608E9EF9A]\n\t(No symbol) [0x00007FF608E6C1C6]\n\t(No symbol) [0x00007FF608E9F1B0]\n\t(No symbol) [0x00007FF608EBF1A4]\n\t(No symbol) [0x00007FF608E9ED43]\n\t(No symbol) [0x00007FF608E6A548]\n\t(No symbol) [0x00007FF608E6B6B1]\n\tGetHandleVerifier [0x00007FF60934F45D+3358029]\n\tGetHandleVerifier [0x00007FF60936430D+3443709]\n\tGetHandleVerifier [0x00007FF6093583FD+3394797]\n\tGetHandleVerifier [0x00007FF6090E929B+842635]\n\t(No symbol) [0x00007FF608F9654F]\n\t(No symbol) [0x00007FF608F91FA4]\n\t(No symbol) [0x00007FF608F9213D]\n\t(No symbol) [0x00007FF608F81629]\n\tBaseThreadInitThunk [0x00007FF814473034+20]\n\tRtlUserThreadStart [0x00007FF816741551+33]\n\n","children":[{"name":"Create a new project","uid":"f09fe58e80b9c2aa","parentUid":"30eed9bef2abd628f8e24c9670e4210d","status":"broken","time":{"start":1732944733940,"stop":1732944741696,"duration":7756},"flaky":false,"newFailed":false,"newPassed":false,"newBroken":false,"retriesCount":0,"retriesStatusChange":false,"parameters":[],"tags":["project"]}],"uid":"30eed9bef2abd628f8e24c9670e4210d"},{"name":"selenium.common.exceptions.ElementClickInterceptedException: Message: element click intercepted: Element <button type=\"button\" aria-hidden=\"false\" data-supports-active-task=\"true\" class=\"plus_add_button\">...</button> is not clickable at point (587, 319). Other element would receive the click: <div class=\"view_content\" data-empty-view=\"false\">...</div>\n  (Session info: chrome=131.0.6778.70)\nStacktrace:\n\tGetHandleVerifier [0x00007FF609022775+28773]\n\t(No symbol) [0x00007FF608F8AFB0]\n\t(No symbol) [0x00007FF608E2552A]\n\t(No symbol) [0x00007FF608E80B5E]\n\t(No symbol) [0x00007FF608E7E5FC]\n\t(No symbol) [0x00007FF608E7B7E6]\n\t(No symbol) [0x00007FF608E7A741]\n\t(No symbol) [0x00007FF608E6C970]\n\t(No symbol) [0x00007FF608E9EF9A]\n\t(No symbol) [0x00007FF608E6C1C6]\n\t(No symbol) [0x00007FF608E9F1B0]\n\t(No symbol) [0x00007FF608EBF1A4]\n\t(No symbol) [0x00007FF608E9ED43]\n\t(No symbol) [0x00007FF608E6A548]\n\t(No symbol) [0x00007FF608E6B6B1]\n\tGetHandleVerifier [0x00007FF60934F45D+3358029]\n\tGetHandleVerifier [0x00007FF60936430D+3443709]\n\tGetHandleVerifier [0x00007FF6093583FD+3394797]\n\tGetHandleVerifier [0x00007FF6090E929B+842635]\n\t(No symbol) [0x00007FF608F9654F]\n\t(No symbol) [0x00007FF608F91FA4]\n\t(No symbol) [0x00007FF608F9213D]\n\t(No symbol) [0x00007FF608F81629]\n\tBaseThreadInitThunk [0x00007FF814473034+20]\n\tRtlUserThreadStart [0x00007FF816741551+33]\n\n","children":[{"name":"Create a new task -- @1.1 ","uid":"4665208fba007cdd","parentUid":"156c2532e0258e16d6736897d0f90083","status":"broken","time":{"start":1732944741697,"stop":1732944746886,"duration":5189},"flaky":false,"newFailed":false,"newPassed":false,"newBroken":false,"retriesCount":0,"retriesStatusChange":false,"parameters":["2"],"tags":["task"]}],"uid":"156c2532e0258e16d6736897d0f90083"}],"uid":"bdbf199525818fae7a8651db9eafe741"}],"name":"categories"}