{"uid":"4b4757e66a1912dae1a509f688f20b0f","children":[{"name":"Test defects","children":[{"name":"selenium.common.exceptions.NoSuchElementException: Message: no such element: Unable to locate element: {\"method\":\"xpath\",\"selector\":\"//H1[text()='Eritrea']\"}\n  (Session info: chrome=131.0.6778.70); For documentation on this error, please visit: https://www.selenium.dev/documentation/webdriver/troubleshooting/errors#no-such-element-exception\nStacktrace:\n0   chromedriver                        0x00000001054c9548 cxxbridge1$str$ptr + 3618920\n1   chromedriver                        0x00000001054c1d98 cxxbridge1$str$ptr + 3588280\n2   chromedriver                        0x0000000104f309c4 cxxbridge1$string$len + 89228\n3   chromedriver                        0x0000000104f74da8 cxxbridge1$string$len + 368752\n4   chromedriver                        0x0000000104fae54c cxxbridge1$string$len + 604180\n5   chromedriver                        0x0000000104f695c0 cxxbridge1$string$len + 321672\n6   chromedriver                        0x0000000104f6a210 cxxbridge1$string$len + 324824\n7   chromedriver                        0x00000001054954bc cxxbridge1$str$ptr + 3405788\n8   chromedriver                        0x00000001054987dc cxxbridge1$str$ptr + 3418876\n9   chromedriver                        0x000000010547c130 cxxbridge1$str$ptr + 3302480\n10  chromedriver                        0x000000010549909c cxxbridge1$str$ptr + 3421116\n11  chromedriver                        0x000000010546d888 cxxbridge1$str$ptr + 3242920\n12  chromedriver                        0x00000001054b29c8 cxxbridge1$str$ptr + 3525864\n13  chromedriver                        0x00000001054b2b44 cxxbridge1$str$ptr + 3526244\n14  chromedriver                        0x00000001054c1a0c cxxbridge1$str$ptr + 3587372\n15  libsystem_pthread.dylib             0x000000018914b2e4 _pthread_start + 136\n16  libsystem_pthread.dylib             0x00000001891460fc thread_start + 8\n\n","children":[{"name":"Create a new project","uid":"ab46954380205480","parentUid":"2466f977fdb48f76807180c36b3f8003","status":"broken","time":{"start":1732868062505,"stop":1732868073001,"duration":10496},"flaky":false,"newFailed":false,"newPassed":false,"newBroken":false,"retriesCount":0,"retriesStatusChange":false,"parameters":[],"tags":["project"]}],"uid":"2466f977fdb48f76807180c36b3f8003"},{"name":"selenium.common.exceptions.ElementClickInterceptedException: Message: element click intercepted: Element <button type=\"button\" aria-hidden=\"false\" data-supports-active-task=\"true\" class=\"plus_add_button\">...</button> is not clickable at point (722, 496). Other element would receive the click: <div class=\"task_description\">...</div>\n  (Session info: chrome=131.0.6778.70)\nStacktrace:\n0   chromedriver                        0x00000001054c9548 cxxbridge1$str$ptr + 3618920\n1   chromedriver                        0x00000001054c1d98 cxxbridge1$str$ptr + 3588280\n2   chromedriver                        0x0000000104f309c4 cxxbridge1$string$len + 89228\n3   chromedriver                        0x0000000104f7a63c cxxbridge1$string$len + 391428\n4   chromedriver                        0x0000000104f78c8c cxxbridge1$string$len + 384852\n5   chromedriver                        0x0000000104f76bd0 cxxbridge1$string$len + 376472\n6   chromedriver                        0x0000000104f76008 cxxbridge1$string$len + 373456\n7   chromedriver                        0x0000000104f6b4cc cxxbridge1$string$len + 329620\n8   chromedriver                        0x0000000104f6af20 cxxbridge1$string$len + 328168\n9   chromedriver                        0x0000000104fae54c cxxbridge1$string$len + 604180\n10  chromedriver                        0x0000000104f695c0 cxxbridge1$string$len + 321672\n11  chromedriver                        0x0000000104f6a210 cxxbridge1$string$len + 324824\n12  chromedriver                        0x00000001054954bc cxxbridge1$str$ptr + 3405788\n13  chromedriver                        0x00000001054987dc cxxbridge1$str$ptr + 3418876\n14  chromedriver                        0x000000010547c130 cxxbridge1$str$ptr + 3302480\n15  chromedriver                        0x000000010549909c cxxbridge1$str$ptr + 3421116\n16  chromedriver                        0x000000010546d888 cxxbridge1$str$ptr + 3242920\n17  chromedriver                        0x00000001054b29c8 cxxbridge1$str$ptr + 3525864\n18  chromedriver                        0x00000001054b2b44 cxxbridge1$str$ptr + 3526244\n19  chromedriver                        0x00000001054c1a0c cxxbridge1$str$ptr + 3587372\n20  libsystem_pthread.dylib             0x000000018914b2e4 _pthread_start + 136\n21  libsystem_pthread.dylib             0x00000001891460fc thread_start + 8\n\n","children":[{"name":"Create a new task -- @1.1 ","uid":"5e1cd803c410030b","parentUid":"b6b72fb2e97665a859064b8799946726","status":"broken","time":{"start":1732868073002,"stop":1732868076312,"duration":3310},"flaky":false,"newFailed":false,"newPassed":false,"newBroken":false,"retriesCount":0,"retriesStatusChange":false,"parameters":["2"],"tags":["task"]}],"uid":"b6b72fb2e97665a859064b8799946726"}],"uid":"bdbf199525818fae7a8651db9eafe741"}],"name":"categories"}