{"uid":"223619add26fbefa","name":"Create a new project","fullName":"Create a new project functionallity: Create a new project","historyId":"4f58df25b086a153a002d94d045fa8b0","time":{"start":1732944402011,"stop":1732944410960,"duration":8949},"status":"broken","statusMessage":"selenium.common.exceptions.StaleElementReferenceException: Message: stale element reference: stale element not found in the current frame\n  (Session info: chrome=131.0.6778.70); For documentation on this error, please visit: https://www.selenium.dev/documentation/webdriver/troubleshooting/errors#stale-element-reference-exception\nStacktrace:\n\tGetHandleVerifier [0x00007FF6A61A2775+28773]\n\t(No symbol) [0x00007FF6A610AFB0]\n\t(No symbol) [0x00007FF6A5FA552A]\n\t(No symbol) [0x00007FF6A5FAC09F]\n\t(No symbol) [0x00007FF6A5FAED4C]\n\t(No symbol) [0x00007FF6A5FAEE1F]\n\t(No symbol) [0x00007FF6A5FFB03B]\n\t(No symbol) [0x00007FF6A5FFA029]\n\t(No symbol) [0x00007FF6A5FECB6B]\n\t(No symbol) [0x00007FF6A601EF9A]\n\t(No symbol) [0x00007FF6A5FEC1C6]\n\t(No symbol) [0x00007FF6A601F1B0]\n\t(No symbol) [0x00007FF6A603F1A4]\n\t(No symbol) [0x00007FF6A601ED43]\n\t(No symbol) [0x00007FF6A5FEA548]\n\t(No symbol) [0x00007FF6A5FEB6B1]\n\tGetHandleVerifier [0x00007FF6A64CF45D+3358029]\n\tGetHandleVerifier [0x00007FF6A64E430D+3443709]\n\tGetHandleVerifier [0x00007FF6A64D83FD+3394797]\n\tGetHandleVerifier [0x00007FF6A626929B+842635]\n\t(No symbol) [0x00007FF6A611654F]\n\t(No symbol) [0x00007FF6A6111FA4]\n\t(No symbol) [0x00007FF6A611213D]\n\t(No symbol) [0x00007FF6A6101629]\n\tBaseThreadInitThunk [0x00007FFB8AAA7034+20]\n\tRtlUserThreadStart [0x00007FFB8C4A2651+33]\n\n","statusTrace":"  File \"/home/runner/.cache/pypoetry/virtualenvs/todoist-test-Iz2mgPfl-py3.11/lib/python3.11/site-packages/behave/model.py\", line 1329, in run\n    match.run(runner.context)\n  File \"/home/runner/.cache/pypoetry/virtualenvs/todoist-test-Iz2mgPfl-py3.11/lib/python3.11/site-packages/behave/matchers.py\", line 98, in run\n    self.func(context, *args, **kwargs)\n  File \"tests/ui/steps/project_steps.py\", line 27, in step_validate_the_project\n    context.project_page.delete_project()\n  File \"/home/runner/work/todoist-testing/todoist-testing/tests/ui/pages/project_page.py\", line 36, in delete_project\n    self.driver.find_element(*self.btn_more_actions).click()\n  File \"/home/runner/.cache/pypoetry/virtualenvs/todoist-test-Iz2mgPfl-py3.11/lib/python3.11/site-packages/selenium/webdriver/remote/webelement.py\", line 94, in click\n    self._execute(Command.CLICK_ELEMENT)\n  File \"/home/runner/.cache/pypoetry/virtualenvs/todoist-test-Iz2mgPfl-py3.11/lib/python3.11/site-packages/selenium/webdriver/remote/webelement.py\", line 395, in _execute\n    return self._parent.execute(command, params)\n           ^^^^^^^^^^^^^^^^^^^^^^^^^^^^^^^^^^^^^\n  File \"/home/runner/.cache/pypoetry/virtualenvs/todoist-test-Iz2mgPfl-py3.11/lib/python3.11/site-packages/selenium/webdriver/remote/webdriver.py\", line 384, in execute\n    self.error_handler.check_response(response)\n  File \"/home/runner/.cache/pypoetry/virtualenvs/todoist-test-Iz2mgPfl-py3.11/lib/python3.11/site-packages/selenium/webdriver/remote/errorhandler.py\", line 232, in check_response\n    raise exception_class(message, screen, stacktrace)\n","flaky":false,"newFailed":false,"newBroken":false,"newPassed":false,"retriesCount":0,"retriesStatusChange":false,"beforeStages":[],"testStage":{"status":"broken","statusMessage":"selenium.common.exceptions.StaleElementReferenceException: Message: stale element reference: stale element not found in the current frame\n  (Session info: chrome=131.0.6778.70); For documentation on this error, please visit: https://www.selenium.dev/documentation/webdriver/troubleshooting/errors#stale-element-reference-exception\nStacktrace:\n\tGetHandleVerifier [0x00007FF6A61A2775+28773]\n\t(No symbol) [0x00007FF6A610AFB0]\n\t(No symbol) [0x00007FF6A5FA552A]\n\t(No symbol) [0x00007FF6A5FAC09F]\n\t(No symbol) [0x00007FF6A5FAED4C]\n\t(No symbol) [0x00007FF6A5FAEE1F]\n\t(No symbol) [0x00007FF6A5FFB03B]\n\t(No symbol) [0x00007FF6A5FFA029]\n\t(No symbol) [0x00007FF6A5FECB6B]\n\t(No symbol) [0x00007FF6A601EF9A]\n\t(No symbol) [0x00007FF6A5FEC1C6]\n\t(No symbol) [0x00007FF6A601F1B0]\n\t(No symbol) [0x00007FF6A603F1A4]\n\t(No symbol) [0x00007FF6A601ED43]\n\t(No symbol) [0x00007FF6A5FEA548]\n\t(No symbol) [0x00007FF6A5FEB6B1]\n\tGetHandleVerifier [0x00007FF6A64CF45D+3358029]\n\tGetHandleVerifier [0x00007FF6A64E430D+3443709]\n\tGetHandleVerifier [0x00007FF6A64D83FD+3394797]\n\tGetHandleVerifier [0x00007FF6A626929B+842635]\n\t(No symbol) [0x00007FF6A611654F]\n\t(No symbol) [0x00007FF6A6111FA4]\n\t(No symbol) [0x00007FF6A611213D]\n\t(No symbol) [0x00007FF6A6101629]\n\tBaseThreadInitThunk [0x00007FFB8AAA7034+20]\n\tRtlUserThreadStart [0x00007FFB8C4A2651+33]\n\n","statusTrace":"  File \"/home/runner/.cache/pypoetry/virtualenvs/todoist-test-Iz2mgPfl-py3.11/lib/python3.11/site-packages/behave/model.py\", line 1329, in run\n    match.run(runner.context)\n  File \"/home/runner/.cache/pypoetry/virtualenvs/todoist-test-Iz2mgPfl-py3.11/lib/python3.11/site-packages/behave/matchers.py\", line 98, in run\n    self.func(context, *args, **kwargs)\n  File \"tests/ui/steps/project_steps.py\", line 27, in step_validate_the_project\n    context.project_page.delete_project()\n  File \"/home/runner/work/todoist-testing/todoist-testing/tests/ui/pages/project_page.py\", line 36, in delete_project\n    self.driver.find_element(*self.btn_more_actions).click()\n  File \"/home/runner/.cache/pypoetry/virtualenvs/todoist-test-Iz2mgPfl-py3.11/lib/python3.11/site-packages/selenium/webdriver/remote/webelement.py\", line 94, in click\n    self._execute(Command.CLICK_ELEMENT)\n  File \"/home/runner/.cache/pypoetry/virtualenvs/todoist-test-Iz2mgPfl-py3.11/lib/python3.11/site-packages/selenium/webdriver/remote/webelement.py\", line 395, in _execute\n    return self._parent.execute(command, params)\n           ^^^^^^^^^^^^^^^^^^^^^^^^^^^^^^^^^^^^^\n  File \"/home/runner/.cache/pypoetry/virtualenvs/todoist-test-Iz2mgPfl-py3.11/lib/python3.11/site-packages/selenium/webdriver/remote/webdriver.py\", line 384, in execute\n    self.error_handler.check_response(response)\n  File \"/home/runner/.cache/pypoetry/virtualenvs/todoist-test-Iz2mgPfl-py3.11/lib/python3.11/site-packages/selenium/webdriver/remote/errorhandler.py\", line 232, in check_response\n    raise exception_class(message, screen, stacktrace)\n","steps":[{"name":"Given the user navigates to the login page","time":{"start":1732944402011,"stop":1732944402632,"duration":621},"status":"passed","steps":[],"attachments":[],"parameters":[],"shouldDisplayMessage":false,"stepsCount":0,"attachmentsCount":0,"hasContent":false,"attachmentStep":false},{"name":"When the user logs in with valid credentials","time":{"start":1732944402633,"stop":1732944403478,"duration":845},"status":"passed","steps":[],"attachments":[],"parameters":[],"shouldDisplayMessage":false,"stepsCount":0,"attachmentsCount":0,"hasContent":false,"attachmentStep":false},{"name":"When the user click the new project button","time":{"start":1732944403479,"stop":1732944408893,"duration":5414},"status":"passed","steps":[],"attachments":[],"parameters":[],"shouldDisplayMessage":false,"stepsCount":0,"attachmentsCount":0,"hasContent":false,"attachmentStep":false},{"name":"When the user create a project","time":{"start":1732944408893,"stop":1732944410011,"duration":1118},"status":"passed","steps":[],"attachments":[],"parameters":[],"shouldDisplayMessage":false,"stepsCount":0,"attachmentsCount":0,"hasContent":false,"attachmentStep":false},{"name":"Then the user validates the project data","time":{"start":1732944410011,"stop":1732944410959,"duration":948},"status":"broken","statusMessage":"selenium.common.exceptions.StaleElementReferenceException: Message: stale element reference: stale element not found in the current frame\n  (Session info: chrome=131.0.6778.70); For documentation on this error, please visit: https://www.selenium.dev/documentation/webdriver/troubleshooting/errors#stale-element-reference-exception\nStacktrace:\n\tGetHandleVerifier [0x00007FF6A61A2775+28773]\n\t(No symbol) [0x00007FF6A610AFB0]\n\t(No symbol) [0x00007FF6A5FA552A]\n\t(No symbol) [0x00007FF6A5FAC09F]\n\t(No symbol) [0x00007FF6A5FAED4C]\n\t(No symbol) [0x00007FF6A5FAEE1F]\n\t(No symbol) [0x00007FF6A5FFB03B]\n\t(No symbol) [0x00007FF6A5FFA029]\n\t(No symbol) [0x00007FF6A5FECB6B]\n\t(No symbol) [0x00007FF6A601EF9A]\n\t(No symbol) [0x00007FF6A5FEC1C6]\n\t(No symbol) [0x00007FF6A601F1B0]\n\t(No symbol) [0x00007FF6A603F1A4]\n\t(No symbol) [0x00007FF6A601ED43]\n\t(No symbol) [0x00007FF6A5FEA548]\n\t(No symbol) [0x00007FF6A5FEB6B1]\n\tGetHandleVerifier [0x00007FF6A64CF45D+3358029]\n\tGetHandleVerifier [0x00007FF6A64E430D+3443709]\n\tGetHandleVerifier [0x00007FF6A64D83FD+3394797]\n\tGetHandleVerifier [0x00007FF6A626929B+842635]\n\t(No symbol) [0x00007FF6A611654F]\n\t(No symbol) [0x00007FF6A6111FA4]\n\t(No symbol) [0x00007FF6A611213D]\n\t(No symbol) [0x00007FF6A6101629]\n\tBaseThreadInitThunk [0x00007FFB8AAA7034+20]\n\tRtlUserThreadStart [0x00007FFB8C4A2651+33]\n\n","statusTrace":"  File \"/home/runner/.cache/pypoetry/virtualenvs/todoist-test-Iz2mgPfl-py3.11/lib/python3.11/site-packages/behave/model.py\", line 1329, in run\n    match.run(runner.context)\n  File \"/home/runner/.cache/pypoetry/virtualenvs/todoist-test-Iz2mgPfl-py3.11/lib/python3.11/site-packages/behave/matchers.py\", line 98, in run\n    self.func(context, *args, **kwargs)\n  File \"tests/ui/steps/project_steps.py\", line 27, in step_validate_the_project\n    context.project_page.delete_project()\n  File \"/home/runner/work/todoist-testing/todoist-testing/tests/ui/pages/project_page.py\", line 36, in delete_project\n    self.driver.find_element(*self.btn_more_actions).click()\n  File \"/home/runner/.cache/pypoetry/virtualenvs/todoist-test-Iz2mgPfl-py3.11/lib/python3.11/site-packages/selenium/webdriver/remote/webelement.py\", line 94, in click\n    self._execute(Command.CLICK_ELEMENT)\n  File \"/home/runner/.cache/pypoetry/virtualenvs/todoist-test-Iz2mgPfl-py3.11/lib/python3.11/site-packages/selenium/webdriver/remote/webelement.py\", line 395, in _execute\n    return self._parent.execute(command, params)\n           ^^^^^^^^^^^^^^^^^^^^^^^^^^^^^^^^^^^^^\n  File \"/home/runner/.cache/pypoetry/virtualenvs/todoist-test-Iz2mgPfl-py3.11/lib/python3.11/site-packages/selenium/webdriver/remote/webdriver.py\", line 384, in execute\n    self.error_handler.check_response(response)\n  File \"/home/runner/.cache/pypoetry/virtualenvs/todoist-test-Iz2mgPfl-py3.11/lib/python3.11/site-packages/selenium/webdriver/remote/errorhandler.py\", line 232, in check_response\n    raise exception_class(message, screen, stacktrace)\n","steps":[],"attachments":[],"parameters":[],"shouldDisplayMessage":true,"stepsCount":0,"attachmentsCount":0,"hasContent":true,"attachmentStep":false}],"attachments":[],"parameters":[],"shouldDisplayMessage":false,"stepsCount":5,"attachmentsCount":0,"hasContent":true,"attachmentStep":false},"afterStages":[],"labels":[{"name":"severity","value":"normal"},{"name":"tag","value":"project"},{"name":"feature","value":"Create a new project functionallity"},{"name":"framework","value":"behave"},{"name":"language","value":"cpython3"},{"name":"resultFormat","value":"allure2"}],"parameters":[],"links":[],"hidden":false,"retry":false,"extra":{"severity":"normal","retries":[],"categories":[{"name":"Test defects","matchedStatuses":[],"flaky":false}],"tags":["project"]},"source":"223619add26fbefa.json","parameterValues":[]}