{"uid":"4665208fba007cdd","name":"Create a new task -- @1.1 ","fullName":"Create a new task functionallity: Create a new task","historyId":"8a771a5082802af253ff19f7d6ade175","time":{"start":1732944741697,"stop":1732944746886,"duration":5189},"status":"broken","statusMessage":"selenium.common.exceptions.ElementClickInterceptedException: Message: element click intercepted: Element <button type=\"button\" aria-hidden=\"false\" data-supports-active-task=\"true\" class=\"plus_add_button\">...</button> is not clickable at point (587, 319). Other element would receive the click: <div class=\"view_content\" data-empty-view=\"false\">...</div>\n  (Session info: chrome=131.0.6778.70)\nStacktrace:\n\tGetHandleVerifier [0x00007FF609022775+28773]\n\t(No symbol) [0x00007FF608F8AFB0]\n\t(No symbol) [0x00007FF608E2552A]\n\t(No symbol) [0x00007FF608E80B5E]\n\t(No symbol) [0x00007FF608E7E5FC]\n\t(No symbol) [0x00007FF608E7B7E6]\n\t(No symbol) [0x00007FF608E7A741]\n\t(No symbol) [0x00007FF608E6C970]\n\t(No symbol) [0x00007FF608E9EF9A]\n\t(No symbol) [0x00007FF608E6C1C6]\n\t(No symbol) [0x00007FF608E9F1B0]\n\t(No symbol) [0x00007FF608EBF1A4]\n\t(No symbol) [0x00007FF608E9ED43]\n\t(No symbol) [0x00007FF608E6A548]\n\t(No symbol) [0x00007FF608E6B6B1]\n\tGetHandleVerifier [0x00007FF60934F45D+3358029]\n\tGetHandleVerifier [0x00007FF60936430D+3443709]\n\tGetHandleVerifier [0x00007FF6093583FD+3394797]\n\tGetHandleVerifier [0x00007FF6090E929B+842635]\n\t(No symbol) [0x00007FF608F9654F]\n\t(No symbol) [0x00007FF608F91FA4]\n\t(No symbol) [0x00007FF608F9213D]\n\t(No symbol) [0x00007FF608F81629]\n\tBaseThreadInitThunk [0x00007FF814473034+20]\n\tRtlUserThreadStart [0x00007FF816741551+33]\n\n","statusTrace":"  File \"/home/runner/.cache/pypoetry/virtualenvs/todoist-test-Iz2mgPfl-py3.11/lib/python3.11/site-packages/behave/model.py\", line 1329, in run\n    match.run(runner.context)\n  File \"/home/runner/.cache/pypoetry/virtualenvs/todoist-test-Iz2mgPfl-py3.11/lib/python3.11/site-packages/behave/matchers.py\", line 98, in run\n    self.func(context, *args, **kwargs)\n  File \"tests/ui/steps/task_steps.py\", line 11, in step_click_the_add_task_button\n    context.task_page.click_add_task_button()\n  File \"/home/runner/work/todoist-testing/todoist-testing/tests/ui/pages/task_page.py\", line 57, in click_add_task_button\n    self.driver.find_element(*self.btn_add_task).click()\n  File \"/home/runner/.cache/pypoetry/virtualenvs/todoist-test-Iz2mgPfl-py3.11/lib/python3.11/site-packages/selenium/webdriver/remote/webelement.py\", line 94, in click\n    self._execute(Command.CLICK_ELEMENT)\n  File \"/home/runner/.cache/pypoetry/virtualenvs/todoist-test-Iz2mgPfl-py3.11/lib/python3.11/site-packages/selenium/webdriver/remote/webelement.py\", line 395, in _execute\n    return self._parent.execute(command, params)\n           ^^^^^^^^^^^^^^^^^^^^^^^^^^^^^^^^^^^^^\n  File \"/home/runner/.cache/pypoetry/virtualenvs/todoist-test-Iz2mgPfl-py3.11/lib/python3.11/site-packages/selenium/webdriver/remote/webdriver.py\", line 384, in execute\n    self.error_handler.check_response(response)\n  File \"/home/runner/.cache/pypoetry/virtualenvs/todoist-test-Iz2mgPfl-py3.11/lib/python3.11/site-packages/selenium/webdriver/remote/errorhandler.py\", line 232, in check_response\n    raise exception_class(message, screen, stacktrace)\n","flaky":false,"newFailed":false,"newBroken":false,"newPassed":false,"retriesCount":0,"retriesStatusChange":false,"beforeStages":[],"testStage":{"status":"broken","statusMessage":"selenium.common.exceptions.ElementClickInterceptedException: Message: element click intercepted: Element <button type=\"button\" aria-hidden=\"false\" data-supports-active-task=\"true\" class=\"plus_add_button\">...</button> is not clickable at point (587, 319). Other element would receive the click: <div class=\"view_content\" data-empty-view=\"false\">...</div>\n  (Session info: chrome=131.0.6778.70)\nStacktrace:\n\tGetHandleVerifier [0x00007FF609022775+28773]\n\t(No symbol) [0x00007FF608F8AFB0]\n\t(No symbol) [0x00007FF608E2552A]\n\t(No symbol) [0x00007FF608E80B5E]\n\t(No symbol) [0x00007FF608E7E5FC]\n\t(No symbol) [0x00007FF608E7B7E6]\n\t(No symbol) [0x00007FF608E7A741]\n\t(No symbol) [0x00007FF608E6C970]\n\t(No symbol) [0x00007FF608E9EF9A]\n\t(No symbol) [0x00007FF608E6C1C6]\n\t(No symbol) [0x00007FF608E9F1B0]\n\t(No symbol) [0x00007FF608EBF1A4]\n\t(No symbol) [0x00007FF608E9ED43]\n\t(No symbol) [0x00007FF608E6A548]\n\t(No symbol) [0x00007FF608E6B6B1]\n\tGetHandleVerifier [0x00007FF60934F45D+3358029]\n\tGetHandleVerifier [0x00007FF60936430D+3443709]\n\tGetHandleVerifier [0x00007FF6093583FD+3394797]\n\tGetHandleVerifier [0x00007FF6090E929B+842635]\n\t(No symbol) [0x00007FF608F9654F]\n\t(No symbol) [0x00007FF608F91FA4]\n\t(No symbol) [0x00007FF608F9213D]\n\t(No symbol) [0x00007FF608F81629]\n\tBaseThreadInitThunk [0x00007FF814473034+20]\n\tRtlUserThreadStart [0x00007FF816741551+33]\n\n","statusTrace":"  File \"/home/runner/.cache/pypoetry/virtualenvs/todoist-test-Iz2mgPfl-py3.11/lib/python3.11/site-packages/behave/model.py\", line 1329, in run\n    match.run(runner.context)\n  File \"/home/runner/.cache/pypoetry/virtualenvs/todoist-test-Iz2mgPfl-py3.11/lib/python3.11/site-packages/behave/matchers.py\", line 98, in run\n    self.func(context, *args, **kwargs)\n  File \"tests/ui/steps/task_steps.py\", line 11, in step_click_the_add_task_button\n    context.task_page.click_add_task_button()\n  File \"/home/runner/work/todoist-testing/todoist-testing/tests/ui/pages/task_page.py\", line 57, in click_add_task_button\n    self.driver.find_element(*self.btn_add_task).click()\n  File \"/home/runner/.cache/pypoetry/virtualenvs/todoist-test-Iz2mgPfl-py3.11/lib/python3.11/site-packages/selenium/webdriver/remote/webelement.py\", line 94, in click\n    self._execute(Command.CLICK_ELEMENT)\n  File \"/home/runner/.cache/pypoetry/virtualenvs/todoist-test-Iz2mgPfl-py3.11/lib/python3.11/site-packages/selenium/webdriver/remote/webelement.py\", line 395, in _execute\n    return self._parent.execute(command, params)\n           ^^^^^^^^^^^^^^^^^^^^^^^^^^^^^^^^^^^^^\n  File \"/home/runner/.cache/pypoetry/virtualenvs/todoist-test-Iz2mgPfl-py3.11/lib/python3.11/site-packages/selenium/webdriver/remote/webdriver.py\", line 384, in execute\n    self.error_handler.check_response(response)\n  File \"/home/runner/.cache/pypoetry/virtualenvs/todoist-test-Iz2mgPfl-py3.11/lib/python3.11/site-packages/selenium/webdriver/remote/errorhandler.py\", line 232, in check_response\n    raise exception_class(message, screen, stacktrace)\n","steps":[{"name":"Given the user navigates to the login page","time":{"start":1732944741697,"stop":1732944742367,"duration":670},"status":"passed","steps":[],"attachments":[],"parameters":[],"shouldDisplayMessage":false,"stepsCount":0,"attachmentsCount":0,"hasContent":false,"attachmentStep":false},{"name":"When the user logs in with valid credentials","time":{"start":1732944742367,"stop":1732944743041,"duration":674},"status":"passed","steps":[],"attachments":[],"parameters":[],"shouldDisplayMessage":false,"stepsCount":0,"attachmentsCount":0,"hasContent":false,"attachmentStep":false},{"name":"When the user click the add task button","time":{"start":1732944743041,"stop":1732944746885,"duration":3844},"status":"broken","statusMessage":"selenium.common.exceptions.ElementClickInterceptedException: Message: element click intercepted: Element <button type=\"button\" aria-hidden=\"false\" data-supports-active-task=\"true\" class=\"plus_add_button\">...</button> is not clickable at point (587, 319). Other element would receive the click: <div class=\"view_content\" data-empty-view=\"false\">...</div>\n  (Session info: chrome=131.0.6778.70)\nStacktrace:\n\tGetHandleVerifier [0x00007FF609022775+28773]\n\t(No symbol) [0x00007FF608F8AFB0]\n\t(No symbol) [0x00007FF608E2552A]\n\t(No symbol) [0x00007FF608E80B5E]\n\t(No symbol) [0x00007FF608E7E5FC]\n\t(No symbol) [0x00007FF608E7B7E6]\n\t(No symbol) [0x00007FF608E7A741]\n\t(No symbol) [0x00007FF608E6C970]\n\t(No symbol) [0x00007FF608E9EF9A]\n\t(No symbol) [0x00007FF608E6C1C6]\n\t(No symbol) [0x00007FF608E9F1B0]\n\t(No symbol) [0x00007FF608EBF1A4]\n\t(No symbol) [0x00007FF608E9ED43]\n\t(No symbol) [0x00007FF608E6A548]\n\t(No symbol) [0x00007FF608E6B6B1]\n\tGetHandleVerifier [0x00007FF60934F45D+3358029]\n\tGetHandleVerifier [0x00007FF60936430D+3443709]\n\tGetHandleVerifier [0x00007FF6093583FD+3394797]\n\tGetHandleVerifier [0x00007FF6090E929B+842635]\n\t(No symbol) [0x00007FF608F9654F]\n\t(No symbol) [0x00007FF608F91FA4]\n\t(No symbol) [0x00007FF608F9213D]\n\t(No symbol) [0x00007FF608F81629]\n\tBaseThreadInitThunk [0x00007FF814473034+20]\n\tRtlUserThreadStart [0x00007FF816741551+33]\n\n","statusTrace":"  File \"/home/runner/.cache/pypoetry/virtualenvs/todoist-test-Iz2mgPfl-py3.11/lib/python3.11/site-packages/behave/model.py\", line 1329, in run\n    match.run(runner.context)\n  File \"/home/runner/.cache/pypoetry/virtualenvs/todoist-test-Iz2mgPfl-py3.11/lib/python3.11/site-packages/behave/matchers.py\", line 98, in run\n    self.func(context, *args, **kwargs)\n  File \"tests/ui/steps/task_steps.py\", line 11, in step_click_the_add_task_button\n    context.task_page.click_add_task_button()\n  File \"/home/runner/work/todoist-testing/todoist-testing/tests/ui/pages/task_page.py\", line 57, in click_add_task_button\n    self.driver.find_element(*self.btn_add_task).click()\n  File \"/home/runner/.cache/pypoetry/virtualenvs/todoist-test-Iz2mgPfl-py3.11/lib/python3.11/site-packages/selenium/webdriver/remote/webelement.py\", line 94, in click\n    self._execute(Command.CLICK_ELEMENT)\n  File \"/home/runner/.cache/pypoetry/virtualenvs/todoist-test-Iz2mgPfl-py3.11/lib/python3.11/site-packages/selenium/webdriver/remote/webelement.py\", line 395, in _execute\n    return self._parent.execute(command, params)\n           ^^^^^^^^^^^^^^^^^^^^^^^^^^^^^^^^^^^^^\n  File \"/home/runner/.cache/pypoetry/virtualenvs/todoist-test-Iz2mgPfl-py3.11/lib/python3.11/site-packages/selenium/webdriver/remote/webdriver.py\", line 384, in execute\n    self.error_handler.check_response(response)\n  File \"/home/runner/.cache/pypoetry/virtualenvs/todoist-test-Iz2mgPfl-py3.11/lib/python3.11/site-packages/selenium/webdriver/remote/errorhandler.py\", line 232, in check_response\n    raise exception_class(message, screen, stacktrace)\n","steps":[],"attachments":[],"parameters":[],"shouldDisplayMessage":true,"stepsCount":0,"attachmentsCount":0,"hasContent":true,"attachmentStep":false},{"name":"When the user creates \"2\" tasks","time":{"start":1732944746886,"stop":1732944746886,"duration":0},"status":"skipped","steps":[],"attachments":[],"parameters":[],"shouldDisplayMessage":false,"stepsCount":0,"attachmentsCount":0,"hasContent":false,"attachmentStep":false}],"attachments":[],"parameters":[],"shouldDisplayMessage":false,"stepsCount":4,"attachmentsCount":0,"hasContent":true,"attachmentStep":false},"afterStages":[],"labels":[{"name":"severity","value":"normal"},{"name":"tag","value":"task"},{"name":"feature","value":"Create a new task functionallity"},{"name":"framework","value":"behave"},{"name":"language","value":"cpython3"},{"name":"resultFormat","value":"allure2"}],"parameters":[{"name":"number","value":"2"}],"links":[],"hidden":false,"retry":false,"extra":{"severity":"normal","retries":[],"categories":[{"name":"Test defects","matchedStatuses":[],"flaky":false}],"tags":["task"]},"source":"4665208fba007cdd.json","parameterValues":["2"]}