{"uid":"e37ef9f867c10644","name":"Create a new project","fullName":"Create a new project functionallity: Create a new project","historyId":"4f58df25b086a153a002d94d045fa8b0","time":{"start":1732944725260,"stop":1732944728306,"duration":3046},"status":"broken","statusMessage":"selenium.common.exceptions.ElementNotInteractableException: Message: element not interactable\n  (Session info: chrome=131.0.6778.70)\nStacktrace:\n0   chromedriver                        0x00000001028bd548 cxxbridge1$str$ptr + 3618920\n1   chromedriver                        0x00000001028b5d98 cxxbridge1$str$ptr + 3588280\n2   chromedriver                        0x0000000102324834 cxxbridge1$string$len + 88828\n3   chromedriver                        0x0000000102363c50 cxxbridge1$string$len + 347928\n4   chromedriver                        0x0000000102362ad4 cxxbridge1$string$len + 343452\n5   chromedriver                        0x000000010235ef20 cxxbridge1$string$len + 328168\n6   chromedriver                        0x00000001023a254c cxxbridge1$string$len + 604180\n7   chromedriver                        0x000000010235d5c0 cxxbridge1$string$len + 321672\n8   chromedriver                        0x000000010235e210 cxxbridge1$string$len + 324824\n9   chromedriver                        0x00000001028894bc cxxbridge1$str$ptr + 3405788\n10  chromedriver                        0x000000010288c7dc cxxbridge1$str$ptr + 3418876\n11  chromedriver                        0x0000000102870130 cxxbridge1$str$ptr + 3302480\n12  chromedriver                        0x000000010288d09c cxxbridge1$str$ptr + 3421116\n13  chromedriver                        0x0000000102861888 cxxbridge1$str$ptr + 3242920\n14  chromedriver                        0x00000001028a69c8 cxxbridge1$str$ptr + 3525864\n15  chromedriver                        0x00000001028a6b44 cxxbridge1$str$ptr + 3526244\n16  chromedriver                        0x00000001028b5a0c cxxbridge1$str$ptr + 3587372\n17  libsystem_pthread.dylib             0x00000001958d72e4 _pthread_start + 136\n18  libsystem_pthread.dylib             0x00000001958d20fc thread_start + 8\n\n","statusTrace":"  File \"/home/runner/.cache/pypoetry/virtualenvs/todoist-test-Iz2mgPfl-py3.11/lib/python3.11/site-packages/behave/model.py\", line 1329, in run\n    match.run(runner.context)\n  File \"/home/runner/.cache/pypoetry/virtualenvs/todoist-test-Iz2mgPfl-py3.11/lib/python3.11/site-packages/behave/matchers.py\", line 98, in run\n    self.func(context, *args, **kwargs)\n  File \"tests/ui/steps/project_steps.py\", line 17, in step_create_a_project\n    context.project_page.create_a_project(context.project_name)\n  File \"/home/runner/work/todoist-testing/todoist-testing/tests/ui/pages/project_page.py\", line 32, in create_a_project\n    self.driver.find_element(*self.txt_name).send_keys(name)\n  File \"/home/runner/.cache/pypoetry/virtualenvs/todoist-test-Iz2mgPfl-py3.11/lib/python3.11/site-packages/selenium/webdriver/remote/webelement.py\", line 231, in send_keys\n    self._execute(\n  File \"/home/runner/.cache/pypoetry/virtualenvs/todoist-test-Iz2mgPfl-py3.11/lib/python3.11/site-packages/selenium/webdriver/remote/webelement.py\", line 395, in _execute\n    return self._parent.execute(command, params)\n           ^^^^^^^^^^^^^^^^^^^^^^^^^^^^^^^^^^^^^\n  File \"/home/runner/.cache/pypoetry/virtualenvs/todoist-test-Iz2mgPfl-py3.11/lib/python3.11/site-packages/selenium/webdriver/remote/webdriver.py\", line 384, in execute\n    self.error_handler.check_response(response)\n  File \"/home/runner/.cache/pypoetry/virtualenvs/todoist-test-Iz2mgPfl-py3.11/lib/python3.11/site-packages/selenium/webdriver/remote/errorhandler.py\", line 232, in check_response\n    raise exception_class(message, screen, stacktrace)\n","flaky":false,"newFailed":false,"newBroken":false,"newPassed":false,"retriesCount":0,"retriesStatusChange":false,"beforeStages":[],"testStage":{"status":"broken","statusMessage":"selenium.common.exceptions.ElementNotInteractableException: Message: element not interactable\n  (Session info: chrome=131.0.6778.70)\nStacktrace:\n0   chromedriver                        0x00000001028bd548 cxxbridge1$str$ptr + 3618920\n1   chromedriver                        0x00000001028b5d98 cxxbridge1$str$ptr + 3588280\n2   chromedriver                        0x0000000102324834 cxxbridge1$string$len + 88828\n3   chromedriver                        0x0000000102363c50 cxxbridge1$string$len + 347928\n4   chromedriver                        0x0000000102362ad4 cxxbridge1$string$len + 343452\n5   chromedriver                        0x000000010235ef20 cxxbridge1$string$len + 328168\n6   chromedriver                        0x00000001023a254c cxxbridge1$string$len + 604180\n7   chromedriver                        0x000000010235d5c0 cxxbridge1$string$len + 321672\n8   chromedriver                        0x000000010235e210 cxxbridge1$string$len + 324824\n9   chromedriver                        0x00000001028894bc cxxbridge1$str$ptr + 3405788\n10  chromedriver                        0x000000010288c7dc cxxbridge1$str$ptr + 3418876\n11  chromedriver                        0x0000000102870130 cxxbridge1$str$ptr + 3302480\n12  chromedriver                        0x000000010288d09c cxxbridge1$str$ptr + 3421116\n13  chromedriver                        0x0000000102861888 cxxbridge1$str$ptr + 3242920\n14  chromedriver                        0x00000001028a69c8 cxxbridge1$str$ptr + 3525864\n15  chromedriver                        0x00000001028a6b44 cxxbridge1$str$ptr + 3526244\n16  chromedriver                        0x00000001028b5a0c cxxbridge1$str$ptr + 3587372\n17  libsystem_pthread.dylib             0x00000001958d72e4 _pthread_start + 136\n18  libsystem_pthread.dylib             0x00000001958d20fc thread_start + 8\n\n","statusTrace":"  File \"/home/runner/.cache/pypoetry/virtualenvs/todoist-test-Iz2mgPfl-py3.11/lib/python3.11/site-packages/behave/model.py\", line 1329, in run\n    match.run(runner.context)\n  File \"/home/runner/.cache/pypoetry/virtualenvs/todoist-test-Iz2mgPfl-py3.11/lib/python3.11/site-packages/behave/matchers.py\", line 98, in run\n    self.func(context, *args, **kwargs)\n  File \"tests/ui/steps/project_steps.py\", line 17, in step_create_a_project\n    context.project_page.create_a_project(context.project_name)\n  File \"/home/runner/work/todoist-testing/todoist-testing/tests/ui/pages/project_page.py\", line 32, in create_a_project\n    self.driver.find_element(*self.txt_name).send_keys(name)\n  File \"/home/runner/.cache/pypoetry/virtualenvs/todoist-test-Iz2mgPfl-py3.11/lib/python3.11/site-packages/selenium/webdriver/remote/webelement.py\", line 231, in send_keys\n    self._execute(\n  File \"/home/runner/.cache/pypoetry/virtualenvs/todoist-test-Iz2mgPfl-py3.11/lib/python3.11/site-packages/selenium/webdriver/remote/webelement.py\", line 395, in _execute\n    return self._parent.execute(command, params)\n           ^^^^^^^^^^^^^^^^^^^^^^^^^^^^^^^^^^^^^\n  File \"/home/runner/.cache/pypoetry/virtualenvs/todoist-test-Iz2mgPfl-py3.11/lib/python3.11/site-packages/selenium/webdriver/remote/webdriver.py\", line 384, in execute\n    self.error_handler.check_response(response)\n  File \"/home/runner/.cache/pypoetry/virtualenvs/todoist-test-Iz2mgPfl-py3.11/lib/python3.11/site-packages/selenium/webdriver/remote/errorhandler.py\", line 232, in check_response\n    raise exception_class(message, screen, stacktrace)\n","steps":[{"name":"Given the user navigates to the login page","time":{"start":1732944725260,"stop":1732944725462,"duration":202},"status":"passed","steps":[],"attachments":[],"parameters":[],"shouldDisplayMessage":false,"stepsCount":0,"attachmentsCount":0,"hasContent":false,"attachmentStep":false},{"name":"When the user logs in with valid credentials","time":{"start":1732944725462,"stop":1732944725869,"duration":407},"status":"passed","steps":[],"attachments":[],"parameters":[],"shouldDisplayMessage":false,"stepsCount":0,"attachmentsCount":0,"hasContent":false,"attachmentStep":false},{"name":"When the user click the new project button","time":{"start":1732944725869,"stop":1732944728206,"duration":2337},"status":"passed","steps":[],"attachments":[],"parameters":[],"shouldDisplayMessage":false,"stepsCount":0,"attachmentsCount":0,"hasContent":false,"attachmentStep":false},{"name":"When the user create a project","time":{"start":1732944728206,"stop":1732944728305,"duration":99},"status":"broken","statusMessage":"selenium.common.exceptions.ElementNotInteractableException: Message: element not interactable\n  (Session info: chrome=131.0.6778.70)\nStacktrace:\n0   chromedriver                        0x00000001028bd548 cxxbridge1$str$ptr + 3618920\n1   chromedriver                        0x00000001028b5d98 cxxbridge1$str$ptr + 3588280\n2   chromedriver                        0x0000000102324834 cxxbridge1$string$len + 88828\n3   chromedriver                        0x0000000102363c50 cxxbridge1$string$len + 347928\n4   chromedriver                        0x0000000102362ad4 cxxbridge1$string$len + 343452\n5   chromedriver                        0x000000010235ef20 cxxbridge1$string$len + 328168\n6   chromedriver                        0x00000001023a254c cxxbridge1$string$len + 604180\n7   chromedriver                        0x000000010235d5c0 cxxbridge1$string$len + 321672\n8   chromedriver                        0x000000010235e210 cxxbridge1$string$len + 324824\n9   chromedriver                        0x00000001028894bc cxxbridge1$str$ptr + 3405788\n10  chromedriver                        0x000000010288c7dc cxxbridge1$str$ptr + 3418876\n11  chromedriver                        0x0000000102870130 cxxbridge1$str$ptr + 3302480\n12  chromedriver                        0x000000010288d09c cxxbridge1$str$ptr + 3421116\n13  chromedriver                        0x0000000102861888 cxxbridge1$str$ptr + 3242920\n14  chromedriver                        0x00000001028a69c8 cxxbridge1$str$ptr + 3525864\n15  chromedriver                        0x00000001028a6b44 cxxbridge1$str$ptr + 3526244\n16  chromedriver                        0x00000001028b5a0c cxxbridge1$str$ptr + 3587372\n17  libsystem_pthread.dylib             0x00000001958d72e4 _pthread_start + 136\n18  libsystem_pthread.dylib             0x00000001958d20fc thread_start + 8\n\n","statusTrace":"  File \"/home/runner/.cache/pypoetry/virtualenvs/todoist-test-Iz2mgPfl-py3.11/lib/python3.11/site-packages/behave/model.py\", line 1329, in run\n    match.run(runner.context)\n  File \"/home/runner/.cache/pypoetry/virtualenvs/todoist-test-Iz2mgPfl-py3.11/lib/python3.11/site-packages/behave/matchers.py\", line 98, in run\n    self.func(context, *args, **kwargs)\n  File \"tests/ui/steps/project_steps.py\", line 17, in step_create_a_project\n    context.project_page.create_a_project(context.project_name)\n  File \"/home/runner/work/todoist-testing/todoist-testing/tests/ui/pages/project_page.py\", line 32, in create_a_project\n    self.driver.find_element(*self.txt_name).send_keys(name)\n  File \"/home/runner/.cache/pypoetry/virtualenvs/todoist-test-Iz2mgPfl-py3.11/lib/python3.11/site-packages/selenium/webdriver/remote/webelement.py\", line 231, in send_keys\n    self._execute(\n  File \"/home/runner/.cache/pypoetry/virtualenvs/todoist-test-Iz2mgPfl-py3.11/lib/python3.11/site-packages/selenium/webdriver/remote/webelement.py\", line 395, in _execute\n    return self._parent.execute(command, params)\n           ^^^^^^^^^^^^^^^^^^^^^^^^^^^^^^^^^^^^^\n  File \"/home/runner/.cache/pypoetry/virtualenvs/todoist-test-Iz2mgPfl-py3.11/lib/python3.11/site-packages/selenium/webdriver/remote/webdriver.py\", line 384, in execute\n    self.error_handler.check_response(response)\n  File \"/home/runner/.cache/pypoetry/virtualenvs/todoist-test-Iz2mgPfl-py3.11/lib/python3.11/site-packages/selenium/webdriver/remote/errorhandler.py\", line 232, in check_response\n    raise exception_class(message, screen, stacktrace)\n","steps":[],"attachments":[],"parameters":[],"shouldDisplayMessage":true,"stepsCount":0,"attachmentsCount":0,"hasContent":true,"attachmentStep":false},{"name":"Then the user validates the project data","time":{"start":1732944728306,"stop":1732944728306,"duration":0},"status":"skipped","steps":[],"attachments":[],"parameters":[],"shouldDisplayMessage":false,"stepsCount":0,"attachmentsCount":0,"hasContent":false,"attachmentStep":false}],"attachments":[],"parameters":[],"shouldDisplayMessage":false,"stepsCount":5,"attachmentsCount":0,"hasContent":true,"attachmentStep":false},"afterStages":[],"labels":[{"name":"severity","value":"normal"},{"name":"tag","value":"project"},{"name":"feature","value":"Create a new project functionallity"},{"name":"framework","value":"behave"},{"name":"language","value":"cpython3"},{"name":"resultFormat","value":"allure2"}],"parameters":[],"links":[],"hidden":false,"retry":false,"extra":{"severity":"normal","retries":[],"categories":[{"name":"Test defects","matchedStatuses":[],"flaky":false}],"tags":["project"]},"source":"e37ef9f867c10644.json","parameterValues":[]}