{"uid":"f09fe58e80b9c2aa","name":"Create a new project","fullName":"Create a new project functionallity: Create a new project","historyId":"4f58df25b086a153a002d94d045fa8b0","time":{"start":1732944733940,"stop":1732944741696,"duration":7756},"status":"broken","statusMessage":"selenium.common.exceptions.StaleElementReferenceException: Message: stale element reference: stale element not found in the current frame\n  (Session info: chrome=131.0.6778.70); For documentation on this error, please visit: https://www.selenium.dev/documentation/webdriver/troubleshooting/errors#stale-element-reference-exception\nStacktrace:\n\tGetHandleVerifier [0x00007FF609022775+28773]\n\t(No symbol) [0x00007FF608F8AFB0]\n\t(No symbol) [0x00007FF608E2552A]\n\t(No symbol) [0x00007FF608E2C09F]\n\t(No symbol) [0x00007FF608E2ED4C]\n\t(No symbol) [0x00007FF608E2EE1F]\n\t(No symbol) [0x00007FF608E7B03B]\n\t(No symbol) [0x00007FF608E6C866]\n\t(No symbol) [0x00007FF608E9EF9A]\n\t(No symbol) [0x00007FF608E6C1C6]\n\t(No symbol) [0x00007FF608E9F1B0]\n\t(No symbol) [0x00007FF608EBF1A4]\n\t(No symbol) [0x00007FF608E9ED43]\n\t(No symbol) [0x00007FF608E6A548]\n\t(No symbol) [0x00007FF608E6B6B1]\n\tGetHandleVerifier [0x00007FF60934F45D+3358029]\n\tGetHandleVerifier [0x00007FF60936430D+3443709]\n\tGetHandleVerifier [0x00007FF6093583FD+3394797]\n\tGetHandleVerifier [0x00007FF6090E929B+842635]\n\t(No symbol) [0x00007FF608F9654F]\n\t(No symbol) [0x00007FF608F91FA4]\n\t(No symbol) [0x00007FF608F9213D]\n\t(No symbol) [0x00007FF608F81629]\n\tBaseThreadInitThunk [0x00007FF814473034+20]\n\tRtlUserThreadStart [0x00007FF816741551+33]\n\n","statusTrace":"  File \"/home/runner/.cache/pypoetry/virtualenvs/todoist-test-Iz2mgPfl-py3.11/lib/python3.11/site-packages/behave/model.py\", line 1329, in run\n    match.run(runner.context)\n  File \"/home/runner/.cache/pypoetry/virtualenvs/todoist-test-Iz2mgPfl-py3.11/lib/python3.11/site-packages/behave/matchers.py\", line 98, in run\n    self.func(context, *args, **kwargs)\n  File \"tests/ui/steps/project_steps.py\", line 27, in step_validate_the_project\n    context.project_page.delete_project()\n  File \"/home/runner/work/todoist-testing/todoist-testing/tests/ui/pages/project_page.py\", line 37, in delete_project\n    self.driver.find_element(*self.btn_delete).click()\n  File \"/home/runner/.cache/pypoetry/virtualenvs/todoist-test-Iz2mgPfl-py3.11/lib/python3.11/site-packages/selenium/webdriver/remote/webelement.py\", line 94, in click\n    self._execute(Command.CLICK_ELEMENT)\n  File \"/home/runner/.cache/pypoetry/virtualenvs/todoist-test-Iz2mgPfl-py3.11/lib/python3.11/site-packages/selenium/webdriver/remote/webelement.py\", line 395, in _execute\n    return self._parent.execute(command, params)\n           ^^^^^^^^^^^^^^^^^^^^^^^^^^^^^^^^^^^^^\n  File \"/home/runner/.cache/pypoetry/virtualenvs/todoist-test-Iz2mgPfl-py3.11/lib/python3.11/site-packages/selenium/webdriver/remote/webdriver.py\", line 384, in execute\n    self.error_handler.check_response(response)\n  File \"/home/runner/.cache/pypoetry/virtualenvs/todoist-test-Iz2mgPfl-py3.11/lib/python3.11/site-packages/selenium/webdriver/remote/errorhandler.py\", line 232, in check_response\n    raise exception_class(message, screen, stacktrace)\n","flaky":false,"newFailed":false,"newBroken":false,"newPassed":false,"retriesCount":0,"retriesStatusChange":false,"beforeStages":[],"testStage":{"status":"broken","statusMessage":"selenium.common.exceptions.StaleElementReferenceException: Message: stale element reference: stale element not found in the current frame\n  (Session info: chrome=131.0.6778.70); For documentation on this error, please visit: https://www.selenium.dev/documentation/webdriver/troubleshooting/errors#stale-element-reference-exception\nStacktrace:\n\tGetHandleVerifier [0x00007FF609022775+28773]\n\t(No symbol) [0x00007FF608F8AFB0]\n\t(No symbol) [0x00007FF608E2552A]\n\t(No symbol) [0x00007FF608E2C09F]\n\t(No symbol) [0x00007FF608E2ED4C]\n\t(No symbol) [0x00007FF608E2EE1F]\n\t(No symbol) [0x00007FF608E7B03B]\n\t(No symbol) [0x00007FF608E6C866]\n\t(No symbol) [0x00007FF608E9EF9A]\n\t(No symbol) [0x00007FF608E6C1C6]\n\t(No symbol) [0x00007FF608E9F1B0]\n\t(No symbol) [0x00007FF608EBF1A4]\n\t(No symbol) [0x00007FF608E9ED43]\n\t(No symbol) [0x00007FF608E6A548]\n\t(No symbol) [0x00007FF608E6B6B1]\n\tGetHandleVerifier [0x00007FF60934F45D+3358029]\n\tGetHandleVerifier [0x00007FF60936430D+3443709]\n\tGetHandleVerifier [0x00007FF6093583FD+3394797]\n\tGetHandleVerifier [0x00007FF6090E929B+842635]\n\t(No symbol) [0x00007FF608F9654F]\n\t(No symbol) [0x00007FF608F91FA4]\n\t(No symbol) [0x00007FF608F9213D]\n\t(No symbol) [0x00007FF608F81629]\n\tBaseThreadInitThunk [0x00007FF814473034+20]\n\tRtlUserThreadStart [0x00007FF816741551+33]\n\n","statusTrace":"  File \"/home/runner/.cache/pypoetry/virtualenvs/todoist-test-Iz2mgPfl-py3.11/lib/python3.11/site-packages/behave/model.py\", line 1329, in run\n    match.run(runner.context)\n  File \"/home/runner/.cache/pypoetry/virtualenvs/todoist-test-Iz2mgPfl-py3.11/lib/python3.11/site-packages/behave/matchers.py\", line 98, in run\n    self.func(context, *args, **kwargs)\n  File \"tests/ui/steps/project_steps.py\", line 27, in step_validate_the_project\n    context.project_page.delete_project()\n  File \"/home/runner/work/todoist-testing/todoist-testing/tests/ui/pages/project_page.py\", line 37, in delete_project\n    self.driver.find_element(*self.btn_delete).click()\n  File \"/home/runner/.cache/pypoetry/virtualenvs/todoist-test-Iz2mgPfl-py3.11/lib/python3.11/site-packages/selenium/webdriver/remote/webelement.py\", line 94, in click\n    self._execute(Command.CLICK_ELEMENT)\n  File \"/home/runner/.cache/pypoetry/virtualenvs/todoist-test-Iz2mgPfl-py3.11/lib/python3.11/site-packages/selenium/webdriver/remote/webelement.py\", line 395, in _execute\n    return self._parent.execute(command, params)\n           ^^^^^^^^^^^^^^^^^^^^^^^^^^^^^^^^^^^^^\n  File \"/home/runner/.cache/pypoetry/virtualenvs/todoist-test-Iz2mgPfl-py3.11/lib/python3.11/site-packages/selenium/webdriver/remote/webdriver.py\", line 384, in execute\n    self.error_handler.check_response(response)\n  File \"/home/runner/.cache/pypoetry/virtualenvs/todoist-test-Iz2mgPfl-py3.11/lib/python3.11/site-packages/selenium/webdriver/remote/errorhandler.py\", line 232, in check_response\n    raise exception_class(message, screen, stacktrace)\n","steps":[{"name":"Given the user navigates to the login page","time":{"start":1732944733940,"stop":1732944734404,"duration":464},"status":"passed","steps":[],"attachments":[],"parameters":[],"shouldDisplayMessage":false,"stepsCount":0,"attachmentsCount":0,"hasContent":false,"attachmentStep":false},{"name":"When the user logs in with valid credentials","time":{"start":1732944734404,"stop":1732944735063,"duration":659},"status":"passed","steps":[],"attachments":[],"parameters":[],"shouldDisplayMessage":false,"stepsCount":0,"attachmentsCount":0,"hasContent":false,"attachmentStep":false},{"name":"When the user click the new project button","time":{"start":1732944735063,"stop":1732944739600,"duration":4537},"status":"passed","steps":[],"attachments":[],"parameters":[],"shouldDisplayMessage":false,"stepsCount":0,"attachmentsCount":0,"hasContent":false,"attachmentStep":false},{"name":"When the user create a project","time":{"start":1732944739601,"stop":1732944740517,"duration":916},"status":"passed","steps":[],"attachments":[],"parameters":[],"shouldDisplayMessage":false,"stepsCount":0,"attachmentsCount":0,"hasContent":false,"attachmentStep":false},{"name":"Then the user validates the project data","time":{"start":1732944740517,"stop":1732944741695,"duration":1178},"status":"broken","statusMessage":"selenium.common.exceptions.StaleElementReferenceException: Message: stale element reference: stale element not found in the current frame\n  (Session info: chrome=131.0.6778.70); For documentation on this error, please visit: https://www.selenium.dev/documentation/webdriver/troubleshooting/errors#stale-element-reference-exception\nStacktrace:\n\tGetHandleVerifier [0x00007FF609022775+28773]\n\t(No symbol) [0x00007FF608F8AFB0]\n\t(No symbol) [0x00007FF608E2552A]\n\t(No symbol) [0x00007FF608E2C09F]\n\t(No symbol) [0x00007FF608E2ED4C]\n\t(No symbol) [0x00007FF608E2EE1F]\n\t(No symbol) [0x00007FF608E7B03B]\n\t(No symbol) [0x00007FF608E6C866]\n\t(No symbol) [0x00007FF608E9EF9A]\n\t(No symbol) [0x00007FF608E6C1C6]\n\t(No symbol) [0x00007FF608E9F1B0]\n\t(No symbol) [0x00007FF608EBF1A4]\n\t(No symbol) [0x00007FF608E9ED43]\n\t(No symbol) [0x00007FF608E6A548]\n\t(No symbol) [0x00007FF608E6B6B1]\n\tGetHandleVerifier [0x00007FF60934F45D+3358029]\n\tGetHandleVerifier [0x00007FF60936430D+3443709]\n\tGetHandleVerifier [0x00007FF6093583FD+3394797]\n\tGetHandleVerifier [0x00007FF6090E929B+842635]\n\t(No symbol) [0x00007FF608F9654F]\n\t(No symbol) [0x00007FF608F91FA4]\n\t(No symbol) [0x00007FF608F9213D]\n\t(No symbol) [0x00007FF608F81629]\n\tBaseThreadInitThunk [0x00007FF814473034+20]\n\tRtlUserThreadStart [0x00007FF816741551+33]\n\n","statusTrace":"  File \"/home/runner/.cache/pypoetry/virtualenvs/todoist-test-Iz2mgPfl-py3.11/lib/python3.11/site-packages/behave/model.py\", line 1329, in run\n    match.run(runner.context)\n  File \"/home/runner/.cache/pypoetry/virtualenvs/todoist-test-Iz2mgPfl-py3.11/lib/python3.11/site-packages/behave/matchers.py\", line 98, in run\n    self.func(context, *args, **kwargs)\n  File \"tests/ui/steps/project_steps.py\", line 27, in step_validate_the_project\n    context.project_page.delete_project()\n  File \"/home/runner/work/todoist-testing/todoist-testing/tests/ui/pages/project_page.py\", line 37, in delete_project\n    self.driver.find_element(*self.btn_delete).click()\n  File \"/home/runner/.cache/pypoetry/virtualenvs/todoist-test-Iz2mgPfl-py3.11/lib/python3.11/site-packages/selenium/webdriver/remote/webelement.py\", line 94, in click\n    self._execute(Command.CLICK_ELEMENT)\n  File \"/home/runner/.cache/pypoetry/virtualenvs/todoist-test-Iz2mgPfl-py3.11/lib/python3.11/site-packages/selenium/webdriver/remote/webelement.py\", line 395, in _execute\n    return self._parent.execute(command, params)\n           ^^^^^^^^^^^^^^^^^^^^^^^^^^^^^^^^^^^^^\n  File \"/home/runner/.cache/pypoetry/virtualenvs/todoist-test-Iz2mgPfl-py3.11/lib/python3.11/site-packages/selenium/webdriver/remote/webdriver.py\", line 384, in execute\n    self.error_handler.check_response(response)\n  File \"/home/runner/.cache/pypoetry/virtualenvs/todoist-test-Iz2mgPfl-py3.11/lib/python3.11/site-packages/selenium/webdriver/remote/errorhandler.py\", line 232, in check_response\n    raise exception_class(message, screen, stacktrace)\n","steps":[],"attachments":[],"parameters":[],"shouldDisplayMessage":true,"stepsCount":0,"attachmentsCount":0,"hasContent":true,"attachmentStep":false}],"attachments":[],"parameters":[],"shouldDisplayMessage":false,"stepsCount":5,"attachmentsCount":0,"hasContent":true,"attachmentStep":false},"afterStages":[],"labels":[{"name":"severity","value":"normal"},{"name":"tag","value":"project"},{"name":"feature","value":"Create a new project functionallity"},{"name":"framework","value":"behave"},{"name":"language","value":"cpython3"},{"name":"resultFormat","value":"allure2"}],"parameters":[],"links":[],"hidden":false,"retry":false,"extra":{"severity":"normal","retries":[],"categories":[{"name":"Test defects","matchedStatuses":[],"flaky":false}],"tags":["project"]},"source":"f09fe58e80b9c2aa.json","parameterValues":[]}