{"uid":"6325b2c3ddd66acd","name":"Create a new project","fullName":"Create a new project functionallity: Create a new project","historyId":"4f58df25b086a153a002d94d045fa8b0","time":{"start":1733550105426,"stop":1733550108896,"duration":3470},"status":"broken","statusMessage":"selenium.common.exceptions.StaleElementReferenceException: Message: stale element reference: stale element not found in the current frame\n  (Session info: chrome=131.0.6778.70); For documentation on this error, please visit: https://www.selenium.dev/documentation/webdriver/troubleshooting/errors#stale-element-reference-exception\nStacktrace:\n0   chromedriver                        0x000000010358d548 cxxbridge1$str$ptr + 3618920\n1   chromedriver                        0x0000000103585d98 cxxbridge1$str$ptr + 3588280\n2   chromedriver                        0x0000000102ff49c4 cxxbridge1$string$len + 89228\n3   chromedriver                        0x0000000102ff98a8 cxxbridge1$string$len + 109424\n4   chromedriver                        0x0000000102ffb8f8 cxxbridge1$string$len + 117696\n5   chromedriver                        0x0000000102ffb9a0 cxxbridge1$string$len + 117864\n6   chromedriver                        0x000000010303a66c cxxbridge1$string$len + 375092\n7   chromedriver                        0x000000010302f3ec cxxbridge1$string$len + 329396\n8   chromedriver                        0x000000010302ef20 cxxbridge1$string$len + 328168\n9   chromedriver                        0x000000010307254c cxxbridge1$string$len + 604180\n10  chromedriver                        0x000000010302d5c0 cxxbridge1$string$len + 321672\n11  chromedriver                        0x000000010302e210 cxxbridge1$string$len + 324824\n12  chromedriver                        0x00000001035594bc cxxbridge1$str$ptr + 3405788\n13  chromedriver                        0x000000010355c7dc cxxbridge1$str$ptr + 3418876\n14  chromedriver                        0x0000000103540130 cxxbridge1$str$ptr + 3302480\n15  chromedriver                        0x000000010355d09c cxxbridge1$str$ptr + 3421116\n16  chromedriver                        0x0000000103531888 cxxbridge1$str$ptr + 3242920\n17  chromedriver                        0x00000001035769c8 cxxbridge1$str$ptr + 3525864\n18  chromedriver                        0x0000000103576b44 cxxbridge1$str$ptr + 3526244\n19  chromedriver                        0x0000000103585a0c cxxbridge1$str$ptr + 3587372\n20  libsystem_pthread.dylib             0x0000000181d472e4 _pthread_start + 136\n21  libsystem_pthread.dylib             0x0000000181d420fc thread_start + 8\n\n","statusTrace":"  File \"/home/runner/.cache/pypoetry/virtualenvs/todoist-test-Iz2mgPfl-py3.11/lib/python3.11/site-packages/behave/model.py\", line 1329, in run\n    match.run(runner.context)\n  File \"/home/runner/.cache/pypoetry/virtualenvs/todoist-test-Iz2mgPfl-py3.11/lib/python3.11/site-packages/behave/matchers.py\", line 98, in run\n    self.func(context, *args, **kwargs)\n  File \"tests/ui/steps/project_steps.py\", line 27, in step_validate_the_project\n    context.project_page.delete_project()\n  File \"/home/runner/work/todoist-testing/todoist-testing/tests/ui/pages/project_page.py\", line 37, in delete_project\n    self.driver.find_element(*self.btn_delete).click()\n  File \"/home/runner/.cache/pypoetry/virtualenvs/todoist-test-Iz2mgPfl-py3.11/lib/python3.11/site-packages/selenium/webdriver/remote/webelement.py\", line 94, in click\n    self._execute(Command.CLICK_ELEMENT)\n  File \"/home/runner/.cache/pypoetry/virtualenvs/todoist-test-Iz2mgPfl-py3.11/lib/python3.11/site-packages/selenium/webdriver/remote/webelement.py\", line 395, in _execute\n    return self._parent.execute(command, params)\n           ^^^^^^^^^^^^^^^^^^^^^^^^^^^^^^^^^^^^^\n  File \"/home/runner/.cache/pypoetry/virtualenvs/todoist-test-Iz2mgPfl-py3.11/lib/python3.11/site-packages/selenium/webdriver/remote/webdriver.py\", line 384, in execute\n    self.error_handler.check_response(response)\n  File \"/home/runner/.cache/pypoetry/virtualenvs/todoist-test-Iz2mgPfl-py3.11/lib/python3.11/site-packages/selenium/webdriver/remote/errorhandler.py\", line 232, in check_response\n    raise exception_class(message, screen, stacktrace)\n","flaky":false,"newFailed":false,"newBroken":false,"newPassed":false,"retriesCount":0,"retriesStatusChange":false,"beforeStages":[],"testStage":{"status":"broken","statusMessage":"selenium.common.exceptions.StaleElementReferenceException: Message: stale element reference: stale element not found in the current frame\n  (Session info: chrome=131.0.6778.70); For documentation on this error, please visit: https://www.selenium.dev/documentation/webdriver/troubleshooting/errors#stale-element-reference-exception\nStacktrace:\n0   chromedriver                        0x000000010358d548 cxxbridge1$str$ptr + 3618920\n1   chromedriver                        0x0000000103585d98 cxxbridge1$str$ptr + 3588280\n2   chromedriver                        0x0000000102ff49c4 cxxbridge1$string$len + 89228\n3   chromedriver                        0x0000000102ff98a8 cxxbridge1$string$len + 109424\n4   chromedriver                        0x0000000102ffb8f8 cxxbridge1$string$len + 117696\n5   chromedriver                        0x0000000102ffb9a0 cxxbridge1$string$len + 117864\n6   chromedriver                        0x000000010303a66c cxxbridge1$string$len + 375092\n7   chromedriver                        0x000000010302f3ec cxxbridge1$string$len + 329396\n8   chromedriver                        0x000000010302ef20 cxxbridge1$string$len + 328168\n9   chromedriver                        0x000000010307254c cxxbridge1$string$len + 604180\n10  chromedriver                        0x000000010302d5c0 cxxbridge1$string$len + 321672\n11  chromedriver                        0x000000010302e210 cxxbridge1$string$len + 324824\n12  chromedriver                        0x00000001035594bc cxxbridge1$str$ptr + 3405788\n13  chromedriver                        0x000000010355c7dc cxxbridge1$str$ptr + 3418876\n14  chromedriver                        0x0000000103540130 cxxbridge1$str$ptr + 3302480\n15  chromedriver                        0x000000010355d09c cxxbridge1$str$ptr + 3421116\n16  chromedriver                        0x0000000103531888 cxxbridge1$str$ptr + 3242920\n17  chromedriver                        0x00000001035769c8 cxxbridge1$str$ptr + 3525864\n18  chromedriver                        0x0000000103576b44 cxxbridge1$str$ptr + 3526244\n19  chromedriver                        0x0000000103585a0c cxxbridge1$str$ptr + 3587372\n20  libsystem_pthread.dylib             0x0000000181d472e4 _pthread_start + 136\n21  libsystem_pthread.dylib             0x0000000181d420fc thread_start + 8\n\n","statusTrace":"  File \"/home/runner/.cache/pypoetry/virtualenvs/todoist-test-Iz2mgPfl-py3.11/lib/python3.11/site-packages/behave/model.py\", line 1329, in run\n    match.run(runner.context)\n  File \"/home/runner/.cache/pypoetry/virtualenvs/todoist-test-Iz2mgPfl-py3.11/lib/python3.11/site-packages/behave/matchers.py\", line 98, in run\n    self.func(context, *args, **kwargs)\n  File \"tests/ui/steps/project_steps.py\", line 27, in step_validate_the_project\n    context.project_page.delete_project()\n  File \"/home/runner/work/todoist-testing/todoist-testing/tests/ui/pages/project_page.py\", line 37, in delete_project\n    self.driver.find_element(*self.btn_delete).click()\n  File \"/home/runner/.cache/pypoetry/virtualenvs/todoist-test-Iz2mgPfl-py3.11/lib/python3.11/site-packages/selenium/webdriver/remote/webelement.py\", line 94, in click\n    self._execute(Command.CLICK_ELEMENT)\n  File \"/home/runner/.cache/pypoetry/virtualenvs/todoist-test-Iz2mgPfl-py3.11/lib/python3.11/site-packages/selenium/webdriver/remote/webelement.py\", line 395, in _execute\n    return self._parent.execute(command, params)\n           ^^^^^^^^^^^^^^^^^^^^^^^^^^^^^^^^^^^^^\n  File \"/home/runner/.cache/pypoetry/virtualenvs/todoist-test-Iz2mgPfl-py3.11/lib/python3.11/site-packages/selenium/webdriver/remote/webdriver.py\", line 384, in execute\n    self.error_handler.check_response(response)\n  File \"/home/runner/.cache/pypoetry/virtualenvs/todoist-test-Iz2mgPfl-py3.11/lib/python3.11/site-packages/selenium/webdriver/remote/errorhandler.py\", line 232, in check_response\n    raise exception_class(message, screen, stacktrace)\n","steps":[{"name":"Given the user navigates to the login page","time":{"start":1733550105426,"stop":1733550105608,"duration":182},"status":"passed","steps":[],"attachments":[],"parameters":[],"shouldDisplayMessage":false,"stepsCount":0,"attachmentsCount":0,"hasContent":false,"attachmentStep":false},{"name":"When the user logs in with valid credentials","time":{"start":1733550105608,"stop":1733550106058,"duration":450},"status":"passed","steps":[],"attachments":[],"parameters":[],"shouldDisplayMessage":false,"stepsCount":0,"attachmentsCount":0,"hasContent":false,"attachmentStep":false},{"name":"When the user click the new project button","time":{"start":1733550106058,"stop":1733550107822,"duration":1764},"status":"passed","steps":[],"attachments":[],"parameters":[],"shouldDisplayMessage":false,"stepsCount":0,"attachmentsCount":0,"hasContent":false,"attachmentStep":false},{"name":"When the user create a project","time":{"start":1733550107822,"stop":1733550108305,"duration":483},"status":"passed","steps":[],"attachments":[],"parameters":[],"shouldDisplayMessage":false,"stepsCount":0,"attachmentsCount":0,"hasContent":false,"attachmentStep":false},{"name":"Then the user validates the project data","time":{"start":1733550108306,"stop":1733550108895,"duration":589},"status":"broken","statusMessage":"selenium.common.exceptions.StaleElementReferenceException: Message: stale element reference: stale element not found in the current frame\n  (Session info: chrome=131.0.6778.70); For documentation on this error, please visit: https://www.selenium.dev/documentation/webdriver/troubleshooting/errors#stale-element-reference-exception\nStacktrace:\n0   chromedriver                        0x000000010358d548 cxxbridge1$str$ptr + 3618920\n1   chromedriver                        0x0000000103585d98 cxxbridge1$str$ptr + 3588280\n2   chromedriver                        0x0000000102ff49c4 cxxbridge1$string$len + 89228\n3   chromedriver                        0x0000000102ff98a8 cxxbridge1$string$len + 109424\n4   chromedriver                        0x0000000102ffb8f8 cxxbridge1$string$len + 117696\n5   chromedriver                        0x0000000102ffb9a0 cxxbridge1$string$len + 117864\n6   chromedriver                        0x000000010303a66c cxxbridge1$string$len + 375092\n7   chromedriver                        0x000000010302f3ec cxxbridge1$string$len + 329396\n8   chromedriver                        0x000000010302ef20 cxxbridge1$string$len + 328168\n9   chromedriver                        0x000000010307254c cxxbridge1$string$len + 604180\n10  chromedriver                        0x000000010302d5c0 cxxbridge1$string$len + 321672\n11  chromedriver                        0x000000010302e210 cxxbridge1$string$len + 324824\n12  chromedriver                        0x00000001035594bc cxxbridge1$str$ptr + 3405788\n13  chromedriver                        0x000000010355c7dc cxxbridge1$str$ptr + 3418876\n14  chromedriver                        0x0000000103540130 cxxbridge1$str$ptr + 3302480\n15  chromedriver                        0x000000010355d09c cxxbridge1$str$ptr + 3421116\n16  chromedriver                        0x0000000103531888 cxxbridge1$str$ptr + 3242920\n17  chromedriver                        0x00000001035769c8 cxxbridge1$str$ptr + 3525864\n18  chromedriver                        0x0000000103576b44 cxxbridge1$str$ptr + 3526244\n19  chromedriver                        0x0000000103585a0c cxxbridge1$str$ptr + 3587372\n20  libsystem_pthread.dylib             0x0000000181d472e4 _pthread_start + 136\n21  libsystem_pthread.dylib             0x0000000181d420fc thread_start + 8\n\n","statusTrace":"  File \"/home/runner/.cache/pypoetry/virtualenvs/todoist-test-Iz2mgPfl-py3.11/lib/python3.11/site-packages/behave/model.py\", line 1329, in run\n    match.run(runner.context)\n  File \"/home/runner/.cache/pypoetry/virtualenvs/todoist-test-Iz2mgPfl-py3.11/lib/python3.11/site-packages/behave/matchers.py\", line 98, in run\n    self.func(context, *args, **kwargs)\n  File \"tests/ui/steps/project_steps.py\", line 27, in step_validate_the_project\n    context.project_page.delete_project()\n  File \"/home/runner/work/todoist-testing/todoist-testing/tests/ui/pages/project_page.py\", line 37, in delete_project\n    self.driver.find_element(*self.btn_delete).click()\n  File \"/home/runner/.cache/pypoetry/virtualenvs/todoist-test-Iz2mgPfl-py3.11/lib/python3.11/site-packages/selenium/webdriver/remote/webelement.py\", line 94, in click\n    self._execute(Command.CLICK_ELEMENT)\n  File \"/home/runner/.cache/pypoetry/virtualenvs/todoist-test-Iz2mgPfl-py3.11/lib/python3.11/site-packages/selenium/webdriver/remote/webelement.py\", line 395, in _execute\n    return self._parent.execute(command, params)\n           ^^^^^^^^^^^^^^^^^^^^^^^^^^^^^^^^^^^^^\n  File \"/home/runner/.cache/pypoetry/virtualenvs/todoist-test-Iz2mgPfl-py3.11/lib/python3.11/site-packages/selenium/webdriver/remote/webdriver.py\", line 384, in execute\n    self.error_handler.check_response(response)\n  File \"/home/runner/.cache/pypoetry/virtualenvs/todoist-test-Iz2mgPfl-py3.11/lib/python3.11/site-packages/selenium/webdriver/remote/errorhandler.py\", line 232, in check_response\n    raise exception_class(message, screen, stacktrace)\n","steps":[],"attachments":[],"parameters":[],"shouldDisplayMessage":true,"stepsCount":0,"attachmentsCount":0,"hasContent":true,"attachmentStep":false}],"attachments":[],"parameters":[],"shouldDisplayMessage":false,"stepsCount":5,"attachmentsCount":0,"hasContent":true,"attachmentStep":false},"afterStages":[],"labels":[{"name":"severity","value":"normal"},{"name":"tag","value":"project"},{"name":"feature","value":"Create a new project functionallity"},{"name":"framework","value":"behave"},{"name":"language","value":"cpython3"},{"name":"resultFormat","value":"allure2"}],"parameters":[],"links":[],"hidden":false,"retry":false,"extra":{"severity":"normal","retries":[],"categories":[{"name":"Test defects","matchedStatuses":[],"flaky":false}],"tags":["project"]},"source":"6325b2c3ddd66acd.json","parameterValues":[]}