{"uid":"d116a0dd7e9b8c81","name":"Create a new project","fullName":"Create a new project functionallity: Create a new project","historyId":"4f58df25b086a153a002d94d045fa8b0","time":{"start":1733550108490,"stop":1733550117036,"duration":8546},"status":"broken","statusMessage":"selenium.common.exceptions.ElementNotInteractableException: Message: element not interactable\n  (Session info: chrome=131.0.6778.70)\nStacktrace:\n\tGetHandleVerifier [0x00007FF694D02775+28773]\n\t(No symbol) [0x00007FF694C6AFB0]\n\t(No symbol) [0x00007FF694B05359]\n\t(No symbol) [0x00007FF694B52A04]\n\t(No symbol) [0x00007FF694B50B8D]\n\t(No symbol) [0x00007FF694B7EF9A]\n\t(No symbol) [0x00007FF694B4C1C6]\n\t(No symbol) [0x00007FF694B7F1B0]\n\t(No symbol) [0x00007FF694B9F1A4]\n\t(No symbol) [0x00007FF694B7ED43]\n\t(No symbol) [0x00007FF694B4A548]\n\t(No symbol) [0x00007FF694B4B6B1]\n\tGetHandleVerifier [0x00007FF69502F45D+3358029]\n\tGetHandleVerifier [0x00007FF69504430D+3443709]\n\tGetHandleVerifier [0x00007FF6950383FD+3394797]\n\tGetHandleVerifier [0x00007FF694DC929B+842635]\n\t(No symbol) [0x00007FF694C7654F]\n\t(No symbol) [0x00007FF694C71FA4]\n\t(No symbol) [0x00007FF694C7213D]\n\t(No symbol) [0x00007FF694C61629]\n\tBaseThreadInitThunk [0x00007FFD5C867BD4+20]\n\tRtlUserThreadStart [0x00007FFD5DD4CED1+33]\n\n","statusTrace":"  File \"/home/runner/.cache/pypoetry/virtualenvs/todoist-test-Iz2mgPfl-py3.11/lib/python3.11/site-packages/behave/model.py\", line 1329, in run\n    match.run(runner.context)\n  File \"/home/runner/.cache/pypoetry/virtualenvs/todoist-test-Iz2mgPfl-py3.11/lib/python3.11/site-packages/behave/matchers.py\", line 98, in run\n    self.func(context, *args, **kwargs)\n  File \"tests/ui/steps/project_steps.py\", line 17, in step_create_a_project\n    context.project_page.create_a_project(context.project_name)\n  File \"/home/runner/work/todoist-testing/todoist-testing/tests/ui/pages/project_page.py\", line 32, in create_a_project\n    self.driver.find_element(*self.txt_name).send_keys(name)\n  File \"/home/runner/.cache/pypoetry/virtualenvs/todoist-test-Iz2mgPfl-py3.11/lib/python3.11/site-packages/selenium/webdriver/remote/webelement.py\", line 231, in send_keys\n    self._execute(\n  File \"/home/runner/.cache/pypoetry/virtualenvs/todoist-test-Iz2mgPfl-py3.11/lib/python3.11/site-packages/selenium/webdriver/remote/webelement.py\", line 395, in _execute\n    return self._parent.execute(command, params)\n           ^^^^^^^^^^^^^^^^^^^^^^^^^^^^^^^^^^^^^\n  File \"/home/runner/.cache/pypoetry/virtualenvs/todoist-test-Iz2mgPfl-py3.11/lib/python3.11/site-packages/selenium/webdriver/remote/webdriver.py\", line 384, in execute\n    self.error_handler.check_response(response)\n  File \"/home/runner/.cache/pypoetry/virtualenvs/todoist-test-Iz2mgPfl-py3.11/lib/python3.11/site-packages/selenium/webdriver/remote/errorhandler.py\", line 232, in check_response\n    raise exception_class(message, screen, stacktrace)\n","flaky":false,"newFailed":false,"newBroken":false,"newPassed":false,"retriesCount":0,"retriesStatusChange":false,"beforeStages":[],"testStage":{"status":"broken","statusMessage":"selenium.common.exceptions.ElementNotInteractableException: Message: element not interactable\n  (Session info: chrome=131.0.6778.70)\nStacktrace:\n\tGetHandleVerifier [0x00007FF694D02775+28773]\n\t(No symbol) [0x00007FF694C6AFB0]\n\t(No symbol) [0x00007FF694B05359]\n\t(No symbol) [0x00007FF694B52A04]\n\t(No symbol) [0x00007FF694B50B8D]\n\t(No symbol) [0x00007FF694B7EF9A]\n\t(No symbol) [0x00007FF694B4C1C6]\n\t(No symbol) [0x00007FF694B7F1B0]\n\t(No symbol) [0x00007FF694B9F1A4]\n\t(No symbol) [0x00007FF694B7ED43]\n\t(No symbol) [0x00007FF694B4A548]\n\t(No symbol) [0x00007FF694B4B6B1]\n\tGetHandleVerifier [0x00007FF69502F45D+3358029]\n\tGetHandleVerifier [0x00007FF69504430D+3443709]\n\tGetHandleVerifier [0x00007FF6950383FD+3394797]\n\tGetHandleVerifier [0x00007FF694DC929B+842635]\n\t(No symbol) [0x00007FF694C7654F]\n\t(No symbol) [0x00007FF694C71FA4]\n\t(No symbol) [0x00007FF694C7213D]\n\t(No symbol) [0x00007FF694C61629]\n\tBaseThreadInitThunk [0x00007FFD5C867BD4+20]\n\tRtlUserThreadStart [0x00007FFD5DD4CED1+33]\n\n","statusTrace":"  File \"/home/runner/.cache/pypoetry/virtualenvs/todoist-test-Iz2mgPfl-py3.11/lib/python3.11/site-packages/behave/model.py\", line 1329, in run\n    match.run(runner.context)\n  File \"/home/runner/.cache/pypoetry/virtualenvs/todoist-test-Iz2mgPfl-py3.11/lib/python3.11/site-packages/behave/matchers.py\", line 98, in run\n    self.func(context, *args, **kwargs)\n  File \"tests/ui/steps/project_steps.py\", line 17, in step_create_a_project\n    context.project_page.create_a_project(context.project_name)\n  File \"/home/runner/work/todoist-testing/todoist-testing/tests/ui/pages/project_page.py\", line 32, in create_a_project\n    self.driver.find_element(*self.txt_name).send_keys(name)\n  File \"/home/runner/.cache/pypoetry/virtualenvs/todoist-test-Iz2mgPfl-py3.11/lib/python3.11/site-packages/selenium/webdriver/remote/webelement.py\", line 231, in send_keys\n    self._execute(\n  File \"/home/runner/.cache/pypoetry/virtualenvs/todoist-test-Iz2mgPfl-py3.11/lib/python3.11/site-packages/selenium/webdriver/remote/webelement.py\", line 395, in _execute\n    return self._parent.execute(command, params)\n           ^^^^^^^^^^^^^^^^^^^^^^^^^^^^^^^^^^^^^\n  File \"/home/runner/.cache/pypoetry/virtualenvs/todoist-test-Iz2mgPfl-py3.11/lib/python3.11/site-packages/selenium/webdriver/remote/webdriver.py\", line 384, in execute\n    self.error_handler.check_response(response)\n  File \"/home/runner/.cache/pypoetry/virtualenvs/todoist-test-Iz2mgPfl-py3.11/lib/python3.11/site-packages/selenium/webdriver/remote/errorhandler.py\", line 232, in check_response\n    raise exception_class(message, screen, stacktrace)\n","steps":[{"name":"Given the user navigates to the login page","time":{"start":1733550108491,"stop":1733550109838,"duration":1347},"status":"passed","steps":[],"attachments":[],"parameters":[],"shouldDisplayMessage":false,"stepsCount":0,"attachmentsCount":0,"hasContent":false,"attachmentStep":false},{"name":"When the user logs in with valid credentials","time":{"start":1733550109838,"stop":1733550110784,"duration":946},"status":"passed","steps":[],"attachments":[],"parameters":[],"shouldDisplayMessage":false,"stepsCount":0,"attachmentsCount":0,"hasContent":false,"attachmentStep":false},{"name":"When the user click the new project button","time":{"start":1733550110785,"stop":1733550116846,"duration":6061},"status":"passed","steps":[],"attachments":[],"parameters":[],"shouldDisplayMessage":false,"stepsCount":0,"attachmentsCount":0,"hasContent":false,"attachmentStep":false},{"name":"When the user create a project","time":{"start":1733550116846,"stop":1733550117035,"duration":189},"status":"broken","statusMessage":"selenium.common.exceptions.ElementNotInteractableException: Message: element not interactable\n  (Session info: chrome=131.0.6778.70)\nStacktrace:\n\tGetHandleVerifier [0x00007FF694D02775+28773]\n\t(No symbol) [0x00007FF694C6AFB0]\n\t(No symbol) [0x00007FF694B05359]\n\t(No symbol) [0x00007FF694B52A04]\n\t(No symbol) [0x00007FF694B50B8D]\n\t(No symbol) [0x00007FF694B7EF9A]\n\t(No symbol) [0x00007FF694B4C1C6]\n\t(No symbol) [0x00007FF694B7F1B0]\n\t(No symbol) [0x00007FF694B9F1A4]\n\t(No symbol) [0x00007FF694B7ED43]\n\t(No symbol) [0x00007FF694B4A548]\n\t(No symbol) [0x00007FF694B4B6B1]\n\tGetHandleVerifier [0x00007FF69502F45D+3358029]\n\tGetHandleVerifier [0x00007FF69504430D+3443709]\n\tGetHandleVerifier [0x00007FF6950383FD+3394797]\n\tGetHandleVerifier [0x00007FF694DC929B+842635]\n\t(No symbol) [0x00007FF694C7654F]\n\t(No symbol) [0x00007FF694C71FA4]\n\t(No symbol) [0x00007FF694C7213D]\n\t(No symbol) [0x00007FF694C61629]\n\tBaseThreadInitThunk [0x00007FFD5C867BD4+20]\n\tRtlUserThreadStart [0x00007FFD5DD4CED1+33]\n\n","statusTrace":"  File \"/home/runner/.cache/pypoetry/virtualenvs/todoist-test-Iz2mgPfl-py3.11/lib/python3.11/site-packages/behave/model.py\", line 1329, in run\n    match.run(runner.context)\n  File \"/home/runner/.cache/pypoetry/virtualenvs/todoist-test-Iz2mgPfl-py3.11/lib/python3.11/site-packages/behave/matchers.py\", line 98, in run\n    self.func(context, *args, **kwargs)\n  File \"tests/ui/steps/project_steps.py\", line 17, in step_create_a_project\n    context.project_page.create_a_project(context.project_name)\n  File \"/home/runner/work/todoist-testing/todoist-testing/tests/ui/pages/project_page.py\", line 32, in create_a_project\n    self.driver.find_element(*self.txt_name).send_keys(name)\n  File \"/home/runner/.cache/pypoetry/virtualenvs/todoist-test-Iz2mgPfl-py3.11/lib/python3.11/site-packages/selenium/webdriver/remote/webelement.py\", line 231, in send_keys\n    self._execute(\n  File \"/home/runner/.cache/pypoetry/virtualenvs/todoist-test-Iz2mgPfl-py3.11/lib/python3.11/site-packages/selenium/webdriver/remote/webelement.py\", line 395, in _execute\n    return self._parent.execute(command, params)\n           ^^^^^^^^^^^^^^^^^^^^^^^^^^^^^^^^^^^^^\n  File \"/home/runner/.cache/pypoetry/virtualenvs/todoist-test-Iz2mgPfl-py3.11/lib/python3.11/site-packages/selenium/webdriver/remote/webdriver.py\", line 384, in execute\n    self.error_handler.check_response(response)\n  File \"/home/runner/.cache/pypoetry/virtualenvs/todoist-test-Iz2mgPfl-py3.11/lib/python3.11/site-packages/selenium/webdriver/remote/errorhandler.py\", line 232, in check_response\n    raise exception_class(message, screen, stacktrace)\n","steps":[],"attachments":[],"parameters":[],"shouldDisplayMessage":true,"stepsCount":0,"attachmentsCount":0,"hasContent":true,"attachmentStep":false},{"name":"Then the user validates the project data","time":{"start":1733550117036,"stop":1733550117036,"duration":0},"status":"skipped","steps":[],"attachments":[],"parameters":[],"shouldDisplayMessage":false,"stepsCount":0,"attachmentsCount":0,"hasContent":false,"attachmentStep":false}],"attachments":[],"parameters":[],"shouldDisplayMessage":false,"stepsCount":5,"attachmentsCount":0,"hasContent":true,"attachmentStep":false},"afterStages":[],"labels":[{"name":"severity","value":"normal"},{"name":"tag","value":"project"},{"name":"feature","value":"Create a new project functionallity"},{"name":"framework","value":"behave"},{"name":"language","value":"cpython3"},{"name":"resultFormat","value":"allure2"}],"parameters":[],"links":[],"hidden":false,"retry":false,"extra":{"severity":"normal","retries":[],"categories":[{"name":"Test defects","matchedStatuses":[],"flaky":false}],"tags":["project"]},"source":"d116a0dd7e9b8c81.json","parameterValues":[]}