{"uid":"92d2985df04f81b","name":"Create a new project","fullName":"Create a new project functionallity: Create a new project","historyId":"4f58df25b086a153a002d94d045fa8b0","time":{"start":1732867389608,"stop":1732867403757,"duration":14149},"status":"broken","statusMessage":"selenium.common.exceptions.StaleElementReferenceException: Message: stale element reference: stale element not found\n  (Session info: chrome=131.0.6778.70); For documentation on this error, please visit: https://www.selenium.dev/documentation/webdriver/troubleshooting/errors#stale-element-reference-exception\nStacktrace:\n\tGetHandleVerifier [0x00007FF6DF612775+28773]\n\t(No symbol) [0x00007FF6DF57AFB0]\n\t(No symbol) [0x00007FF6DF41552A]\n\t(No symbol) [0x00007FF6DF429B34]\n\t(No symbol) [0x00007FF6DF4285E4]\n\t(No symbol) [0x00007FF6DF41CD19]\n\t(No symbol) [0x00007FF6DF41AB62]\n\t(No symbol) [0x00007FF6DF41ED4C]\n\t(No symbol) [0x00007FF6DF41EE1F]\n\t(No symbol) [0x00007FF6DF46B03B]\n\t(No symbol) [0x00007FF6DF45C866]\n\t(No symbol) [0x00007FF6DF48EF9A]\n\t(No symbol) [0x00007FF6DF45C1C6]\n\t(No symbol) [0x00007FF6DF48F1B0]\n\t(No symbol) [0x00007FF6DF4AF1A4]\n\t(No symbol) [0x00007FF6DF48ED43]\n\t(No symbol) [0x00007FF6DF45A548]\n\t(No symbol) [0x00007FF6DF45B6B1]\n\tGetHandleVerifier [0x00007FF6DF93F45D+3358029]\n\tGetHandleVerifier [0x00007FF6DF95430D+3443709]\n\tGetHandleVerifier [0x00007FF6DF9483FD+3394797]\n\tGetHandleVerifier [0x00007FF6DF6D929B+842635]\n\t(No symbol) [0x00007FF6DF58654F]\n\t(No symbol) [0x00007FF6DF581FA4]\n\t(No symbol) [0x00007FF6DF58213D]\n\t(No symbol) [0x00007FF6DF571629]\n\tBaseThreadInitThunk [0x00007FFE5B5B7BD4+20]\n\tRtlUserThreadStart [0x00007FFE5D54CED1+33]\n\n","statusTrace":"  File \"/home/runner/.cache/pypoetry/virtualenvs/todoist-test-Iz2mgPfl-py3.11/lib/python3.11/site-packages/behave/model.py\", line 1329, in run\n    match.run(runner.context)\n  File \"/home/runner/.cache/pypoetry/virtualenvs/todoist-test-Iz2mgPfl-py3.11/lib/python3.11/site-packages/behave/matchers.py\", line 98, in run\n    self.func(context, *args, **kwargs)\n  File \"tests/ui/steps/project_steps.py\", line 17, in step_create_a_project\n    context.project_page.create_a_project(context.project_name)\n  File \"/home/runner/work/todoist-testing/todoist-testing/tests/ui/pages/project_page.py\", line 33, in create_a_project\n    self.driver.find_element(*self.btn_create_project).click()\n  File \"/home/runner/.cache/pypoetry/virtualenvs/todoist-test-Iz2mgPfl-py3.11/lib/python3.11/site-packages/selenium/webdriver/remote/webelement.py\", line 94, in click\n    self._execute(Command.CLICK_ELEMENT)\n  File \"/home/runner/.cache/pypoetry/virtualenvs/todoist-test-Iz2mgPfl-py3.11/lib/python3.11/site-packages/selenium/webdriver/remote/webelement.py\", line 395, in _execute\n    return self._parent.execute(command, params)\n           ^^^^^^^^^^^^^^^^^^^^^^^^^^^^^^^^^^^^^\n  File \"/home/runner/.cache/pypoetry/virtualenvs/todoist-test-Iz2mgPfl-py3.11/lib/python3.11/site-packages/selenium/webdriver/remote/webdriver.py\", line 384, in execute\n    self.error_handler.check_response(response)\n  File \"/home/runner/.cache/pypoetry/virtualenvs/todoist-test-Iz2mgPfl-py3.11/lib/python3.11/site-packages/selenium/webdriver/remote/errorhandler.py\", line 232, in check_response\n    raise exception_class(message, screen, stacktrace)\n","flaky":false,"newFailed":false,"newBroken":false,"newPassed":false,"retriesCount":0,"retriesStatusChange":false,"beforeStages":[],"testStage":{"status":"broken","statusMessage":"selenium.common.exceptions.StaleElementReferenceException: Message: stale element reference: stale element not found\n  (Session info: chrome=131.0.6778.70); For documentation on this error, please visit: https://www.selenium.dev/documentation/webdriver/troubleshooting/errors#stale-element-reference-exception\nStacktrace:\n\tGetHandleVerifier [0x00007FF6DF612775+28773]\n\t(No symbol) [0x00007FF6DF57AFB0]\n\t(No symbol) [0x00007FF6DF41552A]\n\t(No symbol) [0x00007FF6DF429B34]\n\t(No symbol) [0x00007FF6DF4285E4]\n\t(No symbol) [0x00007FF6DF41CD19]\n\t(No symbol) [0x00007FF6DF41AB62]\n\t(No symbol) [0x00007FF6DF41ED4C]\n\t(No symbol) [0x00007FF6DF41EE1F]\n\t(No symbol) [0x00007FF6DF46B03B]\n\t(No symbol) [0x00007FF6DF45C866]\n\t(No symbol) [0x00007FF6DF48EF9A]\n\t(No symbol) [0x00007FF6DF45C1C6]\n\t(No symbol) [0x00007FF6DF48F1B0]\n\t(No symbol) [0x00007FF6DF4AF1A4]\n\t(No symbol) [0x00007FF6DF48ED43]\n\t(No symbol) [0x00007FF6DF45A548]\n\t(No symbol) [0x00007FF6DF45B6B1]\n\tGetHandleVerifier [0x00007FF6DF93F45D+3358029]\n\tGetHandleVerifier [0x00007FF6DF95430D+3443709]\n\tGetHandleVerifier [0x00007FF6DF9483FD+3394797]\n\tGetHandleVerifier [0x00007FF6DF6D929B+842635]\n\t(No symbol) [0x00007FF6DF58654F]\n\t(No symbol) [0x00007FF6DF581FA4]\n\t(No symbol) [0x00007FF6DF58213D]\n\t(No symbol) [0x00007FF6DF571629]\n\tBaseThreadInitThunk [0x00007FFE5B5B7BD4+20]\n\tRtlUserThreadStart [0x00007FFE5D54CED1+33]\n\n","statusTrace":"  File \"/home/runner/.cache/pypoetry/virtualenvs/todoist-test-Iz2mgPfl-py3.11/lib/python3.11/site-packages/behave/model.py\", line 1329, in run\n    match.run(runner.context)\n  File \"/home/runner/.cache/pypoetry/virtualenvs/todoist-test-Iz2mgPfl-py3.11/lib/python3.11/site-packages/behave/matchers.py\", line 98, in run\n    self.func(context, *args, **kwargs)\n  File \"tests/ui/steps/project_steps.py\", line 17, in step_create_a_project\n    context.project_page.create_a_project(context.project_name)\n  File \"/home/runner/work/todoist-testing/todoist-testing/tests/ui/pages/project_page.py\", line 33, in create_a_project\n    self.driver.find_element(*self.btn_create_project).click()\n  File \"/home/runner/.cache/pypoetry/virtualenvs/todoist-test-Iz2mgPfl-py3.11/lib/python3.11/site-packages/selenium/webdriver/remote/webelement.py\", line 94, in click\n    self._execute(Command.CLICK_ELEMENT)\n  File \"/home/runner/.cache/pypoetry/virtualenvs/todoist-test-Iz2mgPfl-py3.11/lib/python3.11/site-packages/selenium/webdriver/remote/webelement.py\", line 395, in _execute\n    return self._parent.execute(command, params)\n           ^^^^^^^^^^^^^^^^^^^^^^^^^^^^^^^^^^^^^\n  File \"/home/runner/.cache/pypoetry/virtualenvs/todoist-test-Iz2mgPfl-py3.11/lib/python3.11/site-packages/selenium/webdriver/remote/webdriver.py\", line 384, in execute\n    self.error_handler.check_response(response)\n  File \"/home/runner/.cache/pypoetry/virtualenvs/todoist-test-Iz2mgPfl-py3.11/lib/python3.11/site-packages/selenium/webdriver/remote/errorhandler.py\", line 232, in check_response\n    raise exception_class(message, screen, stacktrace)\n","steps":[{"name":"Given the user navigates to the login page","time":{"start":1732867389608,"stop":1732867390639,"duration":1031},"status":"passed","steps":[],"attachments":[],"parameters":[],"shouldDisplayMessage":false,"stepsCount":0,"attachmentsCount":0,"hasContent":false,"attachmentStep":false},{"name":"When the user logs in with valid credentials","time":{"start":1732867390639,"stop":1732867391379,"duration":740},"status":"passed","steps":[],"attachments":[],"parameters":[],"shouldDisplayMessage":false,"stepsCount":0,"attachmentsCount":0,"hasContent":false,"attachmentStep":false},{"name":"When the user click the new project button","time":{"start":1732867391379,"stop":1732867396400,"duration":5021},"status":"passed","steps":[],"attachments":[],"parameters":[],"shouldDisplayMessage":false,"stepsCount":0,"attachmentsCount":0,"hasContent":false,"attachmentStep":false},{"name":"When the user create a project","time":{"start":1732867396400,"stop":1732867403757,"duration":7357},"status":"broken","statusMessage":"selenium.common.exceptions.StaleElementReferenceException: Message: stale element reference: stale element not found\n  (Session info: chrome=131.0.6778.70); For documentation on this error, please visit: https://www.selenium.dev/documentation/webdriver/troubleshooting/errors#stale-element-reference-exception\nStacktrace:\n\tGetHandleVerifier [0x00007FF6DF612775+28773]\n\t(No symbol) [0x00007FF6DF57AFB0]\n\t(No symbol) [0x00007FF6DF41552A]\n\t(No symbol) [0x00007FF6DF429B34]\n\t(No symbol) [0x00007FF6DF4285E4]\n\t(No symbol) [0x00007FF6DF41CD19]\n\t(No symbol) [0x00007FF6DF41AB62]\n\t(No symbol) [0x00007FF6DF41ED4C]\n\t(No symbol) [0x00007FF6DF41EE1F]\n\t(No symbol) [0x00007FF6DF46B03B]\n\t(No symbol) [0x00007FF6DF45C866]\n\t(No symbol) [0x00007FF6DF48EF9A]\n\t(No symbol) [0x00007FF6DF45C1C6]\n\t(No symbol) [0x00007FF6DF48F1B0]\n\t(No symbol) [0x00007FF6DF4AF1A4]\n\t(No symbol) [0x00007FF6DF48ED43]\n\t(No symbol) [0x00007FF6DF45A548]\n\t(No symbol) [0x00007FF6DF45B6B1]\n\tGetHandleVerifier [0x00007FF6DF93F45D+3358029]\n\tGetHandleVerifier [0x00007FF6DF95430D+3443709]\n\tGetHandleVerifier [0x00007FF6DF9483FD+3394797]\n\tGetHandleVerifier [0x00007FF6DF6D929B+842635]\n\t(No symbol) [0x00007FF6DF58654F]\n\t(No symbol) [0x00007FF6DF581FA4]\n\t(No symbol) [0x00007FF6DF58213D]\n\t(No symbol) [0x00007FF6DF571629]\n\tBaseThreadInitThunk [0x00007FFE5B5B7BD4+20]\n\tRtlUserThreadStart [0x00007FFE5D54CED1+33]\n\n","statusTrace":"  File \"/home/runner/.cache/pypoetry/virtualenvs/todoist-test-Iz2mgPfl-py3.11/lib/python3.11/site-packages/behave/model.py\", line 1329, in run\n    match.run(runner.context)\n  File \"/home/runner/.cache/pypoetry/virtualenvs/todoist-test-Iz2mgPfl-py3.11/lib/python3.11/site-packages/behave/matchers.py\", line 98, in run\n    self.func(context, *args, **kwargs)\n  File \"tests/ui/steps/project_steps.py\", line 17, in step_create_a_project\n    context.project_page.create_a_project(context.project_name)\n  File \"/home/runner/work/todoist-testing/todoist-testing/tests/ui/pages/project_page.py\", line 33, in create_a_project\n    self.driver.find_element(*self.btn_create_project).click()\n  File \"/home/runner/.cache/pypoetry/virtualenvs/todoist-test-Iz2mgPfl-py3.11/lib/python3.11/site-packages/selenium/webdriver/remote/webelement.py\", line 94, in click\n    self._execute(Command.CLICK_ELEMENT)\n  File \"/home/runner/.cache/pypoetry/virtualenvs/todoist-test-Iz2mgPfl-py3.11/lib/python3.11/site-packages/selenium/webdriver/remote/webelement.py\", line 395, in _execute\n    return self._parent.execute(command, params)\n           ^^^^^^^^^^^^^^^^^^^^^^^^^^^^^^^^^^^^^\n  File \"/home/runner/.cache/pypoetry/virtualenvs/todoist-test-Iz2mgPfl-py3.11/lib/python3.11/site-packages/selenium/webdriver/remote/webdriver.py\", line 384, in execute\n    self.error_handler.check_response(response)\n  File \"/home/runner/.cache/pypoetry/virtualenvs/todoist-test-Iz2mgPfl-py3.11/lib/python3.11/site-packages/selenium/webdriver/remote/errorhandler.py\", line 232, in check_response\n    raise exception_class(message, screen, stacktrace)\n","steps":[],"attachments":[],"parameters":[],"shouldDisplayMessage":true,"stepsCount":0,"attachmentsCount":0,"hasContent":true,"attachmentStep":false},{"name":"Then the user validates the project data","time":{"start":1732867403757,"stop":1732867403757,"duration":0},"status":"skipped","steps":[],"attachments":[],"parameters":[],"shouldDisplayMessage":false,"stepsCount":0,"attachmentsCount":0,"hasContent":false,"attachmentStep":false}],"attachments":[],"parameters":[],"shouldDisplayMessage":false,"stepsCount":5,"attachmentsCount":0,"hasContent":true,"attachmentStep":false},"afterStages":[],"labels":[{"name":"severity","value":"normal"},{"name":"tag","value":"project"},{"name":"feature","value":"Create a new project functionallity"},{"name":"framework","value":"behave"},{"name":"language","value":"cpython3"},{"name":"resultFormat","value":"allure2"}],"parameters":[],"links":[],"hidden":false,"retry":false,"extra":{"severity":"normal","retries":[],"categories":[{"name":"Test defects","matchedStatuses":[],"flaky":false}],"tags":["project"]},"source":"92d2985df04f81b.json","parameterValues":[]}