{"uid":"fca5e3700d5a3821","name":"Create a new project","fullName":"Create a new project functionallity: Create a new project","historyId":"4f58df25b086a153a002d94d045fa8b0","time":{"start":1732867383174,"stop":1732867394619,"duration":11445},"status":"broken","statusMessage":"selenium.common.exceptions.NoSuchElementException: Message: no such element: Unable to locate element: {\"method\":\"xpath\",\"selector\":\"//H1[text()='Morocco']\"}\n  (Session info: chrome=131.0.6778.70); For documentation on this error, please visit: https://www.selenium.dev/documentation/webdriver/troubleshooting/errors#no-such-element-exception\nStacktrace:\n0   chromedriver                        0x000000010514d548 cxxbridge1$str$ptr + 3618920\n1   chromedriver                        0x0000000105145d98 cxxbridge1$str$ptr + 3588280\n2   chromedriver                        0x0000000104bb49c4 cxxbridge1$string$len + 89228\n3   chromedriver                        0x0000000104bf8da8 cxxbridge1$string$len + 368752\n4   chromedriver                        0x0000000104c3254c cxxbridge1$string$len + 604180\n5   chromedriver                        0x0000000104bed5c0 cxxbridge1$string$len + 321672\n6   chromedriver                        0x0000000104bee210 cxxbridge1$string$len + 324824\n7   chromedriver                        0x00000001051194bc cxxbridge1$str$ptr + 3405788\n8   chromedriver                        0x000000010511c7dc cxxbridge1$str$ptr + 3418876\n9   chromedriver                        0x0000000105100130 cxxbridge1$str$ptr + 3302480\n10  chromedriver                        0x000000010511d09c cxxbridge1$str$ptr + 3421116\n11  chromedriver                        0x00000001050f1888 cxxbridge1$str$ptr + 3242920\n12  chromedriver                        0x00000001051369c8 cxxbridge1$str$ptr + 3525864\n13  chromedriver                        0x0000000105136b44 cxxbridge1$str$ptr + 3526244\n14  chromedriver                        0x0000000105145a0c cxxbridge1$str$ptr + 3587372\n15  libsystem_pthread.dylib             0x000000019c9232e4 _pthread_start + 136\n16  libsystem_pthread.dylib             0x000000019c91e0fc thread_start + 8\n\n","statusTrace":"  File \"/home/runner/.cache/pypoetry/virtualenvs/todoist-test-Iz2mgPfl-py3.11/lib/python3.11/site-packages/behave/model.py\", line 1329, in run\n    match.run(runner.context)\n  File \"/home/runner/.cache/pypoetry/virtualenvs/todoist-test-Iz2mgPfl-py3.11/lib/python3.11/site-packages/behave/matchers.py\", line 98, in run\n    self.func(context, *args, **kwargs)\n  File \"tests/ui/steps/project_steps.py\", line 25, in step_validate_the_project\n    assert context.project_page.driver.find_element(*txt_project_name).is_displayed()\n           ^^^^^^^^^^^^^^^^^^^^^^^^^^^^^^^^^^^^^^^^^^^^^^^^^^^^^^^^^^^\n  File \"/home/runner/.cache/pypoetry/virtualenvs/todoist-test-Iz2mgPfl-py3.11/lib/python3.11/site-packages/selenium/webdriver/remote/webdriver.py\", line 770, in find_element\n    return self.execute(Command.FIND_ELEMENT, {\"using\": by, \"value\": value})[\"value\"]\n           ^^^^^^^^^^^^^^^^^^^^^^^^^^^^^^^^^^^^^^^^^^^^^^^^^^^^^^^^^^^^^^^^^\n  File \"/home/runner/.cache/pypoetry/virtualenvs/todoist-test-Iz2mgPfl-py3.11/lib/python3.11/site-packages/selenium/webdriver/remote/webdriver.py\", line 384, in execute\n    self.error_handler.check_response(response)\n  File \"/home/runner/.cache/pypoetry/virtualenvs/todoist-test-Iz2mgPfl-py3.11/lib/python3.11/site-packages/selenium/webdriver/remote/errorhandler.py\", line 232, in check_response\n    raise exception_class(message, screen, stacktrace)\n","flaky":false,"newFailed":false,"newBroken":false,"newPassed":false,"retriesCount":0,"retriesStatusChange":false,"beforeStages":[],"testStage":{"status":"broken","statusMessage":"selenium.common.exceptions.NoSuchElementException: Message: no such element: Unable to locate element: {\"method\":\"xpath\",\"selector\":\"//H1[text()='Morocco']\"}\n  (Session info: chrome=131.0.6778.70); For documentation on this error, please visit: https://www.selenium.dev/documentation/webdriver/troubleshooting/errors#no-such-element-exception\nStacktrace:\n0   chromedriver                        0x000000010514d548 cxxbridge1$str$ptr + 3618920\n1   chromedriver                        0x0000000105145d98 cxxbridge1$str$ptr + 3588280\n2   chromedriver                        0x0000000104bb49c4 cxxbridge1$string$len + 89228\n3   chromedriver                        0x0000000104bf8da8 cxxbridge1$string$len + 368752\n4   chromedriver                        0x0000000104c3254c cxxbridge1$string$len + 604180\n5   chromedriver                        0x0000000104bed5c0 cxxbridge1$string$len + 321672\n6   chromedriver                        0x0000000104bee210 cxxbridge1$string$len + 324824\n7   chromedriver                        0x00000001051194bc cxxbridge1$str$ptr + 3405788\n8   chromedriver                        0x000000010511c7dc cxxbridge1$str$ptr + 3418876\n9   chromedriver                        0x0000000105100130 cxxbridge1$str$ptr + 3302480\n10  chromedriver                        0x000000010511d09c cxxbridge1$str$ptr + 3421116\n11  chromedriver                        0x00000001050f1888 cxxbridge1$str$ptr + 3242920\n12  chromedriver                        0x00000001051369c8 cxxbridge1$str$ptr + 3525864\n13  chromedriver                        0x0000000105136b44 cxxbridge1$str$ptr + 3526244\n14  chromedriver                        0x0000000105145a0c cxxbridge1$str$ptr + 3587372\n15  libsystem_pthread.dylib             0x000000019c9232e4 _pthread_start + 136\n16  libsystem_pthread.dylib             0x000000019c91e0fc thread_start + 8\n\n","statusTrace":"  File \"/home/runner/.cache/pypoetry/virtualenvs/todoist-test-Iz2mgPfl-py3.11/lib/python3.11/site-packages/behave/model.py\", line 1329, in run\n    match.run(runner.context)\n  File \"/home/runner/.cache/pypoetry/virtualenvs/todoist-test-Iz2mgPfl-py3.11/lib/python3.11/site-packages/behave/matchers.py\", line 98, in run\n    self.func(context, *args, **kwargs)\n  File \"tests/ui/steps/project_steps.py\", line 25, in step_validate_the_project\n    assert context.project_page.driver.find_element(*txt_project_name).is_displayed()\n           ^^^^^^^^^^^^^^^^^^^^^^^^^^^^^^^^^^^^^^^^^^^^^^^^^^^^^^^^^^^\n  File \"/home/runner/.cache/pypoetry/virtualenvs/todoist-test-Iz2mgPfl-py3.11/lib/python3.11/site-packages/selenium/webdriver/remote/webdriver.py\", line 770, in find_element\n    return self.execute(Command.FIND_ELEMENT, {\"using\": by, \"value\": value})[\"value\"]\n           ^^^^^^^^^^^^^^^^^^^^^^^^^^^^^^^^^^^^^^^^^^^^^^^^^^^^^^^^^^^^^^^^^\n  File \"/home/runner/.cache/pypoetry/virtualenvs/todoist-test-Iz2mgPfl-py3.11/lib/python3.11/site-packages/selenium/webdriver/remote/webdriver.py\", line 384, in execute\n    self.error_handler.check_response(response)\n  File \"/home/runner/.cache/pypoetry/virtualenvs/todoist-test-Iz2mgPfl-py3.11/lib/python3.11/site-packages/selenium/webdriver/remote/errorhandler.py\", line 232, in check_response\n    raise exception_class(message, screen, stacktrace)\n","steps":[{"name":"Given the user navigates to the login page","time":{"start":1732867383174,"stop":1732867383385,"duration":211},"status":"passed","steps":[],"attachments":[],"parameters":[],"shouldDisplayMessage":false,"stepsCount":0,"attachmentsCount":0,"hasContent":false,"attachmentStep":false},{"name":"When the user logs in with valid credentials","time":{"start":1732867383385,"stop":1732867383881,"duration":496},"status":"passed","steps":[],"attachments":[],"parameters":[],"shouldDisplayMessage":false,"stepsCount":0,"attachmentsCount":0,"hasContent":false,"attachmentStep":false},{"name":"When the user click the new project button","time":{"start":1732867383882,"stop":1732867388346,"duration":4464},"status":"passed","steps":[],"attachments":[],"parameters":[],"shouldDisplayMessage":false,"stepsCount":0,"attachmentsCount":0,"hasContent":false,"attachmentStep":false},{"name":"When the user create a project","time":{"start":1732867388346,"stop":1732867389547,"duration":1201},"status":"passed","steps":[],"attachments":[],"parameters":[],"shouldDisplayMessage":false,"stepsCount":0,"attachmentsCount":0,"hasContent":false,"attachmentStep":false},{"name":"Then the user validates the project data","time":{"start":1732867389547,"stop":1732867394619,"duration":5072},"status":"broken","statusMessage":"selenium.common.exceptions.NoSuchElementException: Message: no such element: Unable to locate element: {\"method\":\"xpath\",\"selector\":\"//H1[text()='Morocco']\"}\n  (Session info: chrome=131.0.6778.70); For documentation on this error, please visit: https://www.selenium.dev/documentation/webdriver/troubleshooting/errors#no-such-element-exception\nStacktrace:\n0   chromedriver                        0x000000010514d548 cxxbridge1$str$ptr + 3618920\n1   chromedriver                        0x0000000105145d98 cxxbridge1$str$ptr + 3588280\n2   chromedriver                        0x0000000104bb49c4 cxxbridge1$string$len + 89228\n3   chromedriver                        0x0000000104bf8da8 cxxbridge1$string$len + 368752\n4   chromedriver                        0x0000000104c3254c cxxbridge1$string$len + 604180\n5   chromedriver                        0x0000000104bed5c0 cxxbridge1$string$len + 321672\n6   chromedriver                        0x0000000104bee210 cxxbridge1$string$len + 324824\n7   chromedriver                        0x00000001051194bc cxxbridge1$str$ptr + 3405788\n8   chromedriver                        0x000000010511c7dc cxxbridge1$str$ptr + 3418876\n9   chromedriver                        0x0000000105100130 cxxbridge1$str$ptr + 3302480\n10  chromedriver                        0x000000010511d09c cxxbridge1$str$ptr + 3421116\n11  chromedriver                        0x00000001050f1888 cxxbridge1$str$ptr + 3242920\n12  chromedriver                        0x00000001051369c8 cxxbridge1$str$ptr + 3525864\n13  chromedriver                        0x0000000105136b44 cxxbridge1$str$ptr + 3526244\n14  chromedriver                        0x0000000105145a0c cxxbridge1$str$ptr + 3587372\n15  libsystem_pthread.dylib             0x000000019c9232e4 _pthread_start + 136\n16  libsystem_pthread.dylib             0x000000019c91e0fc thread_start + 8\n\n","statusTrace":"  File \"/home/runner/.cache/pypoetry/virtualenvs/todoist-test-Iz2mgPfl-py3.11/lib/python3.11/site-packages/behave/model.py\", line 1329, in run\n    match.run(runner.context)\n  File \"/home/runner/.cache/pypoetry/virtualenvs/todoist-test-Iz2mgPfl-py3.11/lib/python3.11/site-packages/behave/matchers.py\", line 98, in run\n    self.func(context, *args, **kwargs)\n  File \"tests/ui/steps/project_steps.py\", line 25, in step_validate_the_project\n    assert context.project_page.driver.find_element(*txt_project_name).is_displayed()\n           ^^^^^^^^^^^^^^^^^^^^^^^^^^^^^^^^^^^^^^^^^^^^^^^^^^^^^^^^^^^\n  File \"/home/runner/.cache/pypoetry/virtualenvs/todoist-test-Iz2mgPfl-py3.11/lib/python3.11/site-packages/selenium/webdriver/remote/webdriver.py\", line 770, in find_element\n    return self.execute(Command.FIND_ELEMENT, {\"using\": by, \"value\": value})[\"value\"]\n           ^^^^^^^^^^^^^^^^^^^^^^^^^^^^^^^^^^^^^^^^^^^^^^^^^^^^^^^^^^^^^^^^^\n  File \"/home/runner/.cache/pypoetry/virtualenvs/todoist-test-Iz2mgPfl-py3.11/lib/python3.11/site-packages/selenium/webdriver/remote/webdriver.py\", line 384, in execute\n    self.error_handler.check_response(response)\n  File \"/home/runner/.cache/pypoetry/virtualenvs/todoist-test-Iz2mgPfl-py3.11/lib/python3.11/site-packages/selenium/webdriver/remote/errorhandler.py\", line 232, in check_response\n    raise exception_class(message, screen, stacktrace)\n","steps":[],"attachments":[],"parameters":[],"shouldDisplayMessage":true,"stepsCount":0,"attachmentsCount":0,"hasContent":true,"attachmentStep":false}],"attachments":[],"parameters":[],"shouldDisplayMessage":false,"stepsCount":5,"attachmentsCount":0,"hasContent":true,"attachmentStep":false},"afterStages":[],"labels":[{"name":"severity","value":"normal"},{"name":"tag","value":"project"},{"name":"feature","value":"Create a new project functionallity"},{"name":"framework","value":"behave"},{"name":"language","value":"cpython3"},{"name":"resultFormat","value":"allure2"}],"parameters":[],"links":[],"hidden":false,"retry":false,"extra":{"severity":"normal","retries":[],"categories":[{"name":"Test defects","matchedStatuses":[],"flaky":false}],"tags":["project"]},"source":"fca5e3700d5a3821.json","parameterValues":[]}