{"uid":"869b0c8227d56591","name":"Create a new project","fullName":"Create a new project functionallity: Create a new project","historyId":"4f58df25b086a153a002d94d045fa8b0","time":{"start":1732868955965,"stop":1732868974166,"duration":18201},"status":"broken","statusMessage":"selenium.common.exceptions.NoSuchElementException: Message: no such element: Unable to locate element: {\"method\":\"xpath\",\"selector\":\"//H1[text()='Belgium']\"}\n  (Session info: chrome=131.0.6778.70); For documentation on this error, please visit: https://www.selenium.dev/documentation/webdriver/troubleshooting/errors#no-such-element-exception\nStacktrace:\n\tGetHandleVerifier [0x00007FF668492775+28773]\n\t(No symbol) [0x00007FF6683FAFB0]\n\t(No symbol) [0x00007FF66829552A]\n\t(No symbol) [0x00007FF6682E8EAE]\n\t(No symbol) [0x00007FF6682E919C]\n\t(No symbol) [0x00007FF6683323F7]\n\t(No symbol) [0x00007FF66830EFDF]\n\t(No symbol) [0x00007FF66832F1A4]\n\t(No symbol) [0x00007FF66830ED43]\n\t(No symbol) [0x00007FF6682DA548]\n\t(No symbol) [0x00007FF6682DB6B1]\n\tGetHandleVerifier [0x00007FF6687BF45D+3358029]\n\tGetHandleVerifier [0x00007FF6687D430D+3443709]\n\tGetHandleVerifier [0x00007FF6687C83FD+3394797]\n\tGetHandleVerifier [0x00007FF66855929B+842635]\n\t(No symbol) [0x00007FF66840654F]\n\t(No symbol) [0x00007FF668401FA4]\n\t(No symbol) [0x00007FF66840213D]\n\t(No symbol) [0x00007FF6683F1629]\n\tBaseThreadInitThunk [0x00007FFAE00D3034+20]\n\tRtlUserThreadStart [0x00007FFAE2A81551+33]\n\n","statusTrace":"  File \"/home/runner/.cache/pypoetry/virtualenvs/todoist-test-Iz2mgPfl-py3.11/lib/python3.11/site-packages/behave/model.py\", line 1329, in run\n    match.run(runner.context)\n  File \"/home/runner/.cache/pypoetry/virtualenvs/todoist-test-Iz2mgPfl-py3.11/lib/python3.11/site-packages/behave/matchers.py\", line 98, in run\n    self.func(context, *args, **kwargs)\n  File \"tests/ui/steps/project_steps.py\", line 25, in step_validate_the_project\n    assert context.project_page.driver.find_element(*txt_project_name).is_displayed()\n           ^^^^^^^^^^^^^^^^^^^^^^^^^^^^^^^^^^^^^^^^^^^^^^^^^^^^^^^^^^^\n  File \"/home/runner/.cache/pypoetry/virtualenvs/todoist-test-Iz2mgPfl-py3.11/lib/python3.11/site-packages/selenium/webdriver/remote/webdriver.py\", line 770, in find_element\n    return self.execute(Command.FIND_ELEMENT, {\"using\": by, \"value\": value})[\"value\"]\n           ^^^^^^^^^^^^^^^^^^^^^^^^^^^^^^^^^^^^^^^^^^^^^^^^^^^^^^^^^^^^^^^^^\n  File \"/home/runner/.cache/pypoetry/virtualenvs/todoist-test-Iz2mgPfl-py3.11/lib/python3.11/site-packages/selenium/webdriver/remote/webdriver.py\", line 384, in execute\n    self.error_handler.check_response(response)\n  File \"/home/runner/.cache/pypoetry/virtualenvs/todoist-test-Iz2mgPfl-py3.11/lib/python3.11/site-packages/selenium/webdriver/remote/errorhandler.py\", line 232, in check_response\n    raise exception_class(message, screen, stacktrace)\n","flaky":false,"newFailed":false,"newBroken":false,"newPassed":false,"retriesCount":0,"retriesStatusChange":false,"beforeStages":[],"testStage":{"status":"broken","statusMessage":"selenium.common.exceptions.NoSuchElementException: Message: no such element: Unable to locate element: {\"method\":\"xpath\",\"selector\":\"//H1[text()='Belgium']\"}\n  (Session info: chrome=131.0.6778.70); For documentation on this error, please visit: https://www.selenium.dev/documentation/webdriver/troubleshooting/errors#no-such-element-exception\nStacktrace:\n\tGetHandleVerifier [0x00007FF668492775+28773]\n\t(No symbol) [0x00007FF6683FAFB0]\n\t(No symbol) [0x00007FF66829552A]\n\t(No symbol) [0x00007FF6682E8EAE]\n\t(No symbol) [0x00007FF6682E919C]\n\t(No symbol) [0x00007FF6683323F7]\n\t(No symbol) [0x00007FF66830EFDF]\n\t(No symbol) [0x00007FF66832F1A4]\n\t(No symbol) [0x00007FF66830ED43]\n\t(No symbol) [0x00007FF6682DA548]\n\t(No symbol) [0x00007FF6682DB6B1]\n\tGetHandleVerifier [0x00007FF6687BF45D+3358029]\n\tGetHandleVerifier [0x00007FF6687D430D+3443709]\n\tGetHandleVerifier [0x00007FF6687C83FD+3394797]\n\tGetHandleVerifier [0x00007FF66855929B+842635]\n\t(No symbol) [0x00007FF66840654F]\n\t(No symbol) [0x00007FF668401FA4]\n\t(No symbol) [0x00007FF66840213D]\n\t(No symbol) [0x00007FF6683F1629]\n\tBaseThreadInitThunk [0x00007FFAE00D3034+20]\n\tRtlUserThreadStart [0x00007FFAE2A81551+33]\n\n","statusTrace":"  File \"/home/runner/.cache/pypoetry/virtualenvs/todoist-test-Iz2mgPfl-py3.11/lib/python3.11/site-packages/behave/model.py\", line 1329, in run\n    match.run(runner.context)\n  File \"/home/runner/.cache/pypoetry/virtualenvs/todoist-test-Iz2mgPfl-py3.11/lib/python3.11/site-packages/behave/matchers.py\", line 98, in run\n    self.func(context, *args, **kwargs)\n  File \"tests/ui/steps/project_steps.py\", line 25, in step_validate_the_project\n    assert context.project_page.driver.find_element(*txt_project_name).is_displayed()\n           ^^^^^^^^^^^^^^^^^^^^^^^^^^^^^^^^^^^^^^^^^^^^^^^^^^^^^^^^^^^\n  File \"/home/runner/.cache/pypoetry/virtualenvs/todoist-test-Iz2mgPfl-py3.11/lib/python3.11/site-packages/selenium/webdriver/remote/webdriver.py\", line 770, in find_element\n    return self.execute(Command.FIND_ELEMENT, {\"using\": by, \"value\": value})[\"value\"]\n           ^^^^^^^^^^^^^^^^^^^^^^^^^^^^^^^^^^^^^^^^^^^^^^^^^^^^^^^^^^^^^^^^^\n  File \"/home/runner/.cache/pypoetry/virtualenvs/todoist-test-Iz2mgPfl-py3.11/lib/python3.11/site-packages/selenium/webdriver/remote/webdriver.py\", line 384, in execute\n    self.error_handler.check_response(response)\n  File \"/home/runner/.cache/pypoetry/virtualenvs/todoist-test-Iz2mgPfl-py3.11/lib/python3.11/site-packages/selenium/webdriver/remote/errorhandler.py\", line 232, in check_response\n    raise exception_class(message, screen, stacktrace)\n","steps":[{"name":"Given the user navigates to the login page","time":{"start":1732868955965,"stop":1732868956581,"duration":616},"status":"passed","steps":[],"attachments":[],"parameters":[],"shouldDisplayMessage":false,"stepsCount":0,"attachmentsCount":0,"hasContent":false,"attachmentStep":false},{"name":"When the user logs in with valid credentials","time":{"start":1732868956581,"stop":1732868957591,"duration":1010},"status":"passed","steps":[],"attachments":[],"parameters":[],"shouldDisplayMessage":false,"stepsCount":0,"attachmentsCount":0,"hasContent":false,"attachmentStep":false},{"name":"When the user click the new project button","time":{"start":1732868957591,"stop":1732868964556,"duration":6965},"status":"passed","steps":[],"attachments":[],"parameters":[],"shouldDisplayMessage":false,"stepsCount":0,"attachmentsCount":0,"hasContent":false,"attachmentStep":false},{"name":"When the user create a project","time":{"start":1732868964556,"stop":1732868968980,"duration":4424},"status":"passed","steps":[],"attachments":[],"parameters":[],"shouldDisplayMessage":false,"stepsCount":0,"attachmentsCount":0,"hasContent":false,"attachmentStep":false},{"name":"Then the user validates the project data","time":{"start":1732868968980,"stop":1732868974166,"duration":5186},"status":"broken","statusMessage":"selenium.common.exceptions.NoSuchElementException: Message: no such element: Unable to locate element: {\"method\":\"xpath\",\"selector\":\"//H1[text()='Belgium']\"}\n  (Session info: chrome=131.0.6778.70); For documentation on this error, please visit: https://www.selenium.dev/documentation/webdriver/troubleshooting/errors#no-such-element-exception\nStacktrace:\n\tGetHandleVerifier [0x00007FF668492775+28773]\n\t(No symbol) [0x00007FF6683FAFB0]\n\t(No symbol) [0x00007FF66829552A]\n\t(No symbol) [0x00007FF6682E8EAE]\n\t(No symbol) [0x00007FF6682E919C]\n\t(No symbol) [0x00007FF6683323F7]\n\t(No symbol) [0x00007FF66830EFDF]\n\t(No symbol) [0x00007FF66832F1A4]\n\t(No symbol) [0x00007FF66830ED43]\n\t(No symbol) [0x00007FF6682DA548]\n\t(No symbol) [0x00007FF6682DB6B1]\n\tGetHandleVerifier [0x00007FF6687BF45D+3358029]\n\tGetHandleVerifier [0x00007FF6687D430D+3443709]\n\tGetHandleVerifier [0x00007FF6687C83FD+3394797]\n\tGetHandleVerifier [0x00007FF66855929B+842635]\n\t(No symbol) [0x00007FF66840654F]\n\t(No symbol) [0x00007FF668401FA4]\n\t(No symbol) [0x00007FF66840213D]\n\t(No symbol) [0x00007FF6683F1629]\n\tBaseThreadInitThunk [0x00007FFAE00D3034+20]\n\tRtlUserThreadStart [0x00007FFAE2A81551+33]\n\n","statusTrace":"  File \"/home/runner/.cache/pypoetry/virtualenvs/todoist-test-Iz2mgPfl-py3.11/lib/python3.11/site-packages/behave/model.py\", line 1329, in run\n    match.run(runner.context)\n  File \"/home/runner/.cache/pypoetry/virtualenvs/todoist-test-Iz2mgPfl-py3.11/lib/python3.11/site-packages/behave/matchers.py\", line 98, in run\n    self.func(context, *args, **kwargs)\n  File \"tests/ui/steps/project_steps.py\", line 25, in step_validate_the_project\n    assert context.project_page.driver.find_element(*txt_project_name).is_displayed()\n           ^^^^^^^^^^^^^^^^^^^^^^^^^^^^^^^^^^^^^^^^^^^^^^^^^^^^^^^^^^^\n  File \"/home/runner/.cache/pypoetry/virtualenvs/todoist-test-Iz2mgPfl-py3.11/lib/python3.11/site-packages/selenium/webdriver/remote/webdriver.py\", line 770, in find_element\n    return self.execute(Command.FIND_ELEMENT, {\"using\": by, \"value\": value})[\"value\"]\n           ^^^^^^^^^^^^^^^^^^^^^^^^^^^^^^^^^^^^^^^^^^^^^^^^^^^^^^^^^^^^^^^^^\n  File \"/home/runner/.cache/pypoetry/virtualenvs/todoist-test-Iz2mgPfl-py3.11/lib/python3.11/site-packages/selenium/webdriver/remote/webdriver.py\", line 384, in execute\n    self.error_handler.check_response(response)\n  File \"/home/runner/.cache/pypoetry/virtualenvs/todoist-test-Iz2mgPfl-py3.11/lib/python3.11/site-packages/selenium/webdriver/remote/errorhandler.py\", line 232, in check_response\n    raise exception_class(message, screen, stacktrace)\n","steps":[],"attachments":[],"parameters":[],"shouldDisplayMessage":true,"stepsCount":0,"attachmentsCount":0,"hasContent":true,"attachmentStep":false}],"attachments":[],"parameters":[],"shouldDisplayMessage":false,"stepsCount":5,"attachmentsCount":0,"hasContent":true,"attachmentStep":false},"afterStages":[],"labels":[{"name":"severity","value":"normal"},{"name":"tag","value":"project"},{"name":"feature","value":"Create a new project functionallity"},{"name":"framework","value":"behave"},{"name":"language","value":"cpython3"},{"name":"resultFormat","value":"allure2"}],"parameters":[],"links":[],"hidden":false,"retry":false,"extra":{"severity":"normal","retries":[],"categories":[{"name":"Test defects","matchedStatuses":[],"flaky":false}],"tags":["project"]},"source":"869b0c8227d56591.json","parameterValues":[]}