{"uid":"ce13385e33a6bafc","name":"Create a new project","fullName":"Create a new project functionallity: Create a new project","historyId":"4f58df25b086a153a002d94d045fa8b0","time":{"start":1733549934651,"stop":1733549946825,"duration":12174},"status":"broken","statusMessage":"selenium.common.exceptions.NoSuchElementException: Message: no such element: Unable to locate element: {\"method\":\"xpath\",\"selector\":\"//DIV[text()='Delete']\"}\n  (Session info: chrome=131.0.6778.70); For documentation on this error, please visit: https://www.selenium.dev/documentation/webdriver/troubleshooting/errors#no-such-element-exception\nStacktrace:\n\tGetHandleVerifier [0x00007FF63C492775+28773]\n\t(No symbol) [0x00007FF63C3FAFB0]\n\t(No symbol) [0x00007FF63C29552A]\n\t(No symbol) [0x00007FF63C2E8EAE]\n\t(No symbol) [0x00007FF63C2E919C]\n\t(No symbol) [0x00007FF63C3323F7]\n\t(No symbol) [0x00007FF63C30EFDF]\n\t(No symbol) [0x00007FF63C32F1A4]\n\t(No symbol) [0x00007FF63C30ED43]\n\t(No symbol) [0x00007FF63C2DA548]\n\t(No symbol) [0x00007FF63C2DB6B1]\n\tGetHandleVerifier [0x00007FF63C7BF45D+3358029]\n\tGetHandleVerifier [0x00007FF63C7D430D+3443709]\n\tGetHandleVerifier [0x00007FF63C7C83FD+3394797]\n\tGetHandleVerifier [0x00007FF63C55929B+842635]\n\t(No symbol) [0x00007FF63C40654F]\n\t(No symbol) [0x00007FF63C401FA4]\n\t(No symbol) [0x00007FF63C40213D]\n\t(No symbol) [0x00007FF63C3F1629]\n\tBaseThreadInitThunk [0x00007FFAC21B7034+20]\n\tRtlUserThreadStart [0x00007FFAC2602651+33]\n\n","statusTrace":"  File \"/home/runner/.cache/pypoetry/virtualenvs/todoist-test-Iz2mgPfl-py3.11/lib/python3.11/site-packages/behave/model.py\", line 1329, in run\n    match.run(runner.context)\n  File \"/home/runner/.cache/pypoetry/virtualenvs/todoist-test-Iz2mgPfl-py3.11/lib/python3.11/site-packages/behave/matchers.py\", line 98, in run\n    self.func(context, *args, **kwargs)\n  File \"tests/ui/steps/project_steps.py\", line 27, in step_validate_the_project\n    context.project_page.delete_project()\n  File \"/home/runner/work/todoist-testing/todoist-testing/tests/ui/pages/project_page.py\", line 37, in delete_project\n    self.driver.find_element(*self.btn_delete).click()\n    ^^^^^^^^^^^^^^^^^^^^^^^^^^^^^^^^^^^^^^^^^^\n  File \"/home/runner/.cache/pypoetry/virtualenvs/todoist-test-Iz2mgPfl-py3.11/lib/python3.11/site-packages/selenium/webdriver/remote/webdriver.py\", line 770, in find_element\n    return self.execute(Command.FIND_ELEMENT, {\"using\": by, \"value\": value})[\"value\"]\n           ^^^^^^^^^^^^^^^^^^^^^^^^^^^^^^^^^^^^^^^^^^^^^^^^^^^^^^^^^^^^^^^^^\n  File \"/home/runner/.cache/pypoetry/virtualenvs/todoist-test-Iz2mgPfl-py3.11/lib/python3.11/site-packages/selenium/webdriver/remote/webdriver.py\", line 384, in execute\n    self.error_handler.check_response(response)\n  File \"/home/runner/.cache/pypoetry/virtualenvs/todoist-test-Iz2mgPfl-py3.11/lib/python3.11/site-packages/selenium/webdriver/remote/errorhandler.py\", line 232, in check_response\n    raise exception_class(message, screen, stacktrace)\n","flaky":false,"newFailed":false,"newBroken":false,"newPassed":false,"retriesCount":0,"retriesStatusChange":false,"beforeStages":[],"testStage":{"status":"broken","statusMessage":"selenium.common.exceptions.NoSuchElementException: Message: no such element: Unable to locate element: {\"method\":\"xpath\",\"selector\":\"//DIV[text()='Delete']\"}\n  (Session info: chrome=131.0.6778.70); For documentation on this error, please visit: https://www.selenium.dev/documentation/webdriver/troubleshooting/errors#no-such-element-exception\nStacktrace:\n\tGetHandleVerifier [0x00007FF63C492775+28773]\n\t(No symbol) [0x00007FF63C3FAFB0]\n\t(No symbol) [0x00007FF63C29552A]\n\t(No symbol) [0x00007FF63C2E8EAE]\n\t(No symbol) [0x00007FF63C2E919C]\n\t(No symbol) [0x00007FF63C3323F7]\n\t(No symbol) [0x00007FF63C30EFDF]\n\t(No symbol) [0x00007FF63C32F1A4]\n\t(No symbol) [0x00007FF63C30ED43]\n\t(No symbol) [0x00007FF63C2DA548]\n\t(No symbol) [0x00007FF63C2DB6B1]\n\tGetHandleVerifier [0x00007FF63C7BF45D+3358029]\n\tGetHandleVerifier [0x00007FF63C7D430D+3443709]\n\tGetHandleVerifier [0x00007FF63C7C83FD+3394797]\n\tGetHandleVerifier [0x00007FF63C55929B+842635]\n\t(No symbol) [0x00007FF63C40654F]\n\t(No symbol) [0x00007FF63C401FA4]\n\t(No symbol) [0x00007FF63C40213D]\n\t(No symbol) [0x00007FF63C3F1629]\n\tBaseThreadInitThunk [0x00007FFAC21B7034+20]\n\tRtlUserThreadStart [0x00007FFAC2602651+33]\n\n","statusTrace":"  File \"/home/runner/.cache/pypoetry/virtualenvs/todoist-test-Iz2mgPfl-py3.11/lib/python3.11/site-packages/behave/model.py\", line 1329, in run\n    match.run(runner.context)\n  File \"/home/runner/.cache/pypoetry/virtualenvs/todoist-test-Iz2mgPfl-py3.11/lib/python3.11/site-packages/behave/matchers.py\", line 98, in run\n    self.func(context, *args, **kwargs)\n  File \"tests/ui/steps/project_steps.py\", line 27, in step_validate_the_project\n    context.project_page.delete_project()\n  File \"/home/runner/work/todoist-testing/todoist-testing/tests/ui/pages/project_page.py\", line 37, in delete_project\n    self.driver.find_element(*self.btn_delete).click()\n    ^^^^^^^^^^^^^^^^^^^^^^^^^^^^^^^^^^^^^^^^^^\n  File \"/home/runner/.cache/pypoetry/virtualenvs/todoist-test-Iz2mgPfl-py3.11/lib/python3.11/site-packages/selenium/webdriver/remote/webdriver.py\", line 770, in find_element\n    return self.execute(Command.FIND_ELEMENT, {\"using\": by, \"value\": value})[\"value\"]\n           ^^^^^^^^^^^^^^^^^^^^^^^^^^^^^^^^^^^^^^^^^^^^^^^^^^^^^^^^^^^^^^^^^\n  File \"/home/runner/.cache/pypoetry/virtualenvs/todoist-test-Iz2mgPfl-py3.11/lib/python3.11/site-packages/selenium/webdriver/remote/webdriver.py\", line 384, in execute\n    self.error_handler.check_response(response)\n  File \"/home/runner/.cache/pypoetry/virtualenvs/todoist-test-Iz2mgPfl-py3.11/lib/python3.11/site-packages/selenium/webdriver/remote/errorhandler.py\", line 232, in check_response\n    raise exception_class(message, screen, stacktrace)\n","steps":[{"name":"Given the user navigates to the login page","time":{"start":1733549934652,"stop":1733549935194,"duration":542},"status":"passed","steps":[],"attachments":[],"parameters":[],"shouldDisplayMessage":false,"stepsCount":0,"attachmentsCount":0,"hasContent":false,"attachmentStep":false},{"name":"When the user logs in with valid credentials","time":{"start":1733549935194,"stop":1733549935838,"duration":644},"status":"passed","steps":[],"attachments":[],"parameters":[],"shouldDisplayMessage":false,"stepsCount":0,"attachmentsCount":0,"hasContent":false,"attachmentStep":false},{"name":"When the user click the new project button","time":{"start":1733549935838,"stop":1733549939350,"duration":3512},"status":"passed","steps":[],"attachments":[],"parameters":[],"shouldDisplayMessage":false,"stepsCount":0,"attachmentsCount":0,"hasContent":false,"attachmentStep":false},{"name":"When the user create a project","time":{"start":1733549939350,"stop":1733549940408,"duration":1058},"status":"passed","steps":[],"attachments":[],"parameters":[],"shouldDisplayMessage":false,"stepsCount":0,"attachmentsCount":0,"hasContent":false,"attachmentStep":false},{"name":"Then the user validates the project data","time":{"start":1733549940408,"stop":1733549946824,"duration":6416},"status":"broken","statusMessage":"selenium.common.exceptions.NoSuchElementException: Message: no such element: Unable to locate element: {\"method\":\"xpath\",\"selector\":\"//DIV[text()='Delete']\"}\n  (Session info: chrome=131.0.6778.70); For documentation on this error, please visit: https://www.selenium.dev/documentation/webdriver/troubleshooting/errors#no-such-element-exception\nStacktrace:\n\tGetHandleVerifier [0x00007FF63C492775+28773]\n\t(No symbol) [0x00007FF63C3FAFB0]\n\t(No symbol) [0x00007FF63C29552A]\n\t(No symbol) [0x00007FF63C2E8EAE]\n\t(No symbol) [0x00007FF63C2E919C]\n\t(No symbol) [0x00007FF63C3323F7]\n\t(No symbol) [0x00007FF63C30EFDF]\n\t(No symbol) [0x00007FF63C32F1A4]\n\t(No symbol) [0x00007FF63C30ED43]\n\t(No symbol) [0x00007FF63C2DA548]\n\t(No symbol) [0x00007FF63C2DB6B1]\n\tGetHandleVerifier [0x00007FF63C7BF45D+3358029]\n\tGetHandleVerifier [0x00007FF63C7D430D+3443709]\n\tGetHandleVerifier [0x00007FF63C7C83FD+3394797]\n\tGetHandleVerifier [0x00007FF63C55929B+842635]\n\t(No symbol) [0x00007FF63C40654F]\n\t(No symbol) [0x00007FF63C401FA4]\n\t(No symbol) [0x00007FF63C40213D]\n\t(No symbol) [0x00007FF63C3F1629]\n\tBaseThreadInitThunk [0x00007FFAC21B7034+20]\n\tRtlUserThreadStart [0x00007FFAC2602651+33]\n\n","statusTrace":"  File \"/home/runner/.cache/pypoetry/virtualenvs/todoist-test-Iz2mgPfl-py3.11/lib/python3.11/site-packages/behave/model.py\", line 1329, in run\n    match.run(runner.context)\n  File \"/home/runner/.cache/pypoetry/virtualenvs/todoist-test-Iz2mgPfl-py3.11/lib/python3.11/site-packages/behave/matchers.py\", line 98, in run\n    self.func(context, *args, **kwargs)\n  File \"tests/ui/steps/project_steps.py\", line 27, in step_validate_the_project\n    context.project_page.delete_project()\n  File \"/home/runner/work/todoist-testing/todoist-testing/tests/ui/pages/project_page.py\", line 37, in delete_project\n    self.driver.find_element(*self.btn_delete).click()\n    ^^^^^^^^^^^^^^^^^^^^^^^^^^^^^^^^^^^^^^^^^^\n  File \"/home/runner/.cache/pypoetry/virtualenvs/todoist-test-Iz2mgPfl-py3.11/lib/python3.11/site-packages/selenium/webdriver/remote/webdriver.py\", line 770, in find_element\n    return self.execute(Command.FIND_ELEMENT, {\"using\": by, \"value\": value})[\"value\"]\n           ^^^^^^^^^^^^^^^^^^^^^^^^^^^^^^^^^^^^^^^^^^^^^^^^^^^^^^^^^^^^^^^^^\n  File \"/home/runner/.cache/pypoetry/virtualenvs/todoist-test-Iz2mgPfl-py3.11/lib/python3.11/site-packages/selenium/webdriver/remote/webdriver.py\", line 384, in execute\n    self.error_handler.check_response(response)\n  File \"/home/runner/.cache/pypoetry/virtualenvs/todoist-test-Iz2mgPfl-py3.11/lib/python3.11/site-packages/selenium/webdriver/remote/errorhandler.py\", line 232, in check_response\n    raise exception_class(message, screen, stacktrace)\n","steps":[],"attachments":[],"parameters":[],"shouldDisplayMessage":true,"stepsCount":0,"attachmentsCount":0,"hasContent":true,"attachmentStep":false}],"attachments":[],"parameters":[],"shouldDisplayMessage":false,"stepsCount":5,"attachmentsCount":0,"hasContent":true,"attachmentStep":false},"afterStages":[],"labels":[{"name":"severity","value":"normal"},{"name":"tag","value":"project"},{"name":"feature","value":"Create a new project functionallity"},{"name":"framework","value":"behave"},{"name":"language","value":"cpython3"},{"name":"resultFormat","value":"allure2"}],"parameters":[],"links":[],"hidden":false,"retry":false,"extra":{"severity":"normal","retries":[],"categories":[{"name":"Test defects","matchedStatuses":[],"flaky":false}],"tags":["project"]},"source":"ce13385e33a6bafc.json","parameterValues":[]}