{"uid":"77aca47cae678427","name":"Create a new project","fullName":"Create a new project functionallity: Create a new project","historyId":"4f58df25b086a153a002d94d045fa8b0","time":{"start":1732868070618,"stop":1732868103437,"duration":32819},"status":"broken","statusMessage":"selenium.common.exceptions.NoSuchElementException: Message: no such element: Unable to locate element: {\"method\":\"xpath\",\"selector\":\"//H1[text()='Cook Islands']\"}\n  (Session info: chrome=131.0.6778.70); For documentation on this error, please visit: https://www.selenium.dev/documentation/webdriver/troubleshooting/errors#no-such-element-exception\nStacktrace:\n\tGetHandleVerifier [0x00007FF7D0702775+28773]\n\t(No symbol) [0x00007FF7D066AFB0]\n\t(No symbol) [0x00007FF7D050552A]\n\t(No symbol) [0x00007FF7D0558EAE]\n\t(No symbol) [0x00007FF7D055919C]\n\t(No symbol) [0x00007FF7D05A23F7]\n\t(No symbol) [0x00007FF7D057EFDF]\n\t(No symbol) [0x00007FF7D059F1A4]\n\t(No symbol) [0x00007FF7D057ED43]\n\t(No symbol) [0x00007FF7D054A548]\n\t(No symbol) [0x00007FF7D054B6B1]\n\tGetHandleVerifier [0x00007FF7D0A2F45D+3358029]\n\tGetHandleVerifier [0x00007FF7D0A4430D+3443709]\n\tGetHandleVerifier [0x00007FF7D0A383FD+3394797]\n\tGetHandleVerifier [0x00007FF7D07C929B+842635]\n\t(No symbol) [0x00007FF7D067654F]\n\t(No symbol) [0x00007FF7D0671FA4]\n\t(No symbol) [0x00007FF7D067213D]\n\t(No symbol) [0x00007FF7D0661629]\n\tBaseThreadInitThunk [0x00007FF8A7197034+20]\n\tRtlUserThreadStart [0x00007FF8A8582651+33]\n\n","statusTrace":"  File \"/home/runner/.cache/pypoetry/virtualenvs/todoist-test-Iz2mgPfl-py3.11/lib/python3.11/site-packages/behave/model.py\", line 1329, in run\n    match.run(runner.context)\n  File \"/home/runner/.cache/pypoetry/virtualenvs/todoist-test-Iz2mgPfl-py3.11/lib/python3.11/site-packages/behave/matchers.py\", line 98, in run\n    self.func(context, *args, **kwargs)\n  File \"tests/ui/steps/project_steps.py\", line 25, in step_validate_the_project\n    assert context.project_page.driver.find_element(*txt_project_name).is_displayed()\n           ^^^^^^^^^^^^^^^^^^^^^^^^^^^^^^^^^^^^^^^^^^^^^^^^^^^^^^^^^^^\n  File \"/home/runner/.cache/pypoetry/virtualenvs/todoist-test-Iz2mgPfl-py3.11/lib/python3.11/site-packages/selenium/webdriver/remote/webdriver.py\", line 770, in find_element\n    return self.execute(Command.FIND_ELEMENT, {\"using\": by, \"value\": value})[\"value\"]\n           ^^^^^^^^^^^^^^^^^^^^^^^^^^^^^^^^^^^^^^^^^^^^^^^^^^^^^^^^^^^^^^^^^\n  File \"/home/runner/.cache/pypoetry/virtualenvs/todoist-test-Iz2mgPfl-py3.11/lib/python3.11/site-packages/selenium/webdriver/remote/webdriver.py\", line 384, in execute\n    self.error_handler.check_response(response)\n  File \"/home/runner/.cache/pypoetry/virtualenvs/todoist-test-Iz2mgPfl-py3.11/lib/python3.11/site-packages/selenium/webdriver/remote/errorhandler.py\", line 232, in check_response\n    raise exception_class(message, screen, stacktrace)\n","flaky":false,"newFailed":false,"newBroken":false,"newPassed":false,"retriesCount":0,"retriesStatusChange":false,"beforeStages":[],"testStage":{"status":"broken","statusMessage":"selenium.common.exceptions.NoSuchElementException: Message: no such element: Unable to locate element: {\"method\":\"xpath\",\"selector\":\"//H1[text()='Cook Islands']\"}\n  (Session info: chrome=131.0.6778.70); For documentation on this error, please visit: https://www.selenium.dev/documentation/webdriver/troubleshooting/errors#no-such-element-exception\nStacktrace:\n\tGetHandleVerifier [0x00007FF7D0702775+28773]\n\t(No symbol) [0x00007FF7D066AFB0]\n\t(No symbol) [0x00007FF7D050552A]\n\t(No symbol) [0x00007FF7D0558EAE]\n\t(No symbol) [0x00007FF7D055919C]\n\t(No symbol) [0x00007FF7D05A23F7]\n\t(No symbol) [0x00007FF7D057EFDF]\n\t(No symbol) [0x00007FF7D059F1A4]\n\t(No symbol) [0x00007FF7D057ED43]\n\t(No symbol) [0x00007FF7D054A548]\n\t(No symbol) [0x00007FF7D054B6B1]\n\tGetHandleVerifier [0x00007FF7D0A2F45D+3358029]\n\tGetHandleVerifier [0x00007FF7D0A4430D+3443709]\n\tGetHandleVerifier [0x00007FF7D0A383FD+3394797]\n\tGetHandleVerifier [0x00007FF7D07C929B+842635]\n\t(No symbol) [0x00007FF7D067654F]\n\t(No symbol) [0x00007FF7D0671FA4]\n\t(No symbol) [0x00007FF7D067213D]\n\t(No symbol) [0x00007FF7D0661629]\n\tBaseThreadInitThunk [0x00007FF8A7197034+20]\n\tRtlUserThreadStart [0x00007FF8A8582651+33]\n\n","statusTrace":"  File \"/home/runner/.cache/pypoetry/virtualenvs/todoist-test-Iz2mgPfl-py3.11/lib/python3.11/site-packages/behave/model.py\", line 1329, in run\n    match.run(runner.context)\n  File \"/home/runner/.cache/pypoetry/virtualenvs/todoist-test-Iz2mgPfl-py3.11/lib/python3.11/site-packages/behave/matchers.py\", line 98, in run\n    self.func(context, *args, **kwargs)\n  File \"tests/ui/steps/project_steps.py\", line 25, in step_validate_the_project\n    assert context.project_page.driver.find_element(*txt_project_name).is_displayed()\n           ^^^^^^^^^^^^^^^^^^^^^^^^^^^^^^^^^^^^^^^^^^^^^^^^^^^^^^^^^^^\n  File \"/home/runner/.cache/pypoetry/virtualenvs/todoist-test-Iz2mgPfl-py3.11/lib/python3.11/site-packages/selenium/webdriver/remote/webdriver.py\", line 770, in find_element\n    return self.execute(Command.FIND_ELEMENT, {\"using\": by, \"value\": value})[\"value\"]\n           ^^^^^^^^^^^^^^^^^^^^^^^^^^^^^^^^^^^^^^^^^^^^^^^^^^^^^^^^^^^^^^^^^\n  File \"/home/runner/.cache/pypoetry/virtualenvs/todoist-test-Iz2mgPfl-py3.11/lib/python3.11/site-packages/selenium/webdriver/remote/webdriver.py\", line 384, in execute\n    self.error_handler.check_response(response)\n  File \"/home/runner/.cache/pypoetry/virtualenvs/todoist-test-Iz2mgPfl-py3.11/lib/python3.11/site-packages/selenium/webdriver/remote/errorhandler.py\", line 232, in check_response\n    raise exception_class(message, screen, stacktrace)\n","steps":[{"name":"Given the user navigates to the login page","time":{"start":1732868070619,"stop":1732868071179,"duration":560},"status":"passed","steps":[],"attachments":[],"parameters":[],"shouldDisplayMessage":false,"stepsCount":0,"attachmentsCount":0,"hasContent":false,"attachmentStep":false},{"name":"When the user logs in with valid credentials","time":{"start":1732868071179,"stop":1732868071962,"duration":783},"status":"passed","steps":[],"attachments":[],"parameters":[],"shouldDisplayMessage":false,"stepsCount":0,"attachmentsCount":0,"hasContent":false,"attachmentStep":false},{"name":"When the user click the new project button","time":{"start":1732868071962,"stop":1732868087661,"duration":15699},"status":"passed","steps":[],"attachments":[],"parameters":[],"shouldDisplayMessage":false,"stepsCount":0,"attachmentsCount":0,"hasContent":false,"attachmentStep":false},{"name":"When the user create a project","time":{"start":1732868087662,"stop":1732868098315,"duration":10653},"status":"passed","steps":[],"attachments":[],"parameters":[],"shouldDisplayMessage":false,"stepsCount":0,"attachmentsCount":0,"hasContent":false,"attachmentStep":false},{"name":"Then the user validates the project data","time":{"start":1732868098315,"stop":1732868103436,"duration":5121},"status":"broken","statusMessage":"selenium.common.exceptions.NoSuchElementException: Message: no such element: Unable to locate element: {\"method\":\"xpath\",\"selector\":\"//H1[text()='Cook Islands']\"}\n  (Session info: chrome=131.0.6778.70); For documentation on this error, please visit: https://www.selenium.dev/documentation/webdriver/troubleshooting/errors#no-such-element-exception\nStacktrace:\n\tGetHandleVerifier [0x00007FF7D0702775+28773]\n\t(No symbol) [0x00007FF7D066AFB0]\n\t(No symbol) [0x00007FF7D050552A]\n\t(No symbol) [0x00007FF7D0558EAE]\n\t(No symbol) [0x00007FF7D055919C]\n\t(No symbol) [0x00007FF7D05A23F7]\n\t(No symbol) [0x00007FF7D057EFDF]\n\t(No symbol) [0x00007FF7D059F1A4]\n\t(No symbol) [0x00007FF7D057ED43]\n\t(No symbol) [0x00007FF7D054A548]\n\t(No symbol) [0x00007FF7D054B6B1]\n\tGetHandleVerifier [0x00007FF7D0A2F45D+3358029]\n\tGetHandleVerifier [0x00007FF7D0A4430D+3443709]\n\tGetHandleVerifier [0x00007FF7D0A383FD+3394797]\n\tGetHandleVerifier [0x00007FF7D07C929B+842635]\n\t(No symbol) [0x00007FF7D067654F]\n\t(No symbol) [0x00007FF7D0671FA4]\n\t(No symbol) [0x00007FF7D067213D]\n\t(No symbol) [0x00007FF7D0661629]\n\tBaseThreadInitThunk [0x00007FF8A7197034+20]\n\tRtlUserThreadStart [0x00007FF8A8582651+33]\n\n","statusTrace":"  File \"/home/runner/.cache/pypoetry/virtualenvs/todoist-test-Iz2mgPfl-py3.11/lib/python3.11/site-packages/behave/model.py\", line 1329, in run\n    match.run(runner.context)\n  File \"/home/runner/.cache/pypoetry/virtualenvs/todoist-test-Iz2mgPfl-py3.11/lib/python3.11/site-packages/behave/matchers.py\", line 98, in run\n    self.func(context, *args, **kwargs)\n  File \"tests/ui/steps/project_steps.py\", line 25, in step_validate_the_project\n    assert context.project_page.driver.find_element(*txt_project_name).is_displayed()\n           ^^^^^^^^^^^^^^^^^^^^^^^^^^^^^^^^^^^^^^^^^^^^^^^^^^^^^^^^^^^\n  File \"/home/runner/.cache/pypoetry/virtualenvs/todoist-test-Iz2mgPfl-py3.11/lib/python3.11/site-packages/selenium/webdriver/remote/webdriver.py\", line 770, in find_element\n    return self.execute(Command.FIND_ELEMENT, {\"using\": by, \"value\": value})[\"value\"]\n           ^^^^^^^^^^^^^^^^^^^^^^^^^^^^^^^^^^^^^^^^^^^^^^^^^^^^^^^^^^^^^^^^^\n  File \"/home/runner/.cache/pypoetry/virtualenvs/todoist-test-Iz2mgPfl-py3.11/lib/python3.11/site-packages/selenium/webdriver/remote/webdriver.py\", line 384, in execute\n    self.error_handler.check_response(response)\n  File \"/home/runner/.cache/pypoetry/virtualenvs/todoist-test-Iz2mgPfl-py3.11/lib/python3.11/site-packages/selenium/webdriver/remote/errorhandler.py\", line 232, in check_response\n    raise exception_class(message, screen, stacktrace)\n","steps":[],"attachments":[],"parameters":[],"shouldDisplayMessage":true,"stepsCount":0,"attachmentsCount":0,"hasContent":true,"attachmentStep":false}],"attachments":[],"parameters":[],"shouldDisplayMessage":false,"stepsCount":5,"attachmentsCount":0,"hasContent":true,"attachmentStep":false},"afterStages":[],"labels":[{"name":"severity","value":"normal"},{"name":"tag","value":"project"},{"name":"feature","value":"Create a new project functionallity"},{"name":"framework","value":"behave"},{"name":"language","value":"cpython3"},{"name":"resultFormat","value":"allure2"}],"parameters":[],"links":[],"hidden":false,"retry":false,"extra":{"severity":"normal","retries":[],"categories":[{"name":"Test defects","matchedStatuses":[],"flaky":false}],"tags":["project"]},"source":"77aca47cae678427.json","parameterValues":[]}