{"uid":"ab46954380205480","name":"Create a new project","fullName":"Create a new project functionallity: Create a new project","historyId":"4f58df25b086a153a002d94d045fa8b0","time":{"start":1732868062505,"stop":1732868073001,"duration":10496},"status":"broken","statusMessage":"selenium.common.exceptions.NoSuchElementException: Message: no such element: Unable to locate element: {\"method\":\"xpath\",\"selector\":\"//H1[text()='Eritrea']\"}\n  (Session info: chrome=131.0.6778.70); For documentation on this error, please visit: https://www.selenium.dev/documentation/webdriver/troubleshooting/errors#no-such-element-exception\nStacktrace:\n0   chromedriver                        0x00000001054c9548 cxxbridge1$str$ptr + 3618920\n1   chromedriver                        0x00000001054c1d98 cxxbridge1$str$ptr + 3588280\n2   chromedriver                        0x0000000104f309c4 cxxbridge1$string$len + 89228\n3   chromedriver                        0x0000000104f74da8 cxxbridge1$string$len + 368752\n4   chromedriver                        0x0000000104fae54c cxxbridge1$string$len + 604180\n5   chromedriver                        0x0000000104f695c0 cxxbridge1$string$len + 321672\n6   chromedriver                        0x0000000104f6a210 cxxbridge1$string$len + 324824\n7   chromedriver                        0x00000001054954bc cxxbridge1$str$ptr + 3405788\n8   chromedriver                        0x00000001054987dc cxxbridge1$str$ptr + 3418876\n9   chromedriver                        0x000000010547c130 cxxbridge1$str$ptr + 3302480\n10  chromedriver                        0x000000010549909c cxxbridge1$str$ptr + 3421116\n11  chromedriver                        0x000000010546d888 cxxbridge1$str$ptr + 3242920\n12  chromedriver                        0x00000001054b29c8 cxxbridge1$str$ptr + 3525864\n13  chromedriver                        0x00000001054b2b44 cxxbridge1$str$ptr + 3526244\n14  chromedriver                        0x00000001054c1a0c cxxbridge1$str$ptr + 3587372\n15  libsystem_pthread.dylib             0x000000018914b2e4 _pthread_start + 136\n16  libsystem_pthread.dylib             0x00000001891460fc thread_start + 8\n\n","statusTrace":"  File \"/home/runner/.cache/pypoetry/virtualenvs/todoist-test-Iz2mgPfl-py3.11/lib/python3.11/site-packages/behave/model.py\", line 1329, in run\n    match.run(runner.context)\n  File \"/home/runner/.cache/pypoetry/virtualenvs/todoist-test-Iz2mgPfl-py3.11/lib/python3.11/site-packages/behave/matchers.py\", line 98, in run\n    self.func(context, *args, **kwargs)\n  File \"tests/ui/steps/project_steps.py\", line 25, in step_validate_the_project\n    assert context.project_page.driver.find_element(*txt_project_name).is_displayed()\n           ^^^^^^^^^^^^^^^^^^^^^^^^^^^^^^^^^^^^^^^^^^^^^^^^^^^^^^^^^^^\n  File \"/home/runner/.cache/pypoetry/virtualenvs/todoist-test-Iz2mgPfl-py3.11/lib/python3.11/site-packages/selenium/webdriver/remote/webdriver.py\", line 770, in find_element\n    return self.execute(Command.FIND_ELEMENT, {\"using\": by, \"value\": value})[\"value\"]\n           ^^^^^^^^^^^^^^^^^^^^^^^^^^^^^^^^^^^^^^^^^^^^^^^^^^^^^^^^^^^^^^^^^\n  File \"/home/runner/.cache/pypoetry/virtualenvs/todoist-test-Iz2mgPfl-py3.11/lib/python3.11/site-packages/selenium/webdriver/remote/webdriver.py\", line 384, in execute\n    self.error_handler.check_response(response)\n  File \"/home/runner/.cache/pypoetry/virtualenvs/todoist-test-Iz2mgPfl-py3.11/lib/python3.11/site-packages/selenium/webdriver/remote/errorhandler.py\", line 232, in check_response\n    raise exception_class(message, screen, stacktrace)\n","flaky":false,"newFailed":false,"newBroken":false,"newPassed":false,"retriesCount":0,"retriesStatusChange":false,"beforeStages":[],"testStage":{"status":"broken","statusMessage":"selenium.common.exceptions.NoSuchElementException: Message: no such element: Unable to locate element: {\"method\":\"xpath\",\"selector\":\"//H1[text()='Eritrea']\"}\n  (Session info: chrome=131.0.6778.70); For documentation on this error, please visit: https://www.selenium.dev/documentation/webdriver/troubleshooting/errors#no-such-element-exception\nStacktrace:\n0   chromedriver                        0x00000001054c9548 cxxbridge1$str$ptr + 3618920\n1   chromedriver                        0x00000001054c1d98 cxxbridge1$str$ptr + 3588280\n2   chromedriver                        0x0000000104f309c4 cxxbridge1$string$len + 89228\n3   chromedriver                        0x0000000104f74da8 cxxbridge1$string$len + 368752\n4   chromedriver                        0x0000000104fae54c cxxbridge1$string$len + 604180\n5   chromedriver                        0x0000000104f695c0 cxxbridge1$string$len + 321672\n6   chromedriver                        0x0000000104f6a210 cxxbridge1$string$len + 324824\n7   chromedriver                        0x00000001054954bc cxxbridge1$str$ptr + 3405788\n8   chromedriver                        0x00000001054987dc cxxbridge1$str$ptr + 3418876\n9   chromedriver                        0x000000010547c130 cxxbridge1$str$ptr + 3302480\n10  chromedriver                        0x000000010549909c cxxbridge1$str$ptr + 3421116\n11  chromedriver                        0x000000010546d888 cxxbridge1$str$ptr + 3242920\n12  chromedriver                        0x00000001054b29c8 cxxbridge1$str$ptr + 3525864\n13  chromedriver                        0x00000001054b2b44 cxxbridge1$str$ptr + 3526244\n14  chromedriver                        0x00000001054c1a0c cxxbridge1$str$ptr + 3587372\n15  libsystem_pthread.dylib             0x000000018914b2e4 _pthread_start + 136\n16  libsystem_pthread.dylib             0x00000001891460fc thread_start + 8\n\n","statusTrace":"  File \"/home/runner/.cache/pypoetry/virtualenvs/todoist-test-Iz2mgPfl-py3.11/lib/python3.11/site-packages/behave/model.py\", line 1329, in run\n    match.run(runner.context)\n  File \"/home/runner/.cache/pypoetry/virtualenvs/todoist-test-Iz2mgPfl-py3.11/lib/python3.11/site-packages/behave/matchers.py\", line 98, in run\n    self.func(context, *args, **kwargs)\n  File \"tests/ui/steps/project_steps.py\", line 25, in step_validate_the_project\n    assert context.project_page.driver.find_element(*txt_project_name).is_displayed()\n           ^^^^^^^^^^^^^^^^^^^^^^^^^^^^^^^^^^^^^^^^^^^^^^^^^^^^^^^^^^^\n  File \"/home/runner/.cache/pypoetry/virtualenvs/todoist-test-Iz2mgPfl-py3.11/lib/python3.11/site-packages/selenium/webdriver/remote/webdriver.py\", line 770, in find_element\n    return self.execute(Command.FIND_ELEMENT, {\"using\": by, \"value\": value})[\"value\"]\n           ^^^^^^^^^^^^^^^^^^^^^^^^^^^^^^^^^^^^^^^^^^^^^^^^^^^^^^^^^^^^^^^^^\n  File \"/home/runner/.cache/pypoetry/virtualenvs/todoist-test-Iz2mgPfl-py3.11/lib/python3.11/site-packages/selenium/webdriver/remote/webdriver.py\", line 384, in execute\n    self.error_handler.check_response(response)\n  File \"/home/runner/.cache/pypoetry/virtualenvs/todoist-test-Iz2mgPfl-py3.11/lib/python3.11/site-packages/selenium/webdriver/remote/errorhandler.py\", line 232, in check_response\n    raise exception_class(message, screen, stacktrace)\n","steps":[{"name":"Given the user navigates to the login page","time":{"start":1732868062505,"stop":1732868062726,"duration":221},"status":"passed","steps":[],"attachments":[],"parameters":[],"shouldDisplayMessage":false,"stepsCount":0,"attachmentsCount":0,"hasContent":false,"attachmentStep":false},{"name":"When the user logs in with valid credentials","time":{"start":1732868062726,"stop":1732868063078,"duration":352},"status":"passed","steps":[],"attachments":[],"parameters":[],"shouldDisplayMessage":false,"stepsCount":0,"attachmentsCount":0,"hasContent":false,"attachmentStep":false},{"name":"When the user click the new project button","time":{"start":1732868063078,"stop":1732868066492,"duration":3414},"status":"passed","steps":[],"attachments":[],"parameters":[],"shouldDisplayMessage":false,"stepsCount":0,"attachmentsCount":0,"hasContent":false,"attachmentStep":false},{"name":"When the user create a project","time":{"start":1732868066493,"stop":1732868067946,"duration":1453},"status":"passed","steps":[],"attachments":[],"parameters":[],"shouldDisplayMessage":false,"stepsCount":0,"attachmentsCount":0,"hasContent":false,"attachmentStep":false},{"name":"Then the user validates the project data","time":{"start":1732868067946,"stop":1732868073001,"duration":5055},"status":"broken","statusMessage":"selenium.common.exceptions.NoSuchElementException: Message: no such element: Unable to locate element: {\"method\":\"xpath\",\"selector\":\"//H1[text()='Eritrea']\"}\n  (Session info: chrome=131.0.6778.70); For documentation on this error, please visit: https://www.selenium.dev/documentation/webdriver/troubleshooting/errors#no-such-element-exception\nStacktrace:\n0   chromedriver                        0x00000001054c9548 cxxbridge1$str$ptr + 3618920\n1   chromedriver                        0x00000001054c1d98 cxxbridge1$str$ptr + 3588280\n2   chromedriver                        0x0000000104f309c4 cxxbridge1$string$len + 89228\n3   chromedriver                        0x0000000104f74da8 cxxbridge1$string$len + 368752\n4   chromedriver                        0x0000000104fae54c cxxbridge1$string$len + 604180\n5   chromedriver                        0x0000000104f695c0 cxxbridge1$string$len + 321672\n6   chromedriver                        0x0000000104f6a210 cxxbridge1$string$len + 324824\n7   chromedriver                        0x00000001054954bc cxxbridge1$str$ptr + 3405788\n8   chromedriver                        0x00000001054987dc cxxbridge1$str$ptr + 3418876\n9   chromedriver                        0x000000010547c130 cxxbridge1$str$ptr + 3302480\n10  chromedriver                        0x000000010549909c cxxbridge1$str$ptr + 3421116\n11  chromedriver                        0x000000010546d888 cxxbridge1$str$ptr + 3242920\n12  chromedriver                        0x00000001054b29c8 cxxbridge1$str$ptr + 3525864\n13  chromedriver                        0x00000001054b2b44 cxxbridge1$str$ptr + 3526244\n14  chromedriver                        0x00000001054c1a0c cxxbridge1$str$ptr + 3587372\n15  libsystem_pthread.dylib             0x000000018914b2e4 _pthread_start + 136\n16  libsystem_pthread.dylib             0x00000001891460fc thread_start + 8\n\n","statusTrace":"  File \"/home/runner/.cache/pypoetry/virtualenvs/todoist-test-Iz2mgPfl-py3.11/lib/python3.11/site-packages/behave/model.py\", line 1329, in run\n    match.run(runner.context)\n  File \"/home/runner/.cache/pypoetry/virtualenvs/todoist-test-Iz2mgPfl-py3.11/lib/python3.11/site-packages/behave/matchers.py\", line 98, in run\n    self.func(context, *args, **kwargs)\n  File \"tests/ui/steps/project_steps.py\", line 25, in step_validate_the_project\n    assert context.project_page.driver.find_element(*txt_project_name).is_displayed()\n           ^^^^^^^^^^^^^^^^^^^^^^^^^^^^^^^^^^^^^^^^^^^^^^^^^^^^^^^^^^^\n  File \"/home/runner/.cache/pypoetry/virtualenvs/todoist-test-Iz2mgPfl-py3.11/lib/python3.11/site-packages/selenium/webdriver/remote/webdriver.py\", line 770, in find_element\n    return self.execute(Command.FIND_ELEMENT, {\"using\": by, \"value\": value})[\"value\"]\n           ^^^^^^^^^^^^^^^^^^^^^^^^^^^^^^^^^^^^^^^^^^^^^^^^^^^^^^^^^^^^^^^^^\n  File \"/home/runner/.cache/pypoetry/virtualenvs/todoist-test-Iz2mgPfl-py3.11/lib/python3.11/site-packages/selenium/webdriver/remote/webdriver.py\", line 384, in execute\n    self.error_handler.check_response(response)\n  File \"/home/runner/.cache/pypoetry/virtualenvs/todoist-test-Iz2mgPfl-py3.11/lib/python3.11/site-packages/selenium/webdriver/remote/errorhandler.py\", line 232, in check_response\n    raise exception_class(message, screen, stacktrace)\n","steps":[],"attachments":[],"parameters":[],"shouldDisplayMessage":true,"stepsCount":0,"attachmentsCount":0,"hasContent":true,"attachmentStep":false}],"attachments":[],"parameters":[],"shouldDisplayMessage":false,"stepsCount":5,"attachmentsCount":0,"hasContent":true,"attachmentStep":false},"afterStages":[],"labels":[{"name":"severity","value":"normal"},{"name":"tag","value":"project"},{"name":"feature","value":"Create a new project functionallity"},{"name":"framework","value":"behave"},{"name":"language","value":"cpython3"},{"name":"resultFormat","value":"allure2"}],"parameters":[],"links":[],"hidden":false,"retry":false,"extra":{"severity":"normal","retries":[],"categories":[{"name":"Test defects","matchedStatuses":[],"flaky":false}],"tags":["project"]},"source":"ab46954380205480.json","parameterValues":[]}