{"uid":"f10078b38af6d5ca","name":"Create a new project","fullName":"Create a new project functionallity: Create a new project","historyId":"4f58df25b086a153a002d94d045fa8b0","time":{"start":1732867551095,"stop":1732867565991,"duration":14896},"status":"broken","statusMessage":"selenium.common.exceptions.NoSuchElementException: Message: no such element: Unable to locate element: {\"method\":\"xpath\",\"selector\":\"//H1[text()='Bosnia and Herzegovina']\"}\n  (Session info: chrome=131.0.6778.70); For documentation on this error, please visit: https://www.selenium.dev/documentation/webdriver/troubleshooting/errors#no-such-element-exception\nStacktrace:\n\tGetHandleVerifier [0x00007FF7F8662775+28773]\n\t(No symbol) [0x00007FF7F85CAFB0]\n\t(No symbol) [0x00007FF7F846552A]\n\t(No symbol) [0x00007FF7F84B8EAE]\n\t(No symbol) [0x00007FF7F84B919C]\n\t(No symbol) [0x00007FF7F85023F7]\n\t(No symbol) [0x00007FF7F84DEFDF]\n\t(No symbol) [0x00007FF7F84FF1A4]\n\t(No symbol) [0x00007FF7F84DED43]\n\t(No symbol) [0x00007FF7F84AA548]\n\t(No symbol) [0x00007FF7F84AB6B1]\n\tGetHandleVerifier [0x00007FF7F898F45D+3358029]\n\tGetHandleVerifier [0x00007FF7F89A430D+3443709]\n\tGetHandleVerifier [0x00007FF7F89983FD+3394797]\n\tGetHandleVerifier [0x00007FF7F872929B+842635]\n\t(No symbol) [0x00007FF7F85D654F]\n\t(No symbol) [0x00007FF7F85D1FA4]\n\t(No symbol) [0x00007FF7F85D213D]\n\t(No symbol) [0x00007FF7F85C1629]\n\tBaseThreadInitThunk [0x00007FFDA2E07034+20]\n\tRtlUserThreadStart [0x00007FFDA3DA2651+33]\n\n","statusTrace":"  File \"/home/runner/.cache/pypoetry/virtualenvs/todoist-test-Iz2mgPfl-py3.11/lib/python3.11/site-packages/behave/model.py\", line 1329, in run\n    match.run(runner.context)\n  File \"/home/runner/.cache/pypoetry/virtualenvs/todoist-test-Iz2mgPfl-py3.11/lib/python3.11/site-packages/behave/matchers.py\", line 98, in run\n    self.func(context, *args, **kwargs)\n  File \"tests/ui/steps/project_steps.py\", line 25, in step_validate_the_project\n    assert context.project_page.driver.find_element(*txt_project_name).is_displayed()\n           ^^^^^^^^^^^^^^^^^^^^^^^^^^^^^^^^^^^^^^^^^^^^^^^^^^^^^^^^^^^\n  File \"/home/runner/.cache/pypoetry/virtualenvs/todoist-test-Iz2mgPfl-py3.11/lib/python3.11/site-packages/selenium/webdriver/remote/webdriver.py\", line 770, in find_element\n    return self.execute(Command.FIND_ELEMENT, {\"using\": by, \"value\": value})[\"value\"]\n           ^^^^^^^^^^^^^^^^^^^^^^^^^^^^^^^^^^^^^^^^^^^^^^^^^^^^^^^^^^^^^^^^^\n  File \"/home/runner/.cache/pypoetry/virtualenvs/todoist-test-Iz2mgPfl-py3.11/lib/python3.11/site-packages/selenium/webdriver/remote/webdriver.py\", line 384, in execute\n    self.error_handler.check_response(response)\n  File \"/home/runner/.cache/pypoetry/virtualenvs/todoist-test-Iz2mgPfl-py3.11/lib/python3.11/site-packages/selenium/webdriver/remote/errorhandler.py\", line 232, in check_response\n    raise exception_class(message, screen, stacktrace)\n","flaky":false,"newFailed":false,"newBroken":false,"newPassed":false,"retriesCount":0,"retriesStatusChange":false,"beforeStages":[],"testStage":{"status":"broken","statusMessage":"selenium.common.exceptions.NoSuchElementException: Message: no such element: Unable to locate element: {\"method\":\"xpath\",\"selector\":\"//H1[text()='Bosnia and Herzegovina']\"}\n  (Session info: chrome=131.0.6778.70); For documentation on this error, please visit: https://www.selenium.dev/documentation/webdriver/troubleshooting/errors#no-such-element-exception\nStacktrace:\n\tGetHandleVerifier [0x00007FF7F8662775+28773]\n\t(No symbol) [0x00007FF7F85CAFB0]\n\t(No symbol) [0x00007FF7F846552A]\n\t(No symbol) [0x00007FF7F84B8EAE]\n\t(No symbol) [0x00007FF7F84B919C]\n\t(No symbol) [0x00007FF7F85023F7]\n\t(No symbol) [0x00007FF7F84DEFDF]\n\t(No symbol) [0x00007FF7F84FF1A4]\n\t(No symbol) [0x00007FF7F84DED43]\n\t(No symbol) [0x00007FF7F84AA548]\n\t(No symbol) [0x00007FF7F84AB6B1]\n\tGetHandleVerifier [0x00007FF7F898F45D+3358029]\n\tGetHandleVerifier [0x00007FF7F89A430D+3443709]\n\tGetHandleVerifier [0x00007FF7F89983FD+3394797]\n\tGetHandleVerifier [0x00007FF7F872929B+842635]\n\t(No symbol) [0x00007FF7F85D654F]\n\t(No symbol) [0x00007FF7F85D1FA4]\n\t(No symbol) [0x00007FF7F85D213D]\n\t(No symbol) [0x00007FF7F85C1629]\n\tBaseThreadInitThunk [0x00007FFDA2E07034+20]\n\tRtlUserThreadStart [0x00007FFDA3DA2651+33]\n\n","statusTrace":"  File \"/home/runner/.cache/pypoetry/virtualenvs/todoist-test-Iz2mgPfl-py3.11/lib/python3.11/site-packages/behave/model.py\", line 1329, in run\n    match.run(runner.context)\n  File \"/home/runner/.cache/pypoetry/virtualenvs/todoist-test-Iz2mgPfl-py3.11/lib/python3.11/site-packages/behave/matchers.py\", line 98, in run\n    self.func(context, *args, **kwargs)\n  File \"tests/ui/steps/project_steps.py\", line 25, in step_validate_the_project\n    assert context.project_page.driver.find_element(*txt_project_name).is_displayed()\n           ^^^^^^^^^^^^^^^^^^^^^^^^^^^^^^^^^^^^^^^^^^^^^^^^^^^^^^^^^^^\n  File \"/home/runner/.cache/pypoetry/virtualenvs/todoist-test-Iz2mgPfl-py3.11/lib/python3.11/site-packages/selenium/webdriver/remote/webdriver.py\", line 770, in find_element\n    return self.execute(Command.FIND_ELEMENT, {\"using\": by, \"value\": value})[\"value\"]\n           ^^^^^^^^^^^^^^^^^^^^^^^^^^^^^^^^^^^^^^^^^^^^^^^^^^^^^^^^^^^^^^^^^\n  File \"/home/runner/.cache/pypoetry/virtualenvs/todoist-test-Iz2mgPfl-py3.11/lib/python3.11/site-packages/selenium/webdriver/remote/webdriver.py\", line 384, in execute\n    self.error_handler.check_response(response)\n  File \"/home/runner/.cache/pypoetry/virtualenvs/todoist-test-Iz2mgPfl-py3.11/lib/python3.11/site-packages/selenium/webdriver/remote/errorhandler.py\", line 232, in check_response\n    raise exception_class(message, screen, stacktrace)\n","steps":[{"name":"Given the user navigates to the login page","time":{"start":1732867551095,"stop":1732867551580,"duration":485},"status":"passed","steps":[],"attachments":[],"parameters":[],"shouldDisplayMessage":false,"stepsCount":0,"attachmentsCount":0,"hasContent":false,"attachmentStep":false},{"name":"When the user logs in with valid credentials","time":{"start":1732867551580,"stop":1732867552307,"duration":727},"status":"passed","steps":[],"attachments":[],"parameters":[],"shouldDisplayMessage":false,"stepsCount":0,"attachmentsCount":0,"hasContent":false,"attachmentStep":false},{"name":"When the user click the new project button","time":{"start":1732867552307,"stop":1732867556718,"duration":4411},"status":"passed","steps":[],"attachments":[],"parameters":[],"shouldDisplayMessage":false,"stepsCount":0,"attachmentsCount":0,"hasContent":false,"attachmentStep":false},{"name":"When the user create a project","time":{"start":1732867556718,"stop":1732867560838,"duration":4120},"status":"passed","steps":[],"attachments":[],"parameters":[],"shouldDisplayMessage":false,"stepsCount":0,"attachmentsCount":0,"hasContent":false,"attachmentStep":false},{"name":"Then the user validates the project data","time":{"start":1732867560838,"stop":1732867565990,"duration":5152},"status":"broken","statusMessage":"selenium.common.exceptions.NoSuchElementException: Message: no such element: Unable to locate element: {\"method\":\"xpath\",\"selector\":\"//H1[text()='Bosnia and Herzegovina']\"}\n  (Session info: chrome=131.0.6778.70); For documentation on this error, please visit: https://www.selenium.dev/documentation/webdriver/troubleshooting/errors#no-such-element-exception\nStacktrace:\n\tGetHandleVerifier [0x00007FF7F8662775+28773]\n\t(No symbol) [0x00007FF7F85CAFB0]\n\t(No symbol) [0x00007FF7F846552A]\n\t(No symbol) [0x00007FF7F84B8EAE]\n\t(No symbol) [0x00007FF7F84B919C]\n\t(No symbol) [0x00007FF7F85023F7]\n\t(No symbol) [0x00007FF7F84DEFDF]\n\t(No symbol) [0x00007FF7F84FF1A4]\n\t(No symbol) [0x00007FF7F84DED43]\n\t(No symbol) [0x00007FF7F84AA548]\n\t(No symbol) [0x00007FF7F84AB6B1]\n\tGetHandleVerifier [0x00007FF7F898F45D+3358029]\n\tGetHandleVerifier [0x00007FF7F89A430D+3443709]\n\tGetHandleVerifier [0x00007FF7F89983FD+3394797]\n\tGetHandleVerifier [0x00007FF7F872929B+842635]\n\t(No symbol) [0x00007FF7F85D654F]\n\t(No symbol) [0x00007FF7F85D1FA4]\n\t(No symbol) [0x00007FF7F85D213D]\n\t(No symbol) [0x00007FF7F85C1629]\n\tBaseThreadInitThunk [0x00007FFDA2E07034+20]\n\tRtlUserThreadStart [0x00007FFDA3DA2651+33]\n\n","statusTrace":"  File \"/home/runner/.cache/pypoetry/virtualenvs/todoist-test-Iz2mgPfl-py3.11/lib/python3.11/site-packages/behave/model.py\", line 1329, in run\n    match.run(runner.context)\n  File \"/home/runner/.cache/pypoetry/virtualenvs/todoist-test-Iz2mgPfl-py3.11/lib/python3.11/site-packages/behave/matchers.py\", line 98, in run\n    self.func(context, *args, **kwargs)\n  File \"tests/ui/steps/project_steps.py\", line 25, in step_validate_the_project\n    assert context.project_page.driver.find_element(*txt_project_name).is_displayed()\n           ^^^^^^^^^^^^^^^^^^^^^^^^^^^^^^^^^^^^^^^^^^^^^^^^^^^^^^^^^^^\n  File \"/home/runner/.cache/pypoetry/virtualenvs/todoist-test-Iz2mgPfl-py3.11/lib/python3.11/site-packages/selenium/webdriver/remote/webdriver.py\", line 770, in find_element\n    return self.execute(Command.FIND_ELEMENT, {\"using\": by, \"value\": value})[\"value\"]\n           ^^^^^^^^^^^^^^^^^^^^^^^^^^^^^^^^^^^^^^^^^^^^^^^^^^^^^^^^^^^^^^^^^\n  File \"/home/runner/.cache/pypoetry/virtualenvs/todoist-test-Iz2mgPfl-py3.11/lib/python3.11/site-packages/selenium/webdriver/remote/webdriver.py\", line 384, in execute\n    self.error_handler.check_response(response)\n  File \"/home/runner/.cache/pypoetry/virtualenvs/todoist-test-Iz2mgPfl-py3.11/lib/python3.11/site-packages/selenium/webdriver/remote/errorhandler.py\", line 232, in check_response\n    raise exception_class(message, screen, stacktrace)\n","steps":[],"attachments":[],"parameters":[],"shouldDisplayMessage":true,"stepsCount":0,"attachmentsCount":0,"hasContent":true,"attachmentStep":false}],"attachments":[],"parameters":[],"shouldDisplayMessage":false,"stepsCount":5,"attachmentsCount":0,"hasContent":true,"attachmentStep":false},"afterStages":[],"labels":[{"name":"severity","value":"normal"},{"name":"tag","value":"project"},{"name":"feature","value":"Create a new project functionallity"},{"name":"framework","value":"behave"},{"name":"language","value":"cpython3"},{"name":"resultFormat","value":"allure2"}],"parameters":[],"links":[],"hidden":false,"retry":false,"extra":{"severity":"normal","retries":[],"categories":[{"name":"Test defects","matchedStatuses":[],"flaky":false}],"tags":["project"]},"source":"f10078b38af6d5ca.json","parameterValues":[]}