{"uid":"1e15bccf2add6eeb","name":"Create a new project","fullName":"Create a new project functionallity: Create a new project","historyId":"4f58df25b086a153a002d94d045fa8b0","time":{"start":1732867242793,"stop":1732867265284,"duration":22491},"status":"broken","statusMessage":"selenium.common.exceptions.NoSuchElementException: Message: no such element: Unable to locate element: {\"method\":\"xpath\",\"selector\":\"//H1[text()='Ethiopia']\"}\n  (Session info: chrome=131.0.6778.70); For documentation on this error, please visit: https://www.selenium.dev/documentation/webdriver/troubleshooting/errors#no-such-element-exception\nStacktrace:\n\tGetHandleVerifier [0x00007FF7728D2775+28773]\n\t(No symbol) [0x00007FF77283AFB0]\n\t(No symbol) [0x00007FF7726D552A]\n\t(No symbol) [0x00007FF772728EAE]\n\t(No symbol) [0x00007FF77272919C]\n\t(No symbol) [0x00007FF7727723F7]\n\t(No symbol) [0x00007FF77274EFDF]\n\t(No symbol) [0x00007FF77276F1A4]\n\t(No symbol) [0x00007FF77274ED43]\n\t(No symbol) [0x00007FF77271A548]\n\t(No symbol) [0x00007FF77271B6B1]\n\tGetHandleVerifier [0x00007FF772BFF45D+3358029]\n\tGetHandleVerifier [0x00007FF772C1430D+3443709]\n\tGetHandleVerifier [0x00007FF772C083FD+3394797]\n\tGetHandleVerifier [0x00007FF77299929B+842635]\n\t(No symbol) [0x00007FF77284654F]\n\t(No symbol) [0x00007FF772841FA4]\n\t(No symbol) [0x00007FF77284213D]\n\t(No symbol) [0x00007FF772831629]\n\tBaseThreadInitThunk [0x00007FFA62C57034+20]\n\tRtlUserThreadStart [0x00007FFA64322651+33]\n\n","statusTrace":"  File \"/home/runner/.cache/pypoetry/virtualenvs/todoist-test-Iz2mgPfl-py3.11/lib/python3.11/site-packages/behave/model.py\", line 1329, in run\n    match.run(runner.context)\n  File \"/home/runner/.cache/pypoetry/virtualenvs/todoist-test-Iz2mgPfl-py3.11/lib/python3.11/site-packages/behave/matchers.py\", line 98, in run\n    self.func(context, *args, **kwargs)\n  File \"tests/ui/steps/project_steps.py\", line 25, in step_validate_the_project\n    assert context.project_page.driver.find_element(*txt_project_name).is_displayed()\n           ^^^^^^^^^^^^^^^^^^^^^^^^^^^^^^^^^^^^^^^^^^^^^^^^^^^^^^^^^^^\n  File \"/home/runner/.cache/pypoetry/virtualenvs/todoist-test-Iz2mgPfl-py3.11/lib/python3.11/site-packages/selenium/webdriver/remote/webdriver.py\", line 770, in find_element\n    return self.execute(Command.FIND_ELEMENT, {\"using\": by, \"value\": value})[\"value\"]\n           ^^^^^^^^^^^^^^^^^^^^^^^^^^^^^^^^^^^^^^^^^^^^^^^^^^^^^^^^^^^^^^^^^\n  File \"/home/runner/.cache/pypoetry/virtualenvs/todoist-test-Iz2mgPfl-py3.11/lib/python3.11/site-packages/selenium/webdriver/remote/webdriver.py\", line 384, in execute\n    self.error_handler.check_response(response)\n  File \"/home/runner/.cache/pypoetry/virtualenvs/todoist-test-Iz2mgPfl-py3.11/lib/python3.11/site-packages/selenium/webdriver/remote/errorhandler.py\", line 232, in check_response\n    raise exception_class(message, screen, stacktrace)\n","flaky":false,"newFailed":false,"newBroken":false,"newPassed":false,"retriesCount":0,"retriesStatusChange":false,"beforeStages":[],"testStage":{"status":"broken","statusMessage":"selenium.common.exceptions.NoSuchElementException: Message: no such element: Unable to locate element: {\"method\":\"xpath\",\"selector\":\"//H1[text()='Ethiopia']\"}\n  (Session info: chrome=131.0.6778.70); For documentation on this error, please visit: https://www.selenium.dev/documentation/webdriver/troubleshooting/errors#no-such-element-exception\nStacktrace:\n\tGetHandleVerifier [0x00007FF7728D2775+28773]\n\t(No symbol) [0x00007FF77283AFB0]\n\t(No symbol) [0x00007FF7726D552A]\n\t(No symbol) [0x00007FF772728EAE]\n\t(No symbol) [0x00007FF77272919C]\n\t(No symbol) [0x00007FF7727723F7]\n\t(No symbol) [0x00007FF77274EFDF]\n\t(No symbol) [0x00007FF77276F1A4]\n\t(No symbol) [0x00007FF77274ED43]\n\t(No symbol) [0x00007FF77271A548]\n\t(No symbol) [0x00007FF77271B6B1]\n\tGetHandleVerifier [0x00007FF772BFF45D+3358029]\n\tGetHandleVerifier [0x00007FF772C1430D+3443709]\n\tGetHandleVerifier [0x00007FF772C083FD+3394797]\n\tGetHandleVerifier [0x00007FF77299929B+842635]\n\t(No symbol) [0x00007FF77284654F]\n\t(No symbol) [0x00007FF772841FA4]\n\t(No symbol) [0x00007FF77284213D]\n\t(No symbol) [0x00007FF772831629]\n\tBaseThreadInitThunk [0x00007FFA62C57034+20]\n\tRtlUserThreadStart [0x00007FFA64322651+33]\n\n","statusTrace":"  File \"/home/runner/.cache/pypoetry/virtualenvs/todoist-test-Iz2mgPfl-py3.11/lib/python3.11/site-packages/behave/model.py\", line 1329, in run\n    match.run(runner.context)\n  File \"/home/runner/.cache/pypoetry/virtualenvs/todoist-test-Iz2mgPfl-py3.11/lib/python3.11/site-packages/behave/matchers.py\", line 98, in run\n    self.func(context, *args, **kwargs)\n  File \"tests/ui/steps/project_steps.py\", line 25, in step_validate_the_project\n    assert context.project_page.driver.find_element(*txt_project_name).is_displayed()\n           ^^^^^^^^^^^^^^^^^^^^^^^^^^^^^^^^^^^^^^^^^^^^^^^^^^^^^^^^^^^\n  File \"/home/runner/.cache/pypoetry/virtualenvs/todoist-test-Iz2mgPfl-py3.11/lib/python3.11/site-packages/selenium/webdriver/remote/webdriver.py\", line 770, in find_element\n    return self.execute(Command.FIND_ELEMENT, {\"using\": by, \"value\": value})[\"value\"]\n           ^^^^^^^^^^^^^^^^^^^^^^^^^^^^^^^^^^^^^^^^^^^^^^^^^^^^^^^^^^^^^^^^^\n  File \"/home/runner/.cache/pypoetry/virtualenvs/todoist-test-Iz2mgPfl-py3.11/lib/python3.11/site-packages/selenium/webdriver/remote/webdriver.py\", line 384, in execute\n    self.error_handler.check_response(response)\n  File \"/home/runner/.cache/pypoetry/virtualenvs/todoist-test-Iz2mgPfl-py3.11/lib/python3.11/site-packages/selenium/webdriver/remote/errorhandler.py\", line 232, in check_response\n    raise exception_class(message, screen, stacktrace)\n","steps":[{"name":"Given the user navigates to the login page","time":{"start":1732867242793,"stop":1732867243321,"duration":528},"status":"passed","steps":[],"attachments":[],"parameters":[],"shouldDisplayMessage":false,"stepsCount":0,"attachmentsCount":0,"hasContent":false,"attachmentStep":false},{"name":"When the user logs in with valid credentials","time":{"start":1732867243321,"stop":1732867244272,"duration":951},"status":"passed","steps":[],"attachments":[],"parameters":[],"shouldDisplayMessage":false,"stepsCount":0,"attachmentsCount":0,"hasContent":false,"attachmentStep":false},{"name":"When the user click the new project button","time":{"start":1732867244273,"stop":1732867250599,"duration":6326},"status":"passed","steps":[],"attachments":[],"parameters":[],"shouldDisplayMessage":false,"stepsCount":0,"attachmentsCount":0,"hasContent":false,"attachmentStep":false},{"name":"When the user create a project","time":{"start":1732867250599,"stop":1732867260157,"duration":9558},"status":"passed","steps":[],"attachments":[],"parameters":[],"shouldDisplayMessage":false,"stepsCount":0,"attachmentsCount":0,"hasContent":false,"attachmentStep":false},{"name":"Then the user validates the project data","time":{"start":1732867260157,"stop":1732867265283,"duration":5126},"status":"broken","statusMessage":"selenium.common.exceptions.NoSuchElementException: Message: no such element: Unable to locate element: {\"method\":\"xpath\",\"selector\":\"//H1[text()='Ethiopia']\"}\n  (Session info: chrome=131.0.6778.70); For documentation on this error, please visit: https://www.selenium.dev/documentation/webdriver/troubleshooting/errors#no-such-element-exception\nStacktrace:\n\tGetHandleVerifier [0x00007FF7728D2775+28773]\n\t(No symbol) [0x00007FF77283AFB0]\n\t(No symbol) [0x00007FF7726D552A]\n\t(No symbol) [0x00007FF772728EAE]\n\t(No symbol) [0x00007FF77272919C]\n\t(No symbol) [0x00007FF7727723F7]\n\t(No symbol) [0x00007FF77274EFDF]\n\t(No symbol) [0x00007FF77276F1A4]\n\t(No symbol) [0x00007FF77274ED43]\n\t(No symbol) [0x00007FF77271A548]\n\t(No symbol) [0x00007FF77271B6B1]\n\tGetHandleVerifier [0x00007FF772BFF45D+3358029]\n\tGetHandleVerifier [0x00007FF772C1430D+3443709]\n\tGetHandleVerifier [0x00007FF772C083FD+3394797]\n\tGetHandleVerifier [0x00007FF77299929B+842635]\n\t(No symbol) [0x00007FF77284654F]\n\t(No symbol) [0x00007FF772841FA4]\n\t(No symbol) [0x00007FF77284213D]\n\t(No symbol) [0x00007FF772831629]\n\tBaseThreadInitThunk [0x00007FFA62C57034+20]\n\tRtlUserThreadStart [0x00007FFA64322651+33]\n\n","statusTrace":"  File \"/home/runner/.cache/pypoetry/virtualenvs/todoist-test-Iz2mgPfl-py3.11/lib/python3.11/site-packages/behave/model.py\", line 1329, in run\n    match.run(runner.context)\n  File \"/home/runner/.cache/pypoetry/virtualenvs/todoist-test-Iz2mgPfl-py3.11/lib/python3.11/site-packages/behave/matchers.py\", line 98, in run\n    self.func(context, *args, **kwargs)\n  File \"tests/ui/steps/project_steps.py\", line 25, in step_validate_the_project\n    assert context.project_page.driver.find_element(*txt_project_name).is_displayed()\n           ^^^^^^^^^^^^^^^^^^^^^^^^^^^^^^^^^^^^^^^^^^^^^^^^^^^^^^^^^^^\n  File \"/home/runner/.cache/pypoetry/virtualenvs/todoist-test-Iz2mgPfl-py3.11/lib/python3.11/site-packages/selenium/webdriver/remote/webdriver.py\", line 770, in find_element\n    return self.execute(Command.FIND_ELEMENT, {\"using\": by, \"value\": value})[\"value\"]\n           ^^^^^^^^^^^^^^^^^^^^^^^^^^^^^^^^^^^^^^^^^^^^^^^^^^^^^^^^^^^^^^^^^\n  File \"/home/runner/.cache/pypoetry/virtualenvs/todoist-test-Iz2mgPfl-py3.11/lib/python3.11/site-packages/selenium/webdriver/remote/webdriver.py\", line 384, in execute\n    self.error_handler.check_response(response)\n  File \"/home/runner/.cache/pypoetry/virtualenvs/todoist-test-Iz2mgPfl-py3.11/lib/python3.11/site-packages/selenium/webdriver/remote/errorhandler.py\", line 232, in check_response\n    raise exception_class(message, screen, stacktrace)\n","steps":[],"attachments":[],"parameters":[],"shouldDisplayMessage":true,"stepsCount":0,"attachmentsCount":0,"hasContent":true,"attachmentStep":false}],"attachments":[],"parameters":[],"shouldDisplayMessage":false,"stepsCount":5,"attachmentsCount":0,"hasContent":true,"attachmentStep":false},"afterStages":[],"labels":[{"name":"severity","value":"normal"},{"name":"tag","value":"project"},{"name":"feature","value":"Create a new project functionallity"},{"name":"framework","value":"behave"},{"name":"language","value":"cpython3"},{"name":"resultFormat","value":"allure2"}],"parameters":[],"links":[],"hidden":false,"retry":false,"extra":{"severity":"normal","retries":[],"categories":[{"name":"Test defects","matchedStatuses":[],"flaky":false}],"tags":["project"]},"source":"1e15bccf2add6eeb.json","parameterValues":[]}