{"uid":"e853d7d6dab0058f","name":"Create a new task -- @1.1 ","fullName":"Create a new task functionallity: Create a new task","historyId":"8a771a5082802af253ff19f7d6ade175","time":{"start":1732867239641,"stop":1732867242811,"duration":3170},"status":"broken","statusMessage":"selenium.common.exceptions.ElementClickInterceptedException: Message: element click intercepted: Element <button type=\"button\" aria-hidden=\"false\" data-supports-active-task=\"true\" class=\"plus_add_button\">...</button> is not clickable at point (722, 515). Other element would receive the click: <div class=\"view_content\" data-empty-view=\"false\">...</div>\n  (Session info: chrome=131.0.6778.70)\nStacktrace:\n0   chromedriver                        0x0000000100bc1548 cxxbridge1$str$ptr + 3618920\n1   chromedriver                        0x0000000100bb9d98 cxxbridge1$str$ptr + 3588280\n2   chromedriver                        0x00000001006289c4 cxxbridge1$string$len + 89228\n3   chromedriver                        0x000000010067263c cxxbridge1$string$len + 391428\n4   chromedriver                        0x0000000100670c8c cxxbridge1$string$len + 384852\n5   chromedriver                        0x000000010066ebd0 cxxbridge1$string$len + 376472\n6   chromedriver                        0x000000010066e008 cxxbridge1$string$len + 373456\n7   chromedriver                        0x00000001006634cc cxxbridge1$string$len + 329620\n8   chromedriver                        0x0000000100662f20 cxxbridge1$string$len + 328168\n9   chromedriver                        0x00000001006a654c cxxbridge1$string$len + 604180\n10  chromedriver                        0x00000001006615c0 cxxbridge1$string$len + 321672\n11  chromedriver                        0x0000000100662210 cxxbridge1$string$len + 324824\n12  chromedriver                        0x0000000100b8d4bc cxxbridge1$str$ptr + 3405788\n13  chromedriver                        0x0000000100b907dc cxxbridge1$str$ptr + 3418876\n14  chromedriver                        0x0000000100b74130 cxxbridge1$str$ptr + 3302480\n15  chromedriver                        0x0000000100b9109c cxxbridge1$str$ptr + 3421116\n16  chromedriver                        0x0000000100b65888 cxxbridge1$str$ptr + 3242920\n17  chromedriver                        0x0000000100baa9c8 cxxbridge1$str$ptr + 3525864\n18  chromedriver                        0x0000000100baab44 cxxbridge1$str$ptr + 3526244\n19  chromedriver                        0x0000000100bb9a0c cxxbridge1$str$ptr + 3587372\n20  libsystem_pthread.dylib             0x000000019b4472e4 _pthread_start + 136\n21  libsystem_pthread.dylib             0x000000019b4420fc thread_start + 8\n\n","statusTrace":"  File \"/home/runner/.cache/pypoetry/virtualenvs/todoist-test-Iz2mgPfl-py3.11/lib/python3.11/site-packages/behave/model.py\", line 1329, in run\n    match.run(runner.context)\n  File \"/home/runner/.cache/pypoetry/virtualenvs/todoist-test-Iz2mgPfl-py3.11/lib/python3.11/site-packages/behave/matchers.py\", line 98, in run\n    self.func(context, *args, **kwargs)\n  File \"tests/ui/steps/task_steps.py\", line 11, in step_click_the_add_task_button\n    context.task_page.click_add_task_button()\n  File \"/home/runner/work/todoist-testing/todoist-testing/tests/ui/pages/task_page.py\", line 57, in click_add_task_button\n    self.driver.find_element(*self.btn_add_task).click()\n  File \"/home/runner/.cache/pypoetry/virtualenvs/todoist-test-Iz2mgPfl-py3.11/lib/python3.11/site-packages/selenium/webdriver/remote/webelement.py\", line 94, in click\n    self._execute(Command.CLICK_ELEMENT)\n  File \"/home/runner/.cache/pypoetry/virtualenvs/todoist-test-Iz2mgPfl-py3.11/lib/python3.11/site-packages/selenium/webdriver/remote/webelement.py\", line 395, in _execute\n    return self._parent.execute(command, params)\n           ^^^^^^^^^^^^^^^^^^^^^^^^^^^^^^^^^^^^^\n  File \"/home/runner/.cache/pypoetry/virtualenvs/todoist-test-Iz2mgPfl-py3.11/lib/python3.11/site-packages/selenium/webdriver/remote/webdriver.py\", line 384, in execute\n    self.error_handler.check_response(response)\n  File \"/home/runner/.cache/pypoetry/virtualenvs/todoist-test-Iz2mgPfl-py3.11/lib/python3.11/site-packages/selenium/webdriver/remote/errorhandler.py\", line 232, in check_response\n    raise exception_class(message, screen, stacktrace)\n","flaky":false,"newFailed":false,"newBroken":false,"newPassed":false,"retriesCount":0,"retriesStatusChange":false,"beforeStages":[],"testStage":{"status":"broken","statusMessage":"selenium.common.exceptions.ElementClickInterceptedException: Message: element click intercepted: Element <button type=\"button\" aria-hidden=\"false\" data-supports-active-task=\"true\" class=\"plus_add_button\">...</button> is not clickable at point (722, 515). Other element would receive the click: <div class=\"view_content\" data-empty-view=\"false\">...</div>\n  (Session info: chrome=131.0.6778.70)\nStacktrace:\n0   chromedriver                        0x0000000100bc1548 cxxbridge1$str$ptr + 3618920\n1   chromedriver                        0x0000000100bb9d98 cxxbridge1$str$ptr + 3588280\n2   chromedriver                        0x00000001006289c4 cxxbridge1$string$len + 89228\n3   chromedriver                        0x000000010067263c cxxbridge1$string$len + 391428\n4   chromedriver                        0x0000000100670c8c cxxbridge1$string$len + 384852\n5   chromedriver                        0x000000010066ebd0 cxxbridge1$string$len + 376472\n6   chromedriver                        0x000000010066e008 cxxbridge1$string$len + 373456\n7   chromedriver                        0x00000001006634cc cxxbridge1$string$len + 329620\n8   chromedriver                        0x0000000100662f20 cxxbridge1$string$len + 328168\n9   chromedriver                        0x00000001006a654c cxxbridge1$string$len + 604180\n10  chromedriver                        0x00000001006615c0 cxxbridge1$string$len + 321672\n11  chromedriver                        0x0000000100662210 cxxbridge1$string$len + 324824\n12  chromedriver                        0x0000000100b8d4bc cxxbridge1$str$ptr + 3405788\n13  chromedriver                        0x0000000100b907dc cxxbridge1$str$ptr + 3418876\n14  chromedriver                        0x0000000100b74130 cxxbridge1$str$ptr + 3302480\n15  chromedriver                        0x0000000100b9109c cxxbridge1$str$ptr + 3421116\n16  chromedriver                        0x0000000100b65888 cxxbridge1$str$ptr + 3242920\n17  chromedriver                        0x0000000100baa9c8 cxxbridge1$str$ptr + 3525864\n18  chromedriver                        0x0000000100baab44 cxxbridge1$str$ptr + 3526244\n19  chromedriver                        0x0000000100bb9a0c cxxbridge1$str$ptr + 3587372\n20  libsystem_pthread.dylib             0x000000019b4472e4 _pthread_start + 136\n21  libsystem_pthread.dylib             0x000000019b4420fc thread_start + 8\n\n","statusTrace":"  File \"/home/runner/.cache/pypoetry/virtualenvs/todoist-test-Iz2mgPfl-py3.11/lib/python3.11/site-packages/behave/model.py\", line 1329, in run\n    match.run(runner.context)\n  File \"/home/runner/.cache/pypoetry/virtualenvs/todoist-test-Iz2mgPfl-py3.11/lib/python3.11/site-packages/behave/matchers.py\", line 98, in run\n    self.func(context, *args, **kwargs)\n  File \"tests/ui/steps/task_steps.py\", line 11, in step_click_the_add_task_button\n    context.task_page.click_add_task_button()\n  File \"/home/runner/work/todoist-testing/todoist-testing/tests/ui/pages/task_page.py\", line 57, in click_add_task_button\n    self.driver.find_element(*self.btn_add_task).click()\n  File \"/home/runner/.cache/pypoetry/virtualenvs/todoist-test-Iz2mgPfl-py3.11/lib/python3.11/site-packages/selenium/webdriver/remote/webelement.py\", line 94, in click\n    self._execute(Command.CLICK_ELEMENT)\n  File \"/home/runner/.cache/pypoetry/virtualenvs/todoist-test-Iz2mgPfl-py3.11/lib/python3.11/site-packages/selenium/webdriver/remote/webelement.py\", line 395, in _execute\n    return self._parent.execute(command, params)\n           ^^^^^^^^^^^^^^^^^^^^^^^^^^^^^^^^^^^^^\n  File \"/home/runner/.cache/pypoetry/virtualenvs/todoist-test-Iz2mgPfl-py3.11/lib/python3.11/site-packages/selenium/webdriver/remote/webdriver.py\", line 384, in execute\n    self.error_handler.check_response(response)\n  File \"/home/runner/.cache/pypoetry/virtualenvs/todoist-test-Iz2mgPfl-py3.11/lib/python3.11/site-packages/selenium/webdriver/remote/errorhandler.py\", line 232, in check_response\n    raise exception_class(message, screen, stacktrace)\n","steps":[{"name":"Given the user navigates to the login page","time":{"start":1732867239641,"stop":1732867239870,"duration":229},"status":"passed","steps":[],"attachments":[],"parameters":[],"shouldDisplayMessage":false,"stepsCount":0,"attachmentsCount":0,"hasContent":false,"attachmentStep":false},{"name":"When the user logs in with valid credentials","time":{"start":1732867239871,"stop":1732867240478,"duration":607},"status":"passed","steps":[],"attachments":[],"parameters":[],"shouldDisplayMessage":false,"stepsCount":0,"attachmentsCount":0,"hasContent":false,"attachmentStep":false},{"name":"When the user click the add task button","time":{"start":1732867240478,"stop":1732867242810,"duration":2332},"status":"broken","statusMessage":"selenium.common.exceptions.ElementClickInterceptedException: Message: element click intercepted: Element <button type=\"button\" aria-hidden=\"false\" data-supports-active-task=\"true\" class=\"plus_add_button\">...</button> is not clickable at point (722, 515). Other element would receive the click: <div class=\"view_content\" data-empty-view=\"false\">...</div>\n  (Session info: chrome=131.0.6778.70)\nStacktrace:\n0   chromedriver                        0x0000000100bc1548 cxxbridge1$str$ptr + 3618920\n1   chromedriver                        0x0000000100bb9d98 cxxbridge1$str$ptr + 3588280\n2   chromedriver                        0x00000001006289c4 cxxbridge1$string$len + 89228\n3   chromedriver                        0x000000010067263c cxxbridge1$string$len + 391428\n4   chromedriver                        0x0000000100670c8c cxxbridge1$string$len + 384852\n5   chromedriver                        0x000000010066ebd0 cxxbridge1$string$len + 376472\n6   chromedriver                        0x000000010066e008 cxxbridge1$string$len + 373456\n7   chromedriver                        0x00000001006634cc cxxbridge1$string$len + 329620\n8   chromedriver                        0x0000000100662f20 cxxbridge1$string$len + 328168\n9   chromedriver                        0x00000001006a654c cxxbridge1$string$len + 604180\n10  chromedriver                        0x00000001006615c0 cxxbridge1$string$len + 321672\n11  chromedriver                        0x0000000100662210 cxxbridge1$string$len + 324824\n12  chromedriver                        0x0000000100b8d4bc cxxbridge1$str$ptr + 3405788\n13  chromedriver                        0x0000000100b907dc cxxbridge1$str$ptr + 3418876\n14  chromedriver                        0x0000000100b74130 cxxbridge1$str$ptr + 3302480\n15  chromedriver                        0x0000000100b9109c cxxbridge1$str$ptr + 3421116\n16  chromedriver                        0x0000000100b65888 cxxbridge1$str$ptr + 3242920\n17  chromedriver                        0x0000000100baa9c8 cxxbridge1$str$ptr + 3525864\n18  chromedriver                        0x0000000100baab44 cxxbridge1$str$ptr + 3526244\n19  chromedriver                        0x0000000100bb9a0c cxxbridge1$str$ptr + 3587372\n20  libsystem_pthread.dylib             0x000000019b4472e4 _pthread_start + 136\n21  libsystem_pthread.dylib             0x000000019b4420fc thread_start + 8\n\n","statusTrace":"  File \"/home/runner/.cache/pypoetry/virtualenvs/todoist-test-Iz2mgPfl-py3.11/lib/python3.11/site-packages/behave/model.py\", line 1329, in run\n    match.run(runner.context)\n  File \"/home/runner/.cache/pypoetry/virtualenvs/todoist-test-Iz2mgPfl-py3.11/lib/python3.11/site-packages/behave/matchers.py\", line 98, in run\n    self.func(context, *args, **kwargs)\n  File \"tests/ui/steps/task_steps.py\", line 11, in step_click_the_add_task_button\n    context.task_page.click_add_task_button()\n  File \"/home/runner/work/todoist-testing/todoist-testing/tests/ui/pages/task_page.py\", line 57, in click_add_task_button\n    self.driver.find_element(*self.btn_add_task).click()\n  File \"/home/runner/.cache/pypoetry/virtualenvs/todoist-test-Iz2mgPfl-py3.11/lib/python3.11/site-packages/selenium/webdriver/remote/webelement.py\", line 94, in click\n    self._execute(Command.CLICK_ELEMENT)\n  File \"/home/runner/.cache/pypoetry/virtualenvs/todoist-test-Iz2mgPfl-py3.11/lib/python3.11/site-packages/selenium/webdriver/remote/webelement.py\", line 395, in _execute\n    return self._parent.execute(command, params)\n           ^^^^^^^^^^^^^^^^^^^^^^^^^^^^^^^^^^^^^\n  File \"/home/runner/.cache/pypoetry/virtualenvs/todoist-test-Iz2mgPfl-py3.11/lib/python3.11/site-packages/selenium/webdriver/remote/webdriver.py\", line 384, in execute\n    self.error_handler.check_response(response)\n  File \"/home/runner/.cache/pypoetry/virtualenvs/todoist-test-Iz2mgPfl-py3.11/lib/python3.11/site-packages/selenium/webdriver/remote/errorhandler.py\", line 232, in check_response\n    raise exception_class(message, screen, stacktrace)\n","steps":[],"attachments":[],"parameters":[],"shouldDisplayMessage":true,"stepsCount":0,"attachmentsCount":0,"hasContent":true,"attachmentStep":false},{"name":"When the user creates \"2\" tasks","time":{"start":1732867242811,"stop":1732867242811,"duration":0},"status":"skipped","steps":[],"attachments":[],"parameters":[],"shouldDisplayMessage":false,"stepsCount":0,"attachmentsCount":0,"hasContent":false,"attachmentStep":false}],"attachments":[],"parameters":[],"shouldDisplayMessage":false,"stepsCount":4,"attachmentsCount":0,"hasContent":true,"attachmentStep":false},"afterStages":[],"labels":[{"name":"severity","value":"normal"},{"name":"tag","value":"task"},{"name":"feature","value":"Create a new task functionallity"},{"name":"framework","value":"behave"},{"name":"language","value":"cpython3"},{"name":"resultFormat","value":"allure2"}],"parameters":[{"name":"number","value":"2"}],"links":[],"hidden":false,"retry":false,"extra":{"severity":"normal","retries":[],"categories":[{"name":"Test defects","matchedStatuses":[],"flaky":false}],"tags":["task"]},"source":"e853d7d6dab0058f.json","parameterValues":["2"]}